01/11/19 08:43 [AWT-EventQueue-0]  WARN net.sf.jasperreports.engine.export.GenericElementHandlerEnviroment:148 - Found two generic element handler bundles for namespace http://jasperreports.sourceforge.net/jasperreports
01/11/19 08:43 [AWT-EventQueue-0]  WARN net.sf.jasperreports.engine.export.GenericElementHandlerEnviroment:148 - Found two generic element handler bundles for namespace http://jasperreports.sourceforge.net/jasperreports
01/11/19 08:43 [AWT-EventQueue-0]  WARN net.sf.jasperreports.engine.export.GenericElementHandlerEnviroment:148 - Found two generic element handler bundles for namespace http://jasperreports.sourceforge.net/jasperreports
01/11/19 08:43 [AWT-EventQueue-0]  WARN net.sf.jasperreports.engine.export.GenericElementHandlerEnviroment:148 - Found two generic element handler bundles for namespace http://jasperreports.sourceforge.net/jasperreports
01/11/19 08:45 [AWT-EventQueue-0]  WARN net.sf.jasperreports.engine.export.GenericElementHandlerEnviroment:148 - Found two generic element handler bundles for namespace http://jasperreports.sourceforge.net/jasperreports
01/11/19 08:45 [AWT-EventQueue-0]  WARN net.sf.jasperreports.engine.export.GenericElementHandlerEnviroment:148 - Found two generic element handler bundles for namespace http://jasperreports.sourceforge.net/jasperreports
01/11/19 08:45 [AWT-EventQueue-0]  WARN net.sf.jasperreports.engine.export.GenericElementHandlerEnviroment:148 - Found two generic element handler bundles for namespace http://jasperreports.sourceforge.net/jasperreports
01/11/19 08:45 [AWT-EventQueue-0]  WARN net.sf.jasperreports.engine.export.GenericElementHandlerEnviroment:148 - Found two generic element handler bundles for namespace http://jasperreports.sourceforge.net/jasperreports
01/11/19 08:45 [AWT-EventQueue-0]  WARN net.sf.jasperreports.engine.export.GenericElementHandlerEnviroment:148 - Found two generic element handler bundles for namespace http://jasperreports.sourceforge.net/jasperreports
01/11/19 08:45 [AWT-EventQueue-0]  WARN net.sf.jasperreports.engine.export.GenericElementHandlerEnviroment:148 - Found two generic element handler bundles for namespace http://jasperreports.sourceforge.net/jasperreports
01/11/19 08:45 [AWT-EventQueue-0]  WARN net.sf.jasperreports.engine.export.GenericElementHandlerEnviroment:148 - Found two generic element handler bundles for namespace http://jasperreports.sourceforge.net/jasperreports
01/11/19 08:45 [AWT-EventQueue-0]  WARN net.sf.jasperreports.engine.export.GenericElementHandlerEnviroment:148 - Found two generic element handler bundles for namespace http://jasperreports.sourceforge.net/jasperreports
01/11/19 08:45 [AWT-EventQueue-0]  WARN net.sf.jasperreports.engine.export.GenericElementHandlerEnviroment:148 - Found two generic element handler bundles for namespace http://jasperreports.sourceforge.net/jasperreports
01/11/19 08:45 [AWT-EventQueue-0]  WARN net.sf.jasperreports.engine.export.GenericElementHandlerEnviroment:148 - Found two generic element handler bundles for namespace http://jasperreports.sourceforge.net/jasperreports
01/11/19 08:45 [AWT-EventQueue-0]  WARN net.sf.jasperreports.engine.export.GenericElementHandlerEnviroment:148 - Found two generic element handler bundles for namespace http://jasperreports.sourceforge.net/jasperreports
01/11/19 08:45 [AWT-EventQueue-0]  WARN net.sf.jasperreports.engine.export.GenericElementHandlerEnviroment:148 - Found two generic element handler bundles for namespace http://jasperreports.sourceforge.net/jasperreports
01/11/19 08:45 [AWT-EventQueue-0]  WARN net.sf.jasperreports.engine.export.GenericElementHandlerEnviroment:148 - Found two generic element handler bundles for namespace http://jasperreports.sourceforge.net/jasperreports
01/11/19 08:45 [AWT-EventQueue-0]  WARN net.sf.jasperreports.engine.export.GenericElementHandlerEnviroment:148 - Found two generic element handler bundles for namespace http://jasperreports.sourceforge.net/jasperreports
01/11/19 08:45 [AWT-EventQueue-0]  WARN net.sf.jasperreports.engine.export.GenericElementHandlerEnviroment:148 - Found two generic element handler bundles for namespace http://jasperreports.sourceforge.net/jasperreports
01/11/19 08:45 [AWT-EventQueue-0]  WARN net.sf.jasperreports.engine.export.GenericElementHandlerEnviroment:148 - Found two generic element handler bundles for namespace http://jasperreports.sourceforge.net/jasperreports
01/11/19 08:45 [AWT-EventQueue-0]  WARN net.sf.jasperreports.engine.export.GenericElementHandlerEnviroment:148 - Found two generic element handler bundles for namespace http://jasperreports.sourceforge.net/jasperreports
01/11/19 08:45 [AWT-EventQueue-0]  WARN net.sf.jasperreports.engine.export.GenericElementHandlerEnviroment:148 - Found two generic element handler bundles for namespace http://jasperreports.sourceforge.net/jasperreports
01/11/19 08:49 [AWT-EventQueue-0]  WARN net.sf.jasperreports.engine.export.GenericElementHandlerEnviroment:148 - Found two generic element handler bundles for namespace http://jasperreports.sourceforge.net/jasperreports
01/11/19 08:49 [AWT-EventQueue-0]  WARN net.sf.jasperreports.engine.export.GenericElementHandlerEnviroment:148 - Found two generic element handler bundles for namespace http://jasperreports.sourceforge.net/jasperreports
01/11/19 08:49 [AWT-EventQueue-0]  WARN net.sf.jasperreports.engine.export.GenericElementHandlerEnviroment:148 - Found two generic element handler bundles for namespace http://jasperreports.sourceforge.net/jasperreports
01/11/19 08:49 [AWT-EventQueue-0]  WARN net.sf.jasperreports.engine.export.GenericElementHandlerEnviroment:148 - Found two generic element handler bundles for namespace http://jasperreports.sourceforge.net/jasperreports
01/11/19 08:49 [AWT-EventQueue-0]  WARN net.sf.jasperreports.engine.export.GenericElementHandlerEnviroment:148 - Found two generic element handler bundles for namespace http://jasperreports.sourceforge.net/jasperreports
01/11/19 08:49 [AWT-EventQueue-0]  WARN net.sf.jasperreports.engine.export.GenericElementHandlerEnviroment:148 - Found two generic element handler bundles for namespace http://jasperreports.sourceforge.net/jasperreports
01/11/19 08:51 [AWT-EventQueue-0]  WARN bac.com.br.hibernate.utils.Loggin:23 - realizou a impressão da ata1233
01/11/19 11:00 [main] ERROR org.docx4j.jaxb.Context:102 - Cannot initialize context
javax.xml.bind.JAXBException: Provider com.sun.xml.internal.bind.v2.ContextFactory could not be instantiated: javax.xml.bind.JAXBException: "org.plutext.jaxb.xmldsig" não contém ObjectFactory.class ou jaxb.index
 - with linked exception:
[javax.xml.bind.JAXBException: "org.plutext.jaxb.xmldsig" não contém ObjectFactory.class ou jaxb.index]
	at javax.xml.bind.ContextFinder.newInstance(ContextFinder.java:146)
	at javax.xml.bind.ContextFinder.find(ContextFinder.java:356)
	at javax.xml.bind.JAXBContext.newInstance(JAXBContext.java:431)
	at javax.xml.bind.JAXBContext.newInstance(JAXBContext.java:394)
	at org.docx4j.jaxb.Context.<clinit>(Context.java:97)
	at org.docx4j.openpackaging.parts.JaxbXmlPart.<init>(JaxbXmlPart.java:79)
	at org.docx4j.openpackaging.parts.JaxbXmlPartXPathAware.<init>(JaxbXmlPartXPathAware.java:64)
	at org.docx4j.openpackaging.parts.WordprocessingML.DocumentPart.<init>(DocumentPart.java:157)
	at org.docx4j.openpackaging.parts.WordprocessingML.MainDocumentPart.<init>(MainDocumentPart.java:76)
	at org.docx4j.openpackaging.packages.WordprocessingMLPackage.createPackage(WordprocessingMLPackage.java:432)
	at org.docx4j.openpackaging.packages.WordprocessingMLPackage.createPackage(WordprocessingMLPackage.java:421)
	at bac.com.br.hibernate.modulo.avaliacao.word.impressao_word.createdoc(impressao_word.java:67)
	at bac.com.br.hibernate.modulo.avaliacao.word.teste.main(teste.java:21)
Caused by: javax.xml.bind.JAXBException: "org.plutext.jaxb.xmldsig" não contém ObjectFactory.class ou jaxb.index
	at com.sun.xml.internal.bind.v2.ContextFactory.createContext(ContextFactory.java:266)
	at sun.reflect.NativeMethodAccessorImpl.invoke0(Native Method)
	at sun.reflect.NativeMethodAccessorImpl.invoke(NativeMethodAccessorImpl.java:62)
	at sun.reflect.DelegatingMethodAccessorImpl.invoke(DelegatingMethodAccessorImpl.java:43)
	at java.lang.reflect.Method.invoke(Method.java:498)
	at javax.xml.bind.ContextFinder.newInstance(ContextFinder.java:171)
	at javax.xml.bind.ContextFinder.newInstance(ContextFinder.java:131)
	... 12 more
01/11/19 11:00 [main] ERROR org.docx4j.XmlUtils:222 - Warning: Xalan jar missing from classpath; xslt not supported
javax.xml.transform.TransformerFactoryConfigurationError: Provider org.apache.xalan.processor.TransformerFactoryImpl not found
	at javax.xml.transform.FactoryFinder.newInstance(FactoryFinder.java:181)
	at javax.xml.transform.FactoryFinder.find(FactoryFinder.java:216)
	at javax.xml.transform.TransformerFactory.newInstance(TransformerFactory.java:106)
	at org.docx4j.XmlUtils.instantiateTransformerFactory(XmlUtils.java:209)
	at org.docx4j.XmlUtils.<clinit>(XmlUtils.java:120)
	at org.docx4j.openpackaging.parts.JaxbXmlPart.unmarshal(JaxbXmlPart.java:235)
	at org.docx4j.openpackaging.parts.WordprocessingML.StyleDefinitionsPart.unmarshalDefaultStyles(StyleDefinitionsPart.java:131)
	at org.docx4j.openpackaging.packages.WordprocessingMLPackage.createPackage(WordprocessingMLPackage.java:460)
	at org.docx4j.openpackaging.packages.WordprocessingMLPackage.createPackage(WordprocessingMLPackage.java:421)
	at bac.com.br.hibernate.modulo.avaliacao.word.impressao_word.createdoc(impressao_word.java:67)
	at bac.com.br.hibernate.modulo.avaliacao.word.teste.main(teste.java:21)
Caused by: java.lang.ClassNotFoundException: org/apache/xalan/processor/TransformerFactoryImpl
	at java.lang.Class.forName0(Native Method)
	at java.lang.Class.forName(Class.java:348)
	at javax.xml.transform.FactoryFinder.getProviderClass(FactoryFinder.java:127)
	at javax.xml.transform.FactoryFinder.newInstance(FactoryFinder.java:168)
	... 10 more
01/11/19 11:00 [main]  WARN org.docx4j.XmlUtils:152 - Using default SAXParserFactory: null
01/11/19 11:00 [main]  WARN org.docx4j.XmlUtils:185 - Using default DocumentBuilderFactory: null
01/11/19 11:11 [main] ERROR org.docx4j.jaxb.Context:102 - Cannot initialize context
javax.xml.bind.JAXBException: Provider com.sun.xml.internal.bind.v2.ContextFactory could not be instantiated: javax.xml.bind.JAXBException: "org.plutext.jaxb.xmldsig" não contém ObjectFactory.class ou jaxb.index
 - with linked exception:
[javax.xml.bind.JAXBException: "org.plutext.jaxb.xmldsig" não contém ObjectFactory.class ou jaxb.index]
	at javax.xml.bind.ContextFinder.newInstance(ContextFinder.java:146)
	at javax.xml.bind.ContextFinder.find(ContextFinder.java:356)
	at javax.xml.bind.JAXBContext.newInstance(JAXBContext.java:431)
	at javax.xml.bind.JAXBContext.newInstance(JAXBContext.java:394)
	at org.docx4j.jaxb.Context.<clinit>(Context.java:97)
	at org.docx4j.openpackaging.parts.JaxbXmlPart.<init>(JaxbXmlPart.java:79)
	at org.docx4j.openpackaging.parts.JaxbXmlPartXPathAware.<init>(JaxbXmlPartXPathAware.java:64)
	at org.docx4j.openpackaging.parts.WordprocessingML.DocumentPart.<init>(DocumentPart.java:157)
	at org.docx4j.openpackaging.parts.WordprocessingML.MainDocumentPart.<init>(MainDocumentPart.java:76)
	at org.docx4j.openpackaging.packages.WordprocessingMLPackage.createPackage(WordprocessingMLPackage.java:432)
	at org.docx4j.openpackaging.packages.WordprocessingMLPackage.createPackage(WordprocessingMLPackage.java:421)
	at bac.com.br.hibernate.modulo.avaliacao.word.impressao_word.createdoc(impressao_word.java:67)
	at bac.com.br.hibernate.modulo.avaliacao.word.teste.main(teste.java:21)
Caused by: javax.xml.bind.JAXBException: "org.plutext.jaxb.xmldsig" não contém ObjectFactory.class ou jaxb.index
	at com.sun.xml.internal.bind.v2.ContextFactory.createContext(ContextFactory.java:266)
	at sun.reflect.NativeMethodAccessorImpl.invoke0(Native Method)
	at sun.reflect.NativeMethodAccessorImpl.invoke(NativeMethodAccessorImpl.java:62)
	at sun.reflect.DelegatingMethodAccessorImpl.invoke(DelegatingMethodAccessorImpl.java:43)
	at java.lang.reflect.Method.invoke(Method.java:498)
	at javax.xml.bind.ContextFinder.newInstance(ContextFinder.java:171)
	at javax.xml.bind.ContextFinder.newInstance(ContextFinder.java:131)
	... 12 more
01/11/19 11:11 [main] ERROR org.docx4j.XmlUtils:222 - Warning: Xalan jar missing from classpath; xslt not supported
javax.xml.transform.TransformerFactoryConfigurationError: Provider org.apache.xalan.processor.TransformerFactoryImpl not found
	at javax.xml.transform.FactoryFinder.newInstance(FactoryFinder.java:181)
	at javax.xml.transform.FactoryFinder.find(FactoryFinder.java:216)
	at javax.xml.transform.TransformerFactory.newInstance(TransformerFactory.java:106)
	at org.docx4j.XmlUtils.instantiateTransformerFactory(XmlUtils.java:209)
	at org.docx4j.XmlUtils.<clinit>(XmlUtils.java:120)
	at org.docx4j.openpackaging.parts.JaxbXmlPart.unmarshal(JaxbXmlPart.java:235)
	at org.docx4j.openpackaging.parts.WordprocessingML.StyleDefinitionsPart.unmarshalDefaultStyles(StyleDefinitionsPart.java:131)
	at org.docx4j.openpackaging.packages.WordprocessingMLPackage.createPackage(WordprocessingMLPackage.java:460)
	at org.docx4j.openpackaging.packages.WordprocessingMLPackage.createPackage(WordprocessingMLPackage.java:421)
	at bac.com.br.hibernate.modulo.avaliacao.word.impressao_word.createdoc(impressao_word.java:67)
	at bac.com.br.hibernate.modulo.avaliacao.word.teste.main(teste.java:21)
Caused by: java.lang.ClassNotFoundException: org/apache/xalan/processor/TransformerFactoryImpl
	at java.lang.Class.forName0(Native Method)
	at java.lang.Class.forName(Class.java:348)
	at javax.xml.transform.FactoryFinder.getProviderClass(FactoryFinder.java:127)
	at javax.xml.transform.FactoryFinder.newInstance(FactoryFinder.java:168)
	... 10 more
01/11/19 11:11 [main]  WARN org.docx4j.XmlUtils:152 - Using default SAXParserFactory: null
01/11/19 11:11 [main]  WARN org.docx4j.XmlUtils:185 - Using default DocumentBuilderFactory: null
05/11/19 14:32 [AWT-EventQueue-0]  WARN bac.com.br.hibernate.utils.Loggin:23 - realisado login com o usuario 9020
05/11/19 14:33 [AWT-EventQueue-0]  WARN bac.com.br.hibernate.utils.Loggin:23 - alterado cadastro de um novo colaborador com o id413 com os itens:JOSE FELIPE DE SOUZA;9028;Thu Mar 01 00:00:00 BRT 2018;Tue Mar 20 00:00:00 BRT 2018;bac.com.br.hibernate.entidade.Funcao[ id=63 ]
07/11/19 17:28 [AWT-EventQueue-0]  WARN bac.com.br.hibernate.utils.Loggin:23 - realisado login com o usuario 9020
08/11/19 11:48 [AWT-EventQueue-0]  WARN bac.com.br.hibernate.utils.Loggin:23 - realisado login com o usuario 9020
11/11/19 14:33 [AWT-EventQueue-0]  WARN bac.com.br.hibernate.utils.Loggin:23 - realisado login com o usuario 9020
11/11/19 14:46 [AWT-EventQueue-0]  WARN bac.com.br.hibernate.utils.Loggin:23 - alterado cadastro de um novo colaborador com o id313 com os itens:VALDIVINO DE OLIVEIRA FILHO;8139;Tue Jan 02 00:00:00 BRST 1996;Mon Mar 20 00:00:00 BRT 1972;bac.com.br.hibernate.entidade.Funcao[ id=130 ]
13/11/19 15:33 [AWT-EventQueue-0]  WARN bac.com.br.hibernate.utils.Loggin:23 - realisado login com o usuario 9020
13/11/19 15:36 [AWT-EventQueue-0]  WARN bac.com.br.hibernate.utils.Loggin:23 - realisado login com o usuario 9020
13/11/19 15:43 [AWT-EventQueue-0]  WARN bac.com.br.hibernate.utils.Loggin:23 - realisado login com o usuario 9020
13/11/19 15:47 [AWT-EventQueue-0]  WARN bac.com.br.hibernate.utils.Loggin:23 - realisado login com o usuario 9020
13/11/19 15:58 [AWT-EventQueue-0]  WARN bac.com.br.hibernate.utils.Loggin:23 - realisado login com o usuario 9020
13/11/19 16:02 [AWT-EventQueue-0]  WARN bac.com.br.hibernate.utils.Loggin:23 - realisado login com o usuario 9020
13/11/19 16:05 [AWT-EventQueue-0]  WARN bac.com.br.hibernate.utils.Loggin:23 - realisado login com o usuario 9020
13/11/19 16:06 [AWT-EventQueue-0]  WARN bac.com.br.hibernate.utils.Loggin:23 - realisado login com o usuario 9020
13/11/19 16:09 [AWT-EventQueue-0]  WARN bac.com.br.hibernate.utils.Loggin:23 - realisado login com o usuario 9020
13/11/19 16:16 [AWT-EventQueue-0]  WARN bac.com.br.hibernate.utils.Loggin:23 - realisado login com o usuario 9020
13/11/19 17:43 [AWT-EventQueue-0]  WARN bac.com.br.hibernate.utils.Loggin:23 - realisado login com o usuario 9020
13/11/19 17:50 [AWT-EventQueue-0]  WARN bac.com.br.hibernate.utils.Loggin:23 - realisado login com o usuario 9020
13/11/19 17:53 [AWT-EventQueue-0]  WARN bac.com.br.hibernate.utils.Loggin:23 - realisado login com o usuario 9020
13/11/19 17:57 [AWT-EventQueue-0]  WARN bac.com.br.hibernate.utils.Loggin:23 - realisado login com o usuario 9020
13/11/19 17:59 [AWT-EventQueue-0]  WARN bac.com.br.hibernate.utils.Loggin:23 - realisado login com o usuario 9020
14/11/19 08:08 [AWT-EventQueue-0]  WARN org.hibernate.engine.jdbc.internal.JdbcServicesImpl:169 - HHH000342: Could not obtain connection to query metadata : Communications link failure

The last packet sent successfully to the server was 0 milliseconds ago. The driver has not received any packets from the server.
14/11/19 08:12 [AWT-EventQueue-0]  WARN bac.com.br.hibernate.utils.Loggin:23 - realisado login com o usuario 9020
14/11/19 08:19 [AWT-EventQueue-0]  WARN bac.com.br.hibernate.utils.Loggin:23 - realisado login com o usuario 9020
14/11/19 08:26 [AWT-EventQueue-0]  WARN bac.com.br.hibernate.utils.Loggin:23 - realisado login com o usuario 9020
14/11/19 08:29 [AWT-EventQueue-0]  WARN bac.com.br.hibernate.utils.Loggin:23 - realisado login com o usuario 9020
14/11/19 08:49 [AWT-EventQueue-0]  WARN bac.com.br.hibernate.utils.Loggin:23 - realisado login com o usuario 9020
14/11/19 08:54 [AWT-EventQueue-0]  WARN bac.com.br.hibernate.utils.Loggin:23 - realisado login com o usuario 9020
14/11/19 08:57 [AWT-EventQueue-0]  WARN bac.com.br.hibernate.utils.Loggin:23 - realisado login com o usuario 9020
14/11/19 08:59 [AWT-EventQueue-0]  WARN bac.com.br.hibernate.utils.Loggin:23 - realisado login com o usuario 9020
14/11/19 09:29 [AWT-EventQueue-0]  WARN bac.com.br.hibernate.utils.Loggin:23 - realisado login com o usuario 9020
14/11/19 09:33 [AWT-EventQueue-0]  WARN bac.com.br.hibernate.utils.Loggin:23 - realisado login com o usuario 9020
14/11/19 09:37 [AWT-EventQueue-0]  WARN bac.com.br.hibernate.utils.Loggin:23 - realisado login com o usuario 9020
14/11/19 09:40 [AWT-EventQueue-0]  WARN bac.com.br.hibernate.utils.Loggin:23 - realisado login com o usuario 9020
14/11/19 09:45 [AWT-EventQueue-0]  WARN bac.com.br.hibernate.utils.Loggin:23 - realisado login com o usuario 9020
14/11/19 09:49 [AWT-EventQueue-0]  WARN bac.com.br.hibernate.utils.Loggin:23 - realisado login com o usuario 9020
14/11/19 09:52 [AWT-EventQueue-0]  WARN bac.com.br.hibernate.utils.Loggin:23 - realisado login com o usuario 9020
14/11/19 09:59 [AWT-EventQueue-0]  WARN bac.com.br.hibernate.utils.Loggin:23 - realisado login com o usuario 9020
14/11/19 10:06 [AWT-EventQueue-0]  WARN bac.com.br.hibernate.utils.Loggin:23 - realisado login com o usuario 9020
14/11/19 10:17 [AWT-EventQueue-0]  WARN bac.com.br.hibernate.utils.Loggin:23 - realisado login com o usuario 9020
14/11/19 10:21 [AWT-EventQueue-0]  WARN bac.com.br.hibernate.utils.Loggin:23 - realisado login com o usuario 9020
14/11/19 10:23 [AWT-EventQueue-0]  WARN bac.com.br.hibernate.utils.Loggin:23 - realisado login com o usuario 9020
14/11/19 16:15 [AWT-EventQueue-0]  WARN bac.com.br.hibernate.utils.Loggin:23 - realisado login com o usuario 9020
14/11/19 16:20 [AWT-EventQueue-0]  WARN bac.com.br.hibernate.utils.Loggin:23 - realisado login com o usuario 9020
14/11/19 16:23 [AWT-EventQueue-0]  WARN bac.com.br.hibernate.utils.Loggin:23 - realisado login com o usuario 9020
14/11/19 16:28 [AWT-EventQueue-0]  WARN bac.com.br.hibernate.utils.Loggin:23 - realisado login com o usuario 9020
14/11/19 16:33 [AWT-EventQueue-0]  WARN bac.com.br.hibernate.utils.Loggin:23 - realisado login com o usuario 9020
14/11/19 16:45 [AWT-EventQueue-0]  WARN bac.com.br.hibernate.utils.Loggin:23 - realisado login com o usuario 9020
14/11/19 18:01 [AWT-EventQueue-0]  WARN bac.com.br.hibernate.utils.Loggin:23 - realisado login com o usuario 9020
14/11/19 18:03 [AWT-EventQueue-0]  WARN bac.com.br.hibernate.utils.Loggin:23 - realisado login com o usuario 9020
14/11/19 18:06 [AWT-EventQueue-0]  WARN bac.com.br.hibernate.utils.Loggin:23 - realisado login com o usuario 9020
18/11/19 10:29 [AWT-EventQueue-0]  WARN bac.com.br.hibernate.utils.Loggin:23 - realisado login com o usuario 9020
18/11/19 11:45 [AWT-EventQueue-0]  WARN bac.com.br.hibernate.utils.Loggin:23 - realisado login com o usuario 9020
18/11/19 12:05 [AWT-EventQueue-0]  WARN bac.com.br.hibernate.utils.Loggin:23 - realisado login com o usuario 9020
18/11/19 12:10 [AWT-EventQueue-0]  WARN bac.com.br.hibernate.utils.Loggin:23 - realisado login com o usuario 9020
18/11/19 12:19 [AWT-EventQueue-0]  WARN bac.com.br.hibernate.utils.Loggin:23 - realisado login com o usuario 9020
18/11/19 12:29 [AWT-EventQueue-0]  WARN bac.com.br.hibernate.utils.Loggin:23 - realisado login com o usuario 9020
18/11/19 12:32 [AWT-EventQueue-0]  WARN bac.com.br.hibernate.utils.Loggin:23 - realisado login com o usuario 9020
18/11/19 14:40 [AWT-EventQueue-0]  WARN bac.com.br.hibernate.utils.Loggin:23 - realisado login com o usuario 9020
18/11/19 14:46 [AWT-EventQueue-0]  WARN bac.com.br.hibernate.utils.Loggin:23 - realisado login com o usuario 9020
18/11/19 14:52 [AWT-EventQueue-0]  WARN bac.com.br.hibernate.utils.Loggin:23 - realisado login com o usuario 9020
18/11/19 14:59 [AWT-EventQueue-0]  WARN bac.com.br.hibernate.utils.Loggin:23 - realisado login com o usuario 9020
18/11/19 15:20 [AWT-EventQueue-0]  WARN bac.com.br.hibernate.utils.Loggin:23 - realisado login com o usuario 9020
18/11/19 15:23 [AWT-EventQueue-0]  WARN bac.com.br.hibernate.utils.Loggin:23 - realisado login com o usuario 9020
18/11/19 18:15 [AWT-EventQueue-0]  WARN bac.com.br.hibernate.utils.Loggin:23 - realisado login com o usuario 9020
19/11/19 08:20 [AWT-EventQueue-0]  WARN bac.com.br.hibernate.utils.Loggin:23 - realisado login com o usuario 9020
19/11/19 09:58 [AWT-EventQueue-0]  WARN bac.com.br.hibernate.utils.Loggin:23 - realisado login com o usuario 9020
20/11/19 16:29 [AWT-EventQueue-0]  WARN bac.com.br.hibernate.utils.Loggin:23 - realisado login com o usuario 9020
20/11/19 16:37 [AWT-EventQueue-0]  WARN bac.com.br.hibernate.utils.Loggin:23 - realisado login com o usuario 9020
20/11/19 16:54 [AWT-EventQueue-0]  WARN bac.com.br.hibernate.utils.Loggin:23 - criado cadastro de um novo documento com o id151 com os itens:ZELADOR;bac.com.br.hibernate.entidade.Setor[ id=15 ]
20/11/19 17:01 [AWT-EventQueue-0]  WARN bac.com.br.hibernate.utils.Loggin:23 - criado cadastro de um novo documento com o id141 com os itens:Aux. Escritório;bac.com.br.hibernate.entidade.Setor[ id=6 ]
20/11/19 17:10 [AWT-EventQueue-0]  WARN bac.com.br.hibernate.utils.Loggin:23 - criado cadastro de um novo documento com o id49 com os itens:Torneiro Mecanico;bac.com.br.hibernate.entidade.Setor[ id=28 ]
20/11/19 17:11 [AWT-EventQueue-0]  WARN bac.com.br.hibernate.utils.Loggin:23 - criado cadastro de um novo documento com o id32 com os itens:MEC USI TERM A1;bac.com.br.hibernate.entidade.Setor[ id=27 ]
20/11/19 17:11 [AWT-EventQueue-0]  WARN bac.com.br.hibernate.utils.Loggin:23 - criado cadastro de um novo documento com o id31 com os itens:MEC USI TERM A3;bac.com.br.hibernate.entidade.Setor[ id=27 ]
20/11/19 17:11 [AWT-EventQueue-0]  WARN bac.com.br.hibernate.utils.Loggin:23 - criado cadastro de um novo documento com o id103 com os itens:MEC. USI. TERM A2;bac.com.br.hibernate.entidade.Setor[ id=27 ]
20/11/19 17:11 [AWT-EventQueue-0]  WARN bac.com.br.hibernate.utils.Loggin:23 - criado cadastro de um novo documento com o id104 com os itens:MEC. USI. TERM. B2;bac.com.br.hibernate.entidade.Setor[ id=27 ]
20/11/19 17:11 [AWT-EventQueue-0]  WARN bac.com.br.hibernate.utils.Loggin:23 - criado cadastro de um novo documento com o id27 com os itens:MEC. USI. TERM. C1;bac.com.br.hibernate.entidade.Setor[ id=27 ]
20/11/19 17:26 [AWT-EventQueue-0]  WARN bac.com.br.hibernate.utils.Loggin:23 - realisado login com o usuario 9020
20/11/19 17:29 [AWT-EventQueue-0]  WARN bac.com.br.hibernate.utils.Loggin:23 - realisado login com o usuario 9020
20/11/19 17:32 [AWT-EventQueue-0]  WARN bac.com.br.hibernate.utils.Loggin:23 - realisado login com o usuario 9020
20/11/19 17:35 [AWT-EventQueue-0]  WARN bac.com.br.hibernate.utils.Loggin:23 - realisado login com o usuario 9020
20/11/19 17:36 [AWT-EventQueue-0]  WARN bac.com.br.hibernate.utils.Loggin:23 - realisado login com o usuario 9020
22/11/19 11:12 [AWT-EventQueue-0]  WARN bac.com.br.hibernate.utils.Loggin:23 - realisado login com o usuario 9020
22/11/19 11:20 [AWT-EventQueue-0]  WARN bac.com.br.hibernate.utils.Loggin:23 - criado cadastro de um novo colaborador com o id443 com os itens:Antonio Alves Ferreira;5557;Wed Feb 01 00:00:00 BRT 1984;Thu Jul 25 00:00:00 BRT 1957;bac.com.br.hibernate.entidade.Funcao[ id=135 ]
22/11/19 11:32 [AWT-EventQueue-0]  WARN bac.com.br.hibernate.utils.Loggin:23 - alterado cadastro de um novo colaborador com o id443 com os itens:Antonio Alves Ferreira;5557;Wed Feb 01 00:00:00 BRT 1984;Thu Jul 25 00:00:00 BRT 1957;bac.com.br.hibernate.entidade.Funcao[ id=135 ]
22/11/19 11:34 [AWT-EventQueue-0]  WARN bac.com.br.hibernate.utils.Loggin:23 - realisado login com o usuario 9020
22/11/19 11:35 [AWT-EventQueue-0]  WARN bac.com.br.hibernate.utils.Loggin:23 - alterado cadastro de um novo colaborador com o id443 com os itens:Antonio Alves Ferreira;5557;Wed Feb 01 00:00:00 BRT 1984;Thu Jul 25 00:00:00 BRT 1957;bac.com.br.hibernate.entidade.Funcao[ id=92 ]
22/11/19 11:37 [AWT-EventQueue-0]  WARN bac.com.br.hibernate.utils.Loggin:23 - alterado cadastro de um novo colaborador com o id443 com os itens:Antonio Alves Ferreira;5557;Wed Feb 01 00:00:00 BRT 1984;Thu Jul 25 00:00:00 BRT 1957;bac.com.br.hibernate.entidade.Funcao[ id=169 ]
22/11/19 11:42 [AWT-EventQueue-0]  WARN bac.com.br.hibernate.utils.Loggin:23 - realisado login com o usuario 9020
22/11/19 14:57 [AWT-EventQueue-0]  WARN bac.com.br.hibernate.utils.Loggin:23 - realisado login com o usuario 9020
22/11/19 15:03 [AWT-EventQueue-0]  WARN bac.com.br.hibernate.utils.Loggin:23 - criado cadastro de um novo colaborador com o id444 com os itens:Marcelo Soares;6365;Wed Mar 11 00:00:00 BRT 1987;Sun Dec 21 00:00:00 BRT 1969;bac.com.br.hibernate.entidade.Funcao[ id=135 ]
22/11/19 15:15 [AWT-EventQueue-0]  WARN bac.com.br.hibernate.utils.Loggin:23 - realisado login com o usuario 9020
22/11/19 15:50 [AWT-EventQueue-0]  WARN bac.com.br.hibernate.utils.Loggin:23 - criado cadastro de um novo colaborador com o id445 com os itens:SEBASTIÃO APARECIDO DE SOUZA;8033;Mon Feb 14 00:00:00 BRT 1194;Sun Jun 29 00:00:00 BRT 1969;bac.com.br.hibernate.entidade.Funcao[ id=135 ]
22/11/19 15:52 [AWT-EventQueue-0]  WARN bac.com.br.hibernate.utils.Loggin:23 - alterado cadastro de um novo colaborador com o id445 com os itens:SEBASTIÃO APARECIDO DE SOUZA;8033;Mon Feb 14 00:00:00 BRT 1194;Sun Jun 29 00:00:00 BRT 1969;bac.com.br.hibernate.entidade.Funcao[ id=131 ]
22/11/19 15:53 [AWT-EventQueue-0]  WARN bac.com.br.hibernate.utils.Loggin:23 - realisado login com o usuario 9020
22/11/19 15:58 [AWT-EventQueue-0]  WARN bac.com.br.hibernate.utils.Loggin:23 - realisado login com o usuario 9020
22/11/19 16:29 [AWT-EventQueue-0]  WARN bac.com.br.hibernate.utils.Loggin:23 - criado cadastro de um novo documento com o id172 com os itens:Auxiliar Topografo;bac.com.br.hibernate.entidade.Setor[ id=15 ]
22/11/19 16:30 [AWT-EventQueue-0]  WARN bac.com.br.hibernate.utils.Loggin:23 - criado cadastro de um novo documento com o id173 com os itens:Ajudante Topografo Subsolo;bac.com.br.hibernate.entidade.Setor[ id=15 ]
22/11/19 16:33 [AWT-EventQueue-0]  WARN bac.com.br.hibernate.utils.Loggin:23 - criado cadastro de um novo documento com o id172 com os itens:Auxiliar Topografo;bac.com.br.hibernate.entidade.Setor[ id=15 ]
22/11/19 16:39 [AWT-EventQueue-0]  WARN bac.com.br.hibernate.utils.Loggin:23 - criado cadastro de um novo documento com o id173 com os itens:Ajudante Topografo Subsolo;bac.com.br.hibernate.entidade.Setor[ id=15 ]
22/11/19 16:44 [AWT-EventQueue-0]  WARN bac.com.br.hibernate.utils.Loggin:23 - alterado cadastro de uma nova funçao com o id173 com os itens:Ajudante Topografo Subsolo;bac.com.br.hibernate.entidade.Setor[ id=15 ]
22/11/19 16:45 [AWT-EventQueue-0]  WARN bac.com.br.hibernate.utils.Loggin:23 - alterado cadastro de uma nova funçao com o id172 com os itens:Auxiliar Topografo;bac.com.br.hibernate.entidade.Setor[ id=15 ]
22/11/19 16:46 [AWT-EventQueue-0]  WARN bac.com.br.hibernate.utils.Loggin:23 - alterado cadastro de uma nova funçao com o id172 com os itens:Auxiliar Topografo;bac.com.br.hibernate.entidade.Setor[ id=15 ]
22/11/19 16:46 [AWT-EventQueue-0]  WARN bac.com.br.hibernate.utils.Loggin:23 - criado cadastro de um novo documento com o id173 com os itens:Ajudante Topografo Subsolo;bac.com.br.hibernate.entidade.Setor[ id=15 ]
22/11/19 17:28 [AWT-EventQueue-0]  WARN bac.com.br.hibernate.utils.Loggin:23 - alterado cadastro de uma nova funçao com o id172 com os itens:Auxiliar Topografo;bac.com.br.hibernate.entidade.Setor[ id=15 ]
22/11/19 17:44 [AWT-EventQueue-0]  WARN bac.com.br.hibernate.utils.Loggin:23 - alterado cadastro de uma nova funçao com o id134 com os itens:SERVENTE DE SUPERFICIE;bac.com.br.hibernate.entidade.Setor[ id=9 ]
22/11/19 17:54 [AWT-EventQueue-0]  WARN bac.com.br.hibernate.utils.Loggin:23 - realisado login com o usuario 9020
22/11/19 17:55 [AWT-EventQueue-0]  WARN bac.com.br.hibernate.utils.Loggin:23 - alterado cadastro de um novo colaborador com o id445 com os itens:SEBASTIÃO APARECIDO DE SOUZA;8033;Mon Feb 14 00:00:00 BRT 1194;Sun Jun 29 00:00:00 BRT 1969;bac.com.br.hibernate.entidade.Funcao[ id=134 ]
22/11/19 17:57 [AWT-EventQueue-0]  WARN bac.com.br.hibernate.utils.Loggin:23 - alterado cadastro de um novo colaborador com o id445 com os itens:SEBASTIÃO APARECIDO DE SOUZA;8033;Mon Feb 14 00:00:00 BRT 1194;Sun Jun 29 00:00:00 BRT 1969;bac.com.br.hibernate.entidade.Funcao[ id=135 ]
22/11/19 17:58 [AWT-EventQueue-0]  WARN bac.com.br.hibernate.utils.Loggin:23 - alterado cadastro de um novo colaborador com o id445 com os itens:SEBASTIÃO APARECIDO DE SOUZA;8033;Mon Feb 14 00:00:00 BRT 1194;Sun Jun 29 00:00:00 BRT 1969;bac.com.br.hibernate.entidade.Funcao[ id=172 ]
22/11/19 17:58 [AWT-EventQueue-0]  WARN bac.com.br.hibernate.utils.Loggin:23 - alterado cadastro de um novo colaborador com o id445 com os itens:SEBASTIÃO APARECIDO DE SOUZA;8033;Mon Feb 14 00:00:00 BRT 1194;Sun Jun 29 00:00:00 BRT 1969;bac.com.br.hibernate.entidade.Funcao[ id=173 ]
25/11/19 09:26 [AWT-EventQueue-0]  WARN bac.com.br.hibernate.utils.Loggin:23 - realisado login com o usuario 9020
25/11/19 10:06 [AWT-EventQueue-0]  WARN bac.com.br.hibernate.utils.Loggin:23 - realisado login com o usuario 9020
25/11/19 14:46 [AWT-EventQueue-0]  WARN bac.com.br.hibernate.utils.Loggin:23 - realisado login com o usuario 9020
25/11/19 15:37 [AWT-EventQueue-0]  WARN bac.com.br.hibernate.utils.Loggin:23 - realisado login com o usuario 9020
27/11/19 15:57 [AWT-EventQueue-0]  WARN bac.com.br.hibernate.utils.Loggin:23 - realisado login com o usuario 9020
28/11/19 14:32 [AWT-EventQueue-0]  WARN bac.com.br.hibernate.utils.Loggin:23 - realisado login com o usuario 9020
28/11/19 14:36 [AWT-EventQueue-0]  WARN bac.com.br.hibernate.utils.Loggin:23 - criado cadastro de um novo colaborador com o id446 com os itens:Nicola Martins Neto;6645;Fri Oct 30 00:00:00 BRST 1987;Tue Jan 31 00:00:00 BRST 1967;bac.com.br.hibernate.entidade.Funcao[ id=166 ]
28/11/19 14:43 [AWT-EventQueue-0]  WARN bac.com.br.hibernate.utils.Loggin:23 - realisado login com o usuario 9020
29/11/19 09:26 [AWT-EventQueue-0]  WARN bac.com.br.hibernate.utils.Loggin:23 - realisado login com o usuario 9020
29/11/19 09:29 [AWT-EventQueue-0]  WARN bac.com.br.hibernate.utils.Loggin:23 - criado cadastro de um novo colaborador com o id447 com os itens:Manoel Alves da Silva;7747;Sat Dec 28 00:00:00 BRST 1991;Sat May 26 00:00:00 BRT 1962;bac.com.br.hibernate.entidade.Funcao[ id=130 ]
29/11/19 09:31 [AWT-EventQueue-0]  WARN bac.com.br.hibernate.utils.Loggin:23 - realisado login com o usuario 9020
02/12/19 12:08 [AWT-EventQueue-0]  WARN bac.com.br.hibernate.utils.Loggin:23 - realisado login com o usuario 9020
03/12/19 08:26 [AWT-EventQueue-0]  WARN bac.com.br.hibernate.utils.Loggin:23 - realisado login com o usuario 9020
05/12/19 15:53 [AWT-EventQueue-0]  WARN bac.com.br.hibernate.utils.Loggin:23 - realisado login com o usuario 9020
05/12/19 16:19 [AWT-EventQueue-0]  WARN bac.com.br.hibernate.utils.Loggin:23 - alterado cadastro de um novo colaborador com o id160 com os itens:JOSE CARLOS MACHADO;5998;Fri Jan 10 00:00:00 BRST 1986;Sun May 03 00:00:00 BRT 1970;bac.com.br.hibernate.entidade.Funcao[ id=1 ]
05/12/19 16:21 [AWT-EventQueue-0]  WARN bac.com.br.hibernate.utils.Loggin:23 - alterado cadastro de um novo colaborador com o id22 com os itens:AMARILDO APARECIDO PEREIRA;6190;Sat Sep 13 00:00:00 BRT 1986;Wed Aug 27 00:00:00 BRT 1969;bac.com.br.hibernate.entidade.Funcao[ id=108 ]
05/12/19 16:26 [AWT-EventQueue-0]  WARN bac.com.br.hibernate.utils.Loggin:23 - alterado cadastro de um novo colaborador com o id180 com os itens:LEONI LOURENCO DA SILVA;6938;Tue Jun 07 00:00:00 BRT 1988;Sat Dec 20 00:00:00 BRT 1969;bac.com.br.hibernate.entidade.Funcao[ id=84 ]
05/12/19 16:26 [AWT-EventQueue-0]  WARN bac.com.br.hibernate.utils.Loggin:23 - alterado cadastro de um novo colaborador com o id60 com os itens:CLAUDINEI FERREIRA BUENO;7202;Mon Feb 20 00:00:00 BRT 1989;Sun Jan 26 00:00:00 BRST 1964;bac.com.br.hibernate.entidade.Funcao[ id=109 ]
05/12/19 16:27 [AWT-EventQueue-0]  WARN bac.com.br.hibernate.utils.Loggin:23 - alterado cadastro de um novo colaborador com o id56 com os itens:CICERO SEBASTIAO SANTOS DE SOUZA;7244;Fri Jun 16 00:00:00 BRT 1989;Thu Jan 20 00:00:00 BRT 1972;bac.com.br.hibernate.entidade.Funcao[ id=49 ]
05/12/19 16:37 [AWT-EventQueue-0]  WARN bac.com.br.hibernate.utils.Loggin:23 - alterado cadastro de um novo colaborador com o id294 com os itens:SIDNEI GONCALVES DE ARAUJO;7996;Fri Dec 03 00:00:00 BRST 1993;Sat Aug 03 00:00:00 BRT 1974;bac.com.br.hibernate.entidade.Funcao[ id=43 ]
05/12/19 16:38 [AWT-EventQueue-0]  WARN bac.com.br.hibernate.utils.Loggin:23 - alterado cadastro de um novo colaborador com o id198 com os itens:MACIR EVARISTO DA SILVA;8091;Sat Oct 07 00:00:00 BRT 1995;Fri Sep 04 00:00:00 BRT 1964;bac.com.br.hibernate.entidade.Funcao[ id=41 ]
05/12/19 16:39 [AWT-EventQueue-0]  WARN bac.com.br.hibernate.utils.Loggin:23 - alterado cadastro de um novo colaborador com o id155 com os itens:JORGE VIEIRA DE CARVALHO;8155;Wed Jan 31 00:00:00 BRST 1996;Sun Feb 04 00:00:00 BRT 1973;bac.com.br.hibernate.entidade.Funcao[ id=38 ]
05/12/19 16:39 [AWT-EventQueue-0]  WARN bac.com.br.hibernate.utils.Loggin:23 - alterado cadastro de um novo colaborador com o id99 com os itens:EVERALDO APARECIDO RIBEIRO;8190;Fri May 10 00:00:00 BRT 1996;Sat Apr 10 00:00:00 BRT 1976;bac.com.br.hibernate.entidade.Funcao[ id=58 ]
05/12/19 16:40 [AWT-EventQueue-0]  WARN bac.com.br.hibernate.utils.Loggin:23 - alterado cadastro de um novo colaborador com o id78 com os itens:EDAIL MORILLO VIGIL;8236;Mon Apr 14 00:00:00 BRT 1975;Sun Dec 14 00:00:00 BRT 1975;bac.com.br.hibernate.entidade.Funcao[ id=50 ]
05/12/19 16:41 [AWT-EventQueue-0]  WARN bac.com.br.hibernate.utils.Loggin:23 - alterado cadastro de um novo colaborador com o id77 com os itens:DOUGLAS MATOS DA SILVA;8272;Wed Nov 13 00:00:00 BRST 1996;Wed Nov 13 00:00:00 BRST 1996;bac.com.br.hibernate.entidade.Funcao[ id=43 ]
05/12/19 16:50 [AWT-EventQueue-0]  WARN bac.com.br.hibernate.utils.Loggin:23 - realisado login com o usuario 9020
05/12/19 16:54 [AWT-EventQueue-0]  WARN bac.com.br.hibernate.utils.Loggin:23 - alterado cadastro de um novo colaborador com o id37 com os itens:APARECIDO FELIPE DE SANTANA;8338;Mon Feb 03 00:00:00 BRST 1997;Mon Aug 10 00:00:00 BRT 1953;bac.com.br.hibernate.entidade.Funcao[ id=57 ]
05/12/19 16:55 [AWT-EventQueue-0]  WARN bac.com.br.hibernate.utils.Loggin:23 - alterado cadastro de um novo colaborador com o id321 com os itens:VILMAR XAVIER;8362;Wed Jan 19 00:00:00 BRST 2000;Tue Oct 15 00:00:00 BRT 1974;bac.com.br.hibernate.entidade.Funcao[ id=12 ]
05/12/19 16:55 [AWT-EventQueue-0]  WARN bac.com.br.hibernate.utils.Loggin:23 - alterado cadastro de um novo colaborador com o id279 com os itens:RONILDO NELSON MONTEIRO;8363;Wed Jan 19 00:00:00 BRST 2000;Wed Jan 29 00:00:00 BRT 1969;bac.com.br.hibernate.entidade.Funcao[ id=13 ]
05/12/19 16:56 [AWT-EventQueue-0]  WARN bac.com.br.hibernate.utils.Loggin:23 - alterado cadastro de um novo colaborador com o id113 com os itens:GILBERTO LOURENCO DA SILVA;8382;Tue Apr 11 00:00:00 BRT 2000;Tue Sep 30 00:00:00 BRT 1975;bac.com.br.hibernate.entidade.Funcao[ id=38 ]
05/12/19 16:57 [AWT-EventQueue-0]  WARN bac.com.br.hibernate.utils.Loggin:23 - alterado cadastro de um novo colaborador com o id153 com os itens:JORGE SINHALA JUNIOR;8420;Tue Jun 13 00:00:00 BRT 2000;Sat Jun 02 00:00:00 BRT 1979;bac.com.br.hibernate.entidade.Funcao[ id=84 ]
05/12/19 16:58 [AWT-EventQueue-0]  WARN bac.com.br.hibernate.utils.Loggin:23 - alterado cadastro de um novo colaborador com o id4 com os itens:ADONITO DE SOUZA BRITO;8448;Tue Jul 18 00:00:00 BRT 2000;Sun Nov 28 00:00:00 BRT 1976;bac.com.br.hibernate.entidade.Funcao[ id=84 ]
05/12/19 17:01 [AWT-EventQueue-0]  WARN bac.com.br.hibernate.utils.Loggin:23 - alterado cadastro de um novo colaborador com o id4 com os itens:ADONITO DE SOUZA BRITO;8448;Mon Apr 02 00:00:00 BRT 2001;Sun Aug 01 00:00:00 BRT 1976;bac.com.br.hibernate.entidade.Funcao[ id=84 ]
05/12/19 17:02 [AWT-EventQueue-0]  WARN bac.com.br.hibernate.utils.Loggin:23 - alterado cadastro de um novo colaborador com o id135 com os itens:JOAO CARLOS CONSOLO;8484;Mon Jan 08 00:00:00 BRST 1990;Sat Oct 12 00:00:00 BRT 1968;bac.com.br.hibernate.entidade.Funcao[ id=14 ]
05/12/19 17:03 [AWT-EventQueue-0]  WARN bac.com.br.hibernate.utils.Loggin:23 - alterado cadastro de um novo colaborador com o id218 com os itens:MARIA JOSE CLARO;8487;Mon Aug 03 00:00:00 BRT 1992;Thu Jan 29 00:00:00 BRST 1953;bac.com.br.hibernate.entidade.Funcao[ id=107 ]
05/12/19 17:21 [AWT-EventQueue-0]  WARN bac.com.br.hibernate.utils.Loggin:23 - alterado cadastro de um novo colaborador com o id290 com os itens:SERGIO LUIZ CARNEIRO;8494;Tue Aug 25 00:00:00 BRT 1998;Thu Feb 27 00:00:00 BRT 1969;bac.com.br.hibernate.entidade.Funcao[ id=50 ]
05/12/19 17:23 [AWT-EventQueue-0]  WARN bac.com.br.hibernate.utils.Loggin:23 - alterado cadastro de um novo colaborador com o id84 com os itens:EDNEI DA SILVA GASQUES;8522;Fri Jul 12 00:00:00 BRT 2002;Wed Jan 16 00:00:00 BRT 1974;bac.com.br.hibernate.entidade.Funcao[ id=72 ]
05/12/19 17:25 [AWT-EventQueue-0]  WARN bac.com.br.hibernate.utils.Loggin:23 - alterado cadastro de um novo colaborador com o id138 com os itens:JOAO EDGAR CAMARGO;8529;Wed Sep 16 00:00:00 BRT 1998;Mon Jun 26 00:00:00 BRT 1967;bac.com.br.hibernate.entidade.Funcao[ id=5 ]
05/12/19 17:25 [AWT-EventQueue-0]  WARN bac.com.br.hibernate.utils.Loggin:23 - alterado cadastro de um novo colaborador com o id280 com os itens:ROSILDO DE SOUZA BERNARDES;8531;Tue Oct 01 00:00:00 BRT 2002;Thu Dec 17 00:00:00 BRT 1981;bac.com.br.hibernate.entidade.Funcao[ id=60 ]
05/12/19 17:26 [AWT-EventQueue-0]  WARN bac.com.br.hibernate.utils.Loggin:23 - alterado cadastro de um novo colaborador com o id200 com os itens:MAIK ELDER DOS SANTOS;8532;Mon Oct 07 00:00:00 BRT 2002;Sun Jul 15 00:00:00 BRT 1984;bac.com.br.hibernate.entidade.Funcao[ id=67 ]
05/12/19 17:26 [AWT-EventQueue-0]  WARN bac.com.br.hibernate.utils.Loggin:23 - alterado cadastro de um novo colaborador com o id25 com os itens:ANDERSON DE JESUS SILVA;8546;Thu Jan 09 00:00:00 BRST 2003;Fri Nov 23 00:00:00 BRT 1979;bac.com.br.hibernate.entidade.Funcao[ id=68 ]
05/12/19 17:34 [AWT-EventQueue-0]  WARN bac.com.br.hibernate.utils.Loggin:23 - alterado cadastro de um novo colaborador com o id111 com os itens:GILBERTO AUGUSTO CENRA;8547;Mon Jan 06 00:00:00 BRST 2003;Mon Oct 28 00:00:00 BRT 1974;bac.com.br.hibernate.entidade.Funcao[ id=57 ]
05/12/19 17:35 [AWT-EventQueue-0]  WARN bac.com.br.hibernate.utils.Loggin:23 - alterado cadastro de um novo colaborador com o id203 com os itens:MARCELO PAES DE CAMARGO;8548;Mon Jan 06 00:00:00 BRST 2003;Thu Feb 05 00:00:00 BRT 1981;bac.com.br.hibernate.entidade.Funcao[ id=60 ]
05/12/19 17:36 [AWT-EventQueue-0]  WARN bac.com.br.hibernate.utils.Loggin:23 - alterado cadastro de um novo colaborador com o id183 com os itens:LOURIVAL JOSE JORGE;8557;Tue Jul 15 00:00:00 BRT 2003;Sat May 24 00:00:00 BRT 1980;bac.com.br.hibernate.entidade.Funcao[ id=42 ]
05/12/19 17:37 [AWT-EventQueue-0]  WARN bac.com.br.hibernate.utils.Loggin:23 - alterado cadastro de um novo colaborador com o id33 com os itens:ANTONIO DARIO NETO;8559;Tue Jul 15 00:00:00 BRT 2003;Mon Aug 19 00:00:00 BRT 1968;bac.com.br.hibernate.entidade.Funcao[ id=72 ]
05/12/19 17:37 [AWT-EventQueue-0]  WARN bac.com.br.hibernate.utils.Loggin:23 - alterado cadastro de um novo colaborador com o id100 com os itens:EVERALDO RODRIGUES;8560;Tue Jul 15 00:00:00 BRT 2003;Sat Oct 14 00:00:00 BRT 1972;bac.com.br.hibernate.entidade.Funcao[ id=94 ]
05/12/19 17:38 [AWT-EventQueue-0]  WARN bac.com.br.hibernate.utils.Loggin:23 - alterado cadastro de um novo colaborador com o id285 com os itens:SANDRO DOS SANTOS CARVALHO;8563;Wed Mar 24 00:00:00 BRT 2004;Sat Feb 16 00:00:00 BRT 1980;bac.com.br.hibernate.entidade.Funcao[ id=7 ]
05/12/19 17:39 [AWT-EventQueue-0]  WARN bac.com.br.hibernate.utils.Loggin:23 - alterado cadastro de um novo colaborador com o id249 com os itens:PEDRO PAULO DA SILVA;8567;Thu Sep 01 00:00:00 BRT 1988;Thu Jul 07 00:00:00 BRT 1966;bac.com.br.hibernate.entidade.Funcao[ id=69 ]
05/12/19 17:40 [AWT-EventQueue-0]  WARN bac.com.br.hibernate.utils.Loggin:23 - alterado cadastro de um novo colaborador com o id174 com os itens:JUVENIL NOVELO;8582;Wed May 26 00:00:00 BRT 2004;Sat Sep 05 00:00:00 BRT 1981;bac.com.br.hibernate.entidade.Funcao[ id=54 ]
05/12/19 18:16 [AWT-EventQueue-0]  WARN bac.com.br.hibernate.utils.Loggin:23 - alterado cadastro de um novo colaborador com o id311 com os itens:VALDINEI MOREIRA;8584;Wed May 26 00:00:00 BRT 2004;Sat Feb 09 00:00:00 BRT 1980;bac.com.br.hibernate.entidade.Funcao[ id=94 ]
05/12/19 18:16 [AWT-EventQueue-0]  WARN bac.com.br.hibernate.utils.Loggin:23 - alterado cadastro de um novo colaborador com o id12 com os itens:ALEKSANDRO MANUEL DA COSTA;8585;Wed May 26 00:00:00 BRT 2004;Mon Sep 03 00:00:00 BRT 1979;bac.com.br.hibernate.entidade.Funcao[ id=97 ]
05/12/19 18:17 [AWT-EventQueue-0]  WARN bac.com.br.hibernate.utils.Loggin:23 - alterado cadastro de um novo colaborador com o id214 com os itens:MARCOS FRANCISCO PINTO;8589;Wed May 26 00:00:00 BRT 2004;Fri Nov 11 00:00:00 BRT 1977;bac.com.br.hibernate.entidade.Funcao[ id=54 ]
05/12/19 18:17 [AWT-EventQueue-0]  WARN bac.com.br.hibernate.utils.Loggin:23 - alterado cadastro de um novo colaborador com o id104 com os itens:FERNANDES MARQUES;8593;Thu Jul 29 00:00:00 BRT 2004;Thu Jan 26 00:00:00 BRT 1984;bac.com.br.hibernate.entidade.Funcao[ id=70 ]
05/12/19 18:18 [AWT-EventQueue-0]  WARN bac.com.br.hibernate.utils.Loggin:23 - alterado cadastro de um novo colaborador com o id291 com os itens:SIDNEI BECKIS;8594;Thu Jul 29 00:00:00 BRT 2004;Fri Dec 19 00:00:00 BRT 1975;bac.com.br.hibernate.entidade.Funcao[ id=54 ]
06/12/19 12:09 [AWT-EventQueue-0]  WARN bac.com.br.hibernate.utils.Loggin:23 - realisado login com o usuario 9020
09/12/19 08:39 [AWT-EventQueue-0]  WARN bac.com.br.hibernate.utils.Loggin:23 - realisado login com o usuario 9020
09/12/19 08:57 [AWT-EventQueue-0]  WARN bac.com.br.hibernate.utils.Loggin:23 - alterado cadastro de um novo colaborador com o id108 com os itens:GERSON DE JESUS PALHARES;8580;Thu Apr 26 00:00:00 BRT 8;Sun Apr 01 00:00:00 BRT 1979;bac.com.br.hibernate.entidade.Funcao[ id=54 ]
09/12/19 08:58 [AWT-EventQueue-0]  WARN bac.com.br.hibernate.utils.Loggin:23 - alterado cadastro de um novo colaborador com o id108 com os itens:GERSON DE JESUS PALHARES;8580;Wed May 26 00:00:00 BRT 2004;Sun Apr 01 00:00:00 BRT 1979;bac.com.br.hibernate.entidade.Funcao[ id=54 ]
09/12/19 09:08 [AWT-EventQueue-0]  WARN bac.com.br.hibernate.utils.Loggin:23 - alterado cadastro de um novo colaborador com o id146 com os itens:JOCINEI MENDES DE ALMEIDA;8587;Wed May 26 00:00:00 BRT 2004;Fri Oct 10 00:00:00 BRT 1980;bac.com.br.hibernate.entidade.Funcao[ id=40 ]
09/12/19 09:10 [AWT-EventQueue-0]  WARN bac.com.br.hibernate.utils.Loggin:23 - alterado cadastro de um novo colaborador com o id272 com os itens:ROGERIO ALBERGONI;8607;Tue Oct 05 00:00:00 BRT 2004;Tue May 31 00:00:00 BRT 1983;bac.com.br.hibernate.entidade.Funcao[ id=42 ]
09/12/19 09:10 [AWT-EventQueue-0]  WARN bac.com.br.hibernate.utils.Loggin:23 - alterado cadastro de um novo colaborador com o id63 com os itens:CLEVERSON BUENO DOS SANTOS;8610;Wed Oct 06 00:00:00 BRT 2004;Sun Jul 21 00:00:00 BRT 1985;bac.com.br.hibernate.entidade.Funcao[ id=97 ]
09/12/19 09:11 [AWT-EventQueue-0]  WARN bac.com.br.hibernate.utils.Loggin:23 - alterado cadastro de um novo colaborador com o id268 com os itens:RODRIGO DONIZETE DA SILVA MATOS;8616;Fri Nov 05 00:00:00 BRST 2004;Sun Oct 14 00:00:00 BRT 1984;bac.com.br.hibernate.entidade.Funcao[ id=67 ]
09/12/19 09:12 [AWT-EventQueue-0]  WARN bac.com.br.hibernate.utils.Loggin:23 - alterado cadastro de um novo colaborador com o id14 com os itens:ALESSANDRO APARECIDO DE SOUZA;8625;Thu Jan 27 00:00:00 BRST 2005;Thu Feb 20 00:00:00 BRST 1986;bac.com.br.hibernate.entidade.Funcao[ id=60 ]
09/12/19 09:12 [AWT-EventQueue-0]  WARN bac.com.br.hibernate.utils.Loggin:23 - alterado cadastro de um novo colaborador com o id288 com os itens:SERGIO APARECIDO DE JESUS;8626;Tue Feb 01 00:00:00 BRST 2005;Mon Aug 01 00:00:00 BRT 1983;bac.com.br.hibernate.entidade.Funcao[ id=94 ]
09/12/19 09:13 [AWT-EventQueue-0]  WARN bac.com.br.hibernate.utils.Loggin:23 - alterado cadastro de um novo colaborador com o id216 com os itens:MARIA APARECIDA CARNEIRO;8629;Sat Feb 26 00:00:00 BRT 2005;Thu Mar 31 00:00:00 BRT 1977;bac.com.br.hibernate.entidade.Funcao[ id=134 ]
09/12/19 10:00 [AWT-EventQueue-0]  WARN bac.com.br.hibernate.utils.Loggin:23 - alterado cadastro de um novo colaborador com o id157 com os itens:JOSE APARECIDO PEREIRA;8633;Wed Apr 06 00:00:00 BRT 2005;Fri May 08 00:00:00 BRT 1981;bac.com.br.hibernate.entidade.Funcao[ id=54 ]
09/12/19 10:01 [AWT-EventQueue-0]  WARN bac.com.br.hibernate.utils.Loggin:23 - alterado cadastro de um novo colaborador com o id306 com os itens:VALDECI SILVA SIMOES ;8634;Wed Apr 06 00:00:00 BRT 2005;Mon Nov 29 00:00:00 BRT 1982;bac.com.br.hibernate.entidade.Funcao[ id=60 ]
09/12/19 10:01 [AWT-EventQueue-0]  WARN org.hibernate.engine.jdbc.spi.SqlExceptionHelper:145 - SQL Error: 0, SQLState: S1009
09/12/19 10:01 [AWT-EventQueue-0] ERROR org.hibernate.engine.jdbc.spi.SqlExceptionHelper:147 - Value '0000-00-00' can not be represented as java.sql.Date
09/12/19 10:04 [AWT-EventQueue-0]  WARN bac.com.br.hibernate.utils.Loggin:23 - realisado login com o usuario 9020
09/12/19 10:04 [AWT-EventQueue-0]  WARN org.hibernate.engine.jdbc.spi.SqlExceptionHelper:145 - SQL Error: 0, SQLState: S1009
09/12/19 10:04 [AWT-EventQueue-0] ERROR org.hibernate.engine.jdbc.spi.SqlExceptionHelper:147 - Value '0000-00-00' can not be represented as java.sql.Date
09/12/19 10:06 [AWT-EventQueue-0]  WARN bac.com.br.hibernate.utils.Loggin:23 - realisado login com o usuario 9020
09/12/19 10:07 [AWT-EventQueue-0]  WARN bac.com.br.hibernate.utils.Loggin:23 - alterado cadastro de um novo colaborador com o id236 com os itens:ORESTE AZEVEDO DA SILVA;8646;Fri May 06 00:00:00 BRT 2005;Sun Mar 20 00:00:00 BRT 1983;bac.com.br.hibernate.entidade.Funcao[ id=40 ]
09/12/19 10:07 [AWT-EventQueue-0]  WARN bac.com.br.hibernate.utils.Loggin:23 - alterado cadastro de um novo colaborador com o id212 com os itens:MARCOS DE CAMARGO;8647;Fri May 06 00:00:00 BRT 2005;Wed May 22 00:00:00 BRT 1985;bac.com.br.hibernate.entidade.Funcao[ id=84 ]
09/12/19 10:08 [AWT-EventQueue-0]  WARN bac.com.br.hibernate.utils.Loggin:23 - alterado cadastro de um novo colaborador com o id129 com os itens:JEAN MARCIO FERREIRA;8649;Thu May 19 00:00:00 BRT 2005;Thu Apr 30 00:00:00 BRT 1981;bac.com.br.hibernate.entidade.Funcao[ id=54 ]
09/12/19 10:08 [AWT-EventQueue-0]  WARN bac.com.br.hibernate.utils.Loggin:23 - alterado cadastro de um novo colaborador com o id196 com os itens:LUIZ ETERNO CAXIADO;8650;Thu May 19 00:00:00 BRT 2005;Thu Jan 31 00:00:00 BRT 1985;bac.com.br.hibernate.entidade.Funcao[ id=54 ]
09/12/19 10:09 [AWT-EventQueue-0]  WARN bac.com.br.hibernate.utils.Loggin:23 - alterado cadastro de um novo colaborador com o id101 com os itens:EZIQUEL RODRIGUES DOS SANTOS VALIM;8653;Wed Jun 01 00:00:00 BRT 2005;Tue Apr 03 00:00:00 BRT 1984;bac.com.br.hibernate.entidade.Funcao[ id=102 ]
09/12/19 10:10 [AWT-EventQueue-0]  WARN bac.com.br.hibernate.utils.Loggin:23 - alterado cadastro de um novo colaborador com o id86 com os itens:EDSON APARECIDO DE LIMA;8656;Thu Jun 23 00:00:00 BRT 2005;Thu Aug 16 00:00:00 BRT 1979;bac.com.br.hibernate.entidade.Funcao[ id=40 ]
09/12/19 10:11 [AWT-EventQueue-0]  WARN bac.com.br.hibernate.utils.Loggin:23 - alterado cadastro de um novo colaborador com o id148 com os itens:JONAS ALVES DA SILVA;8666;Mon Aug 22 00:00:00 BRT 2005;Mon May 14 00:00:00 BRT 1984;bac.com.br.hibernate.entidade.Funcao[ id=57 ]
09/12/19 10:12 [AWT-EventQueue-0]  WARN bac.com.br.hibernate.utils.Loggin:23 - alterado cadastro de um novo colaborador com o id29 com os itens:ANDERSON LUIS WEISS;8671;Wed Sep 14 00:00:00 BRT 2005;Thu Jul 07 00:00:00 BRT 1977;bac.com.br.hibernate.entidade.Funcao[ id=73 ]
09/12/19 10:13 [AWT-EventQueue-0]  WARN bac.com.br.hibernate.utils.Loggin:23 - alterado cadastro de um novo colaborador com o id205 com os itens:MARCELO SOARES DA SILVA;8673;Tue Sep 27 00:00:00 BRT 2005;Thu Aug 02 00:00:00 BRT 1984;bac.com.br.hibernate.entidade.Funcao[ id=60 ]
09/12/19 10:13 [AWT-EventQueue-0]  WARN bac.com.br.hibernate.utils.Loggin:23 - alterado cadastro de um novo colaborador com o id93 com os itens:ELSON DE JESUS MELO;8674;Tue Sep 27 00:00:00 BRT 2005;Thu Nov 07 00:00:00 BRST 1985;bac.com.br.hibernate.entidade.Funcao[ id=40 ]
09/12/19 10:13 [AWT-EventQueue-0]  WARN org.hibernate.engine.jdbc.spi.SqlExceptionHelper:145 - SQL Error: 0, SQLState: S1009
09/12/19 10:13 [AWT-EventQueue-0] ERROR org.hibernate.engine.jdbc.spi.SqlExceptionHelper:147 - Value '0000-00-00' can not be represented as java.sql.Date
09/12/19 10:17 [AWT-EventQueue-0]  WARN bac.com.br.hibernate.utils.Loggin:23 - realisado login com o usuario 9020
09/12/19 10:32 [AWT-EventQueue-0]  WARN org.hibernate.engine.jdbc.spi.SqlExceptionHelper:145 - SQL Error: 0, SQLState: S1009
09/12/19 10:32 [AWT-EventQueue-0] ERROR org.hibernate.engine.jdbc.spi.SqlExceptionHelper:147 - Value '0000-00-00' can not be represented as java.sql.Date
09/12/19 10:44 [AWT-EventQueue-0]  WARN bac.com.br.hibernate.utils.Loggin:23 - realisado login com o usuario 9020
09/12/19 10:45 [AWT-EventQueue-0]  WARN bac.com.br.hibernate.utils.Loggin:23 - alterado cadastro de um novo colaborador com o id271 com os itens:RODRIGO PINTO TREVIZAN;8677;Tue Sep 27 00:00:00 BRT 2005;Mon May 26 00:00:00 BRT 1986;bac.com.br.hibernate.entidade.Funcao[ id=69 ]
09/12/19 10:46 [AWT-EventQueue-0]  WARN bac.com.br.hibernate.utils.Loggin:23 - alterado cadastro de um novo colaborador com o id283 com os itens:SAMUEL GERALDO DA SILVA;8679;Tue Sep 27 00:00:00 BRT 2005;Mon Jun 13 00:00:00 BRT 1983;bac.com.br.hibernate.entidade.Funcao[ id=40 ]
09/12/19 10:46 [AWT-EventQueue-0]  WARN bac.com.br.hibernate.utils.Loggin:23 - alterado cadastro de um novo colaborador com o id96 com os itens:EMERSON DANTAS DA SILVA;8682;Tue Oct 04 00:00:00 BRT 2005;Wed Jul 06 00:00:00 BRT 1983;bac.com.br.hibernate.entidade.Funcao[ id=84 ]
09/12/19 10:47 [AWT-EventQueue-0]  WARN bac.com.br.hibernate.utils.Loggin:23 - alterado cadastro de um novo colaborador com o id239 com os itens:OSWALDO LUIZ BORELLI JUNIOR;8683;Mon Oct 10 00:00:00 BRT 2005;Sat Feb 16 00:00:00 BRT 1980;bac.com.br.hibernate.entidade.Funcao[ id=36 ]
09/12/19 10:48 [AWT-EventQueue-0]  WARN bac.com.br.hibernate.utils.Loggin:23 - alterado cadastro de um novo colaborador com o id130 com os itens:JEFERSON DE ALMEIDA SOLA;8684;Sat Nov 05 00:00:00 BRST 2005;Tue Sep 01 00:00:00 BRT 1987;bac.com.br.hibernate.entidade.Funcao[ id=40 ]
09/12/19 10:49 [AWT-EventQueue-0]  WARN bac.com.br.hibernate.utils.Loggin:23 - alterado cadastro de um novo colaborador com o id230 com os itens:NICACIO FERREIRA;8685;Wed Nov 09 00:00:00 BRST 2005;Wed Dec 10 00:00:00 BRT 1975;bac.com.br.hibernate.entidade.Funcao[ id=40 ]
09/12/19 10:49 [AWT-EventQueue-0]  WARN bac.com.br.hibernate.utils.Loggin:23 - alterado cadastro de um novo colaborador com o id150 com os itens:JONAS JUSTINO DA SILVA;8689;Fri Dec 02 00:00:00 BRST 2005;Wed Jul 04 00:00:00 BRT 1973;bac.com.br.hibernate.entidade.Funcao[ id=98 ]
09/12/19 10:50 [AWT-EventQueue-0]  WARN bac.com.br.hibernate.utils.Loggin:23 - alterado cadastro de um novo colaborador com o id232 com os itens:OCIMAR GONCALVES DOS SANTOS;8700;Tue Mar 07 00:00:00 BRT 2006;Tue Jul 31 00:00:00 BRT 1973;bac.com.br.hibernate.entidade.Funcao[ id=66 ]
09/12/19 10:51 [AWT-EventQueue-0]  WARN bac.com.br.hibernate.utils.Loggin:23 - alterado cadastro de um novo colaborador com o id256 com os itens:REGINALDO CASTILHO DOS SANTOS;8708;Thu Mar 23 00:00:00 BRT 2006;Tue Aug 23 00:00:00 BRT 1983;bac.com.br.hibernate.entidade.Funcao[ id=60 ]
09/12/19 10:52 [AWT-EventQueue-0]  WARN bac.com.br.hibernate.utils.Loggin:23 - alterado cadastro de um novo colaborador com o id7 com os itens:ADRIANO BARBOSA;8711;Mon Apr 24 00:00:00 BRT 2006;Sat Mar 28 00:00:00 BRT 1987;bac.com.br.hibernate.entidade.Funcao[ id=72 ]
09/12/19 10:52 [AWT-EventQueue-0]  WARN bac.com.br.hibernate.utils.Loggin:23 - alterado cadastro de um novo colaborador com o id202 com os itens:MARCELO GONCALVES DOS SANTOS;8713;Mon Apr 24 00:00:00 BRT 2006;Sat Sep 16 00:00:00 BRT 1978;bac.com.br.hibernate.entidade.Funcao[ id=75 ]
09/12/19 10:53 [AWT-EventQueue-0]  WARN bac.com.br.hibernate.utils.Loggin:23 - alterado cadastro de um novo colaborador com o id107 com os itens:GENIVALDO FERREIRA;8720;Mon Apr 24 00:00:00 BRT 2006;Sat Aug 27 00:00:00 BRT 1983;bac.com.br.hibernate.entidade.Funcao[ id=97 ]
09/12/19 10:53 [AWT-EventQueue-0]  WARN bac.com.br.hibernate.utils.Loggin:23 - alterado cadastro de um novo colaborador com o id9 com os itens:AGNALDO SOARES GODOY;8723;Thu Apr 27 00:00:00 BRT 2006;Wed Sep 24 00:00:00 BRT 1986;bac.com.br.hibernate.entidade.Funcao[ id=110 ]
09/12/19 11:15 [AWT-EventQueue-0]  WARN bac.com.br.hibernate.utils.Loggin:23 - alterado cadastro de um novo colaborador com o id90 com os itens:ELENICE APARECIDA RIBEIRO;8724;Tue May 02 00:00:00 BRT 2006;Thu Aug 27 00:00:00 BRT 1970;bac.com.br.hibernate.entidade.Funcao[ id=78 ]
09/12/19 11:15 [AWT-EventQueue-0]  WARN bac.com.br.hibernate.utils.Loggin:23 - alterado cadastro de um novo colaborador com o id94 com os itens:ELTON THIAGO OLIVEIRA DE ABREU;8726;Tue May 16 00:00:00 BRT 2006;Wed Nov 12 00:00:00 BRST 1986;bac.com.br.hibernate.entidade.Funcao[ id=64 ]
09/12/19 11:17 [AWT-EventQueue-0]  WARN bac.com.br.hibernate.utils.Loggin:23 - alterado cadastro de um novo colaborador com o id31 com os itens:ANTONIEL LOURENCO DE OLIVEIRA;8728;Fri Jun 16 00:00:00 BRT 2006;Sun Oct 16 00:00:00 BRT 1983;bac.com.br.hibernate.entidade.Funcao[ id=40 ]
09/12/19 11:17 [AWT-EventQueue-0]  WARN bac.com.br.hibernate.utils.Loggin:23 - alterado cadastro de um novo colaborador com o id210 com os itens:MARCOS ALEXANDRE LOPES;8733;Fri Jun 23 00:00:00 BRT 2006;Fri Nov 07 00:00:00 BRST 1986;bac.com.br.hibernate.entidade.Funcao[ id=40 ]
09/12/19 11:18 [AWT-EventQueue-0]  WARN bac.com.br.hibernate.utils.Loggin:23 - alterado cadastro de um novo colaborador com o id152 com os itens:JONAS PEREIRA DOS SANTOS;8734;Tue Jun 27 00:00:00 BRT 2006;Tue Aug 12 00:00:00 BRT 1975;bac.com.br.hibernate.entidade.Funcao[ id=97 ]
09/12/19 11:19 [AWT-EventQueue-0]  WARN bac.com.br.hibernate.utils.Loggin:23 - alterado cadastro de um novo colaborador com o id295 com os itens:SIDNEI NOVELO;8741;Mon Aug 21 00:00:00 BRT 2006;Tue May 23 00:00:00 BRT 1978;bac.com.br.hibernate.entidade.Funcao[ id=40 ]
09/12/19 11:20 [AWT-EventQueue-0]  WARN bac.com.br.hibernate.utils.Loggin:23 - alterado cadastro de um novo colaborador com o id188 com os itens:LUCIANO FERREIRA MENDES;8745;Wed Oct 18 00:00:00 BRT 2006;Thu Apr 12 00:00:00 BRT 1979;bac.com.br.hibernate.entidade.Funcao[ id=56 ]
09/12/19 11:22 [AWT-EventQueue-0]  WARN bac.com.br.hibernate.utils.Loggin:23 - alterado cadastro de um novo colaborador com o id320 com os itens:VILMA ANTONIA FERREIRA;8752;Tue Jan 02 00:00:00 BRST 2007;Tue Jan 05 00:00:00 BRT 1971;bac.com.br.hibernate.entidade.Funcao[ id=6 ]
09/12/19 11:23 [AWT-EventQueue-0]  WARN bac.com.br.hibernate.utils.Loggin:23 - ativado cadastro de um colaborador com o idbac.com.br.hibernate.entidade.Colaborador[ id=242 ]
09/12/19 11:23 [AWT-EventQueue-0]  WARN bac.com.br.hibernate.utils.Loggin:23 - alterado cadastro de um novo colaborador com o id242 com os itens:PAULO CESAR REIS DAS FLORES;8756;Mon Feb 05 00:00:00 BRST 2007;Sat Mar 17 00:00:00 BRT 1984;bac.com.br.hibernate.entidade.Funcao[ id=40 ]
09/12/19 11:24 [AWT-EventQueue-0]  WARN bac.com.br.hibernate.utils.Loggin:23 - alterado cadastro de um novo colaborador com o id133 com os itens:JOAO BATISTA ALVES DE SOUZA;8760;Mon Feb 26 00:00:00 BRT 2007;Mon Aug 18 00:00:00 BRT 1975;bac.com.br.hibernate.entidade.Funcao[ id=84 ]
09/12/19 11:25 [AWT-EventQueue-0]  WARN bac.com.br.hibernate.utils.Loggin:23 - alterado cadastro de um novo colaborador com o id62 com os itens:CLAUDINEI MACHADO;8769;Thu Apr 12 00:00:00 BRT 2007;Sun Apr 20 00:00:00 BRT 1975;bac.com.br.hibernate.entidade.Funcao[ id=98 ]
09/12/19 11:47 [AWT-EventQueue-0]  WARN bac.com.br.hibernate.utils.Loggin:23 - alterado cadastro de um novo colaborador com o id140 com os itens:JOAO JUNIOR CESAR ANGELELI;8771;Thu May 17 00:00:00 BRT 2007;Wed Jul 15 00:00:00 BRT 1987;bac.com.br.hibernate.entidade.Funcao[ id=30 ]
09/12/19 11:48 [AWT-EventQueue-0]  WARN bac.com.br.hibernate.utils.Loggin:23 - alterado cadastro de um novo colaborador com o id175 com os itens:KALLIMAN NOBORU ROCHA OZAWA;8779;Fri Nov 23 00:00:00 BRST 2007;Fri Nov 14 00:00:00 BRST 1986;bac.com.br.hibernate.entidade.Funcao[ id=12 ]
09/12/19 11:49 [AWT-EventQueue-0]  WARN bac.com.br.hibernate.utils.Loggin:23 - alterado cadastro de um novo colaborador com o id173 com os itens:JURANDIR DOS SANTOS;8784;Fri Feb 22 00:00:00 BRT 2008;Thu Sep 01 00:00:00 BRT 1988;bac.com.br.hibernate.entidade.Funcao[ id=84 ]
09/12/19 11:50 [AWT-EventQueue-0]  WARN bac.com.br.hibernate.utils.Loggin:23 - alterado cadastro de um novo colaborador com o id55 com os itens:CEZAR BATISTA DE ANDRADE;8785;Thu Mar 06 00:00:00 BRT 2008;Thu Dec 22 00:00:00 BRST 1988;bac.com.br.hibernate.entidade.Funcao[ id=94 ]
09/12/19 11:50 [AWT-EventQueue-0]  WARN bac.com.br.hibernate.utils.Loggin:23 - alterado cadastro de um novo colaborador com o id234 com os itens:ODAIR JOSE DE PAIVA;8788;Wed Apr 23 00:00:00 BRT 2008;Tue Jan 29 00:00:00 BRT 1985;bac.com.br.hibernate.entidade.Funcao[ id=60 ]
09/12/19 11:51 [AWT-EventQueue-0]  WARN bac.com.br.hibernate.utils.Loggin:23 - alterado cadastro de um novo colaborador com o id131 com os itens:JEFERSON FERREIRA DE CARVALHO;8789;Wed May 07 00:00:00 BRT 2008;Wed Jun 08 00:00:00 BRT 1988;bac.com.br.hibernate.entidade.Funcao[ id=94 ]
09/12/19 12:01 [AWT-EventQueue-0]  WARN bac.com.br.hibernate.utils.Loggin:23 - alterado cadastro de um novo colaborador com o id161 com os itens:JOSE CRISTIANO FLORIANO;8791;Tue Jun 17 00:00:00 BRT 2008;Thu Dec 05 00:00:00 BRST 1985;bac.com.br.hibernate.entidade.Funcao[ id=56 ]
09/12/19 12:01 [AWT-EventQueue-0]  WARN bac.com.br.hibernate.utils.Loggin:23 - alterado cadastro de um novo colaborador com o id273 com os itens:ROGERIO APARECIDO DE OLIVEIRA;8794;Fri Jun 20 00:00:00 BRT 2008;Mon Apr 26 00:00:00 BRT 1982;bac.com.br.hibernate.entidade.Funcao[ id=94 ]
09/12/19 12:02 [AWT-EventQueue-0]  WARN bac.com.br.hibernate.utils.Loggin:23 - alterado cadastro de um novo colaborador com o id10 com os itens:AIRTON MARTINS DE OLIVEIRA JUNIOR;8797;Thu Jul 17 00:00:00 BRT 2008;Fri Aug 18 00:00:00 BRT 1989;bac.com.br.hibernate.entidade.Funcao[ id=113 ]
09/12/19 12:02 [AWT-EventQueue-0]  WARN bac.com.br.hibernate.utils.Loggin:23 - alterado cadastro de um novo colaborador com o id106 com os itens:GELSO DA SILVA;8810;Tue Dec 16 00:00:00 BRST 2008;Tue Aug 16 00:00:00 BRT 1983;bac.com.br.hibernate.entidade.Funcao[ id=40 ]
09/12/19 12:03 [AWT-EventQueue-0]  WARN bac.com.br.hibernate.utils.Loggin:23 - alterado cadastro de um novo colaborador com o id171 com os itens:JOSMAR DE OLIVEIRA LEITE;8812;Mon Feb 16 00:00:00 BRT 2009;Wed Mar 16 00:00:00 BRT 1983;bac.com.br.hibernate.entidade.Funcao[ id=40 ]
09/12/19 12:04 [AWT-EventQueue-0]  WARN bac.com.br.hibernate.utils.Loggin:23 - alterado cadastro de um novo colaborador com o id251 com os itens:RAFAEL COSTA ROSA;8815;Tue Mar 03 00:00:00 BRT 2009;Mon Mar 05 00:00:00 BRT 1990;bac.com.br.hibernate.entidade.Funcao[ id=11 ]
09/12/19 12:08 [AWT-EventQueue-0]  WARN bac.com.br.hibernate.utils.Loggin:23 - alterado cadastro de um novo colaborador com o id199 com os itens:MAICON FELICIO CARVALHO;8819;Thu May 11 00:00:00 BRT 1989;Thu May 11 00:00:00 BRT 1989;bac.com.br.hibernate.entidade.Funcao[ id=97 ]
09/12/19 12:08 [AWT-EventQueue-0]  WARN bac.com.br.hibernate.utils.Loggin:23 - alterado cadastro de um novo colaborador com o id199 com os itens:MAICON FELICIO CARVALHO;8819;Wed Apr 01 00:00:00 BRT 2009;Thu May 11 00:00:00 BRT 1989;bac.com.br.hibernate.entidade.Funcao[ id=97 ]
09/12/19 12:10 [AWT-EventQueue-0]  WARN bac.com.br.hibernate.utils.Loggin:23 - alterado cadastro de um novo colaborador com o id208 com os itens:MARCIO DOS SANTOS OLIVEIRA;8822;Sat Jun 20 00:00:00 BRT 2009;Thu Jun 16 00:00:00 BRT 1988;bac.com.br.hibernate.entidade.Funcao[ id=97 ]
09/12/19 12:12 [AWT-EventQueue-0]  WARN bac.com.br.hibernate.utils.Loggin:23 - alterado cadastro de um novo colaborador com o id119 com os itens:GUILHERME HENRIQUE CARNEIRO;8827;Thu May 06 00:00:00 BRT 2010;Thu Feb 15 00:00:00 BRT 1990;bac.com.br.hibernate.entidade.Funcao[ id=40 ]
09/12/19 12:12 [AWT-EventQueue-0]  WARN bac.com.br.hibernate.utils.Loggin:23 - alterado cadastro de um novo colaborador com o id71 com os itens:DIEGO JAMIL BENTO;8833;Wed Jul 21 00:00:00 BRT 2010;Wed Aug 28 00:00:00 BRT 1991;bac.com.br.hibernate.entidade.Funcao[ id=12 ]
09/12/19 12:13 [AWT-EventQueue-0]  WARN bac.com.br.hibernate.utils.Loggin:23 - alterado cadastro de um novo colaborador com o id98 com os itens:EVERALDO ANTONIO DE OLIVEIRA;8834;Wed Jul 21 00:00:00 BRT 2010;Sun Jun 14 00:00:00 BRT 1981;bac.com.br.hibernate.entidade.Funcao[ id=97 ]
09/12/19 12:14 [AWT-EventQueue-0]  WARN bac.com.br.hibernate.utils.Loggin:23 - alterado cadastro de um novo colaborador com o id18 com os itens:ALEXANDRE CAMARGO;8839;Thu Aug 19 00:00:00 BRT 2010;Wed Jun 03 00:00:00 BRT 1992;bac.com.br.hibernate.entidade.Funcao[ id=113 ]
09/12/19 12:14 [AWT-EventQueue-0]  WARN bac.com.br.hibernate.utils.Loggin:23 - alterado cadastro de um novo colaborador com o id80 com os itens:EDGAR FURQUIM;8843;Fri Aug 27 00:00:00 BRT 2010;Mon Jul 27 00:00:00 BRT 1992;bac.com.br.hibernate.entidade.Funcao[ id=84 ]
09/12/19 12:15 [AWT-EventQueue-0]  WARN bac.com.br.hibernate.utils.Loggin:23 - alterado cadastro de um novo colaborador com o id187 com os itens:LUCIANO APARECIDO QUINTA;8844;Mon Sep 13 00:00:00 BRT 2010;Sun Jun 03 00:00:00 BRT 1990;bac.com.br.hibernate.entidade.Funcao[ id=50 ]
09/12/19 12:15 [AWT-EventQueue-0]  WARN bac.com.br.hibernate.utils.Loggin:23 - alterado cadastro de um novo colaborador com o id170 com os itens:JOSIEL DE SOUSA;8846;Mon Sep 13 00:00:00 BRT 2010;Tue Sep 12 00:00:00 BRT 1989;bac.com.br.hibernate.entidade.Funcao[ id=94 ]
09/12/19 14:36 [AWT-EventQueue-0]  WARN bac.com.br.hibernate.utils.Loggin:23 - realisado login com o usuario 9020
09/12/19 18:20 [AWT-EventQueue-0]  WARN bac.com.br.hibernate.utils.Loggin:23 - realisado login com o usuario 9020
10/12/19 08:20 [AWT-EventQueue-0]  WARN bac.com.br.hibernate.utils.Loggin:23 - realisado login com o usuario 9020
10/12/19 08:22 [AWT-EventQueue-0]  WARN bac.com.br.hibernate.utils.Loggin:23 - alterado cadastro de um novo colaborador com o id302 com os itens:THIARLES CAMARGO DA SILVA;8850;Fri Sep 24 00:00:00 BRT 2010;Sun Jun 23 00:00:00 BRT 1991;bac.com.br.hibernate.entidade.Funcao[ id=43 ]
10/12/19 08:23 [AWT-EventQueue-0]  WARN bac.com.br.hibernate.utils.Loggin:23 - alterado cadastro de um novo colaborador com o id26 com os itens:ANDERSON DE SOUZA CORDEIRO;8852;Thu Oct 07 00:00:00 BRT 2010;Wed Jun 03 00:00:00 BRT 1992;bac.com.br.hibernate.entidade.Funcao[ id=56 ]
10/12/19 08:24 [AWT-EventQueue-0]  WARN bac.com.br.hibernate.utils.Loggin:23 - alterado cadastro de um novo colaborador com o id281 com os itens:ROSILDO FERREIRA;8853;Thu Oct 07 00:00:00 BRT 2010;Sun May 21 00:00:00 BRT 1978;bac.com.br.hibernate.entidade.Funcao[ id=84 ]
10/12/19 08:25 [AWT-EventQueue-0]  WARN bac.com.br.hibernate.utils.Loggin:23 - alterado cadastro de um novo colaborador com o id197 com os itens:LUIZ HENRIQUE ANGELELI;8855;Thu Nov 04 00:00:00 BRST 2010;Thu Jan 16 00:00:00 BRST 1992;bac.com.br.hibernate.entidade.Funcao[ id=66 ]
10/12/19 08:25 [AWT-EventQueue-0]  WARN bac.com.br.hibernate.utils.Loggin:23 - alterado cadastro de um novo colaborador com o id265 com os itens:RODRIGO ALVES DOS SANTOS;8856;Thu Nov 04 00:00:00 BRST 2010;Wed Mar 25 00:00:00 BRT 1992;bac.com.br.hibernate.entidade.Funcao[ id=56 ]
10/12/19 08:26 [AWT-EventQueue-0]  WARN bac.com.br.hibernate.utils.Loggin:23 - alterado cadastro de um novo colaborador com o id261 com os itens:RICARDO JUNIOR DA SILVA;8857;Tue Nov 09 00:00:00 BRST 2010;Tue Jan 13 00:00:00 BRST 1987;bac.com.br.hibernate.entidade.Funcao[ id=40 ]
10/12/19 08:26 [AWT-EventQueue-0]  WARN bac.com.br.hibernate.utils.Loggin:23 - alterado cadastro de um novo colaborador com o id165 com os itens:JOSE LEIVA DA SILVA;8858;Tue Nov 16 00:00:00 BRST 2010;Thu Nov 12 00:00:00 BRST 1987;bac.com.br.hibernate.entidade.Funcao[ id=98 ]
10/12/19 08:27 [AWT-EventQueue-0]  WARN bac.com.br.hibernate.utils.Loggin:23 - alterado cadastro de um novo colaborador com o id124 com os itens:ISAIAS FERREIRA DE CAMPOS;8862;Tue Mar 01 00:00:00 BRT 2011;Wed Mar 01 00:00:00 BRT 1989;bac.com.br.hibernate.entidade.Funcao[ id=40 ]
10/12/19 08:27 [AWT-EventQueue-0]  WARN bac.com.br.hibernate.utils.Loggin:23 - alterado cadastro de um novo colaborador com o id329 com os itens:WILLIAN APARECIDO RAMOS;8863;Tue Mar 01 00:00:00 BRT 2011;Fri Jul 12 00:00:00 BRT 1991;bac.com.br.hibernate.entidade.Funcao[ id=56 ]
10/12/19 08:28 [AWT-EventQueue-0]  WARN bac.com.br.hibernate.utils.Loggin:23 - alterado cadastro de um novo colaborador com o id194 com os itens:LUIZ ALBERTO GONCALVES NALEVAIKO;8864;Tue Mar 01 00:00:00 BRT 2011;Fri Jan 15 00:00:00 BRST 1988;bac.com.br.hibernate.entidade.Funcao[ id=97 ]
10/12/19 08:34 [AWT-EventQueue-0]  WARN bac.com.br.hibernate.utils.Loggin:23 - alterado cadastro de um novo colaborador com o id121 com os itens:IBRAIM MARQUES DE LIMA;8872 ;Tue May 24 00:00:00 BRT 2011;Wed Aug 14 00:00:00 BRT 1991;bac.com.br.hibernate.entidade.Funcao[ id=59 ]
10/12/19 14:40 [AWT-EventQueue-0]  WARN bac.com.br.hibernate.utils.Loggin:23 - realisado login com o usuario 9020
10/12/19 15:04 [AWT-EventQueue-0]  WARN bac.com.br.hibernate.utils.Loggin:23 - alterado cadastro de um novo colaborador com o id34 com os itens:ANTONIO DENILSON CARNEIRO;8873;Tue May 24 00:00:00 BRT 2011;Fri Jan 28 00:00:00 BRT 1983;bac.com.br.hibernate.entidade.Funcao[ id=56 ]
10/12/19 15:06 [AWT-EventQueue-0]  WARN bac.com.br.hibernate.utils.Loggin:23 - alterado cadastro de um novo colaborador com o id192 com os itens:LUIS CARLOS DE OLIVEIRA;8875;Tue May 24 00:00:00 BRT 2011;Mon Jan 05 00:00:00 BRT 1981;bac.com.br.hibernate.entidade.Funcao[ id=84 ]
10/12/19 15:07 [AWT-EventQueue-0]  WARN bac.com.br.hibernate.utils.Loggin:23 - alterado cadastro de um novo colaborador com o id67 com os itens:DAVERSON XAVIER BATISTA;8876;Wed May 25 00:00:00 BRT 2011;Fri Mar 20 00:00:00 BRT 1992;bac.com.br.hibernate.entidade.Funcao[ id=75 ]
10/12/19 15:09 [AWT-EventQueue-0]  WARN bac.com.br.hibernate.utils.Loggin:23 - alterado cadastro de um novo colaborador com o id307 com os itens:VALDEMIR DOS SANTOS JORGE;8877;Wed May 25 00:00:00 BRT 2011;Sat Mar 19 00:00:00 BRT 1977;bac.com.br.hibernate.entidade.Funcao[ id=40 ]
10/12/19 15:10 [AWT-EventQueue-0]  WARN bac.com.br.hibernate.utils.Loggin:23 - alterado cadastro de um novo colaborador com o id143 com os itens:JOAO OTAVIO DE ANDRADE DINIZ;8882;Tue Aug 23 00:00:00 BRT 2011;Tue May 07 00:00:00 BRT 1991;bac.com.br.hibernate.entidade.Funcao[ id=60 ]
10/12/19 15:11 [AWT-EventQueue-0]  WARN bac.com.br.hibernate.utils.Loggin:23 - alterado cadastro de um novo colaborador com o id41 com os itens:ATOS FREITAS DE AQUINO;8884;Thu Sep 01 00:00:00 BRT 2011;Tue Aug 02 00:00:00 BRT 1983;bac.com.br.hibernate.entidade.Funcao[ id=40 ]
10/12/19 15:12 [AWT-EventQueue-0]  WARN bac.com.br.hibernate.utils.Loggin:23 - alterado cadastro de um novo colaborador com o id326 com os itens:WESLEY DE MOURA NANTES;8886;Thu Sep 01 00:00:00 BRT 2011;Wed Jun 12 00:00:00 BRT 1985;bac.com.br.hibernate.entidade.Funcao[ id=56 ]
10/12/19 15:14 [AWT-EventQueue-0]  WARN bac.com.br.hibernate.utils.Loggin:23 - alterado cadastro de um novo colaborador com o id253 com os itens:RAFAEL MORILLO VIGIL NETO;8887;Wed Sep 28 00:00:00 BRT 2011;Mon Feb 06 00:00:00 BRT 1989;bac.com.br.hibernate.entidade.Funcao[ id=40 ]
10/12/19 15:16 [AWT-EventQueue-0]  WARN bac.com.br.hibernate.utils.Loggin:23 - alterado cadastro de um novo colaborador com o id97 com os itens:ERIVALDO PEREIRA DE SOUZA;8898;Tue Jan 24 00:00:00 BRST 2012;Tue Oct 13 00:00:00 BRT 1987;bac.com.br.hibernate.entidade.Funcao[ id=40 ]
10/12/19 15:16 [AWT-EventQueue-0]  WARN bac.com.br.hibernate.utils.Loggin:23 - alterado cadastro de um novo colaborador com o id178 com os itens:LEANDRO DOS SANTOS;8901;Tue Jan 24 00:00:00 BRST 2012;Wed Jan 30 00:00:00 BRST 1991;bac.com.br.hibernate.entidade.Funcao[ id=94 ]
10/12/19 15:17 [AWT-EventQueue-0]  WARN bac.com.br.hibernate.utils.Loggin:23 - alterado cadastro de um novo colaborador com o id317 com os itens:VALTER LOURENCO DA SILVA;8903;Wed Feb 22 00:00:00 BRST 2012;Sat Jun 11 00:00:00 BRT 1988;bac.com.br.hibernate.entidade.Funcao[ id=94 ]
10/12/19 15:17 [AWT-EventQueue-0]  WARN bac.com.br.hibernate.utils.Loggin:23 - alterado cadastro de um novo colaborador com o id8 com os itens:ADRIANO LOURENCO DE PAIVA;8904;Wed Feb 22 00:00:00 BRST 2012;Mon Mar 16 00:00:00 BRT 1992;bac.com.br.hibernate.entidade.Funcao[ id=57 ]
10/12/19 15:18 [AWT-EventQueue-0]  WARN bac.com.br.hibernate.utils.Loggin:23 - alterado cadastro de um novo colaborador com o id247 com os itens:PEDRO LUIZ HERNASKI;8912;Mon May 14 00:00:00 BRT 2012;Sun May 28 00:00:00 BRT 1989;bac.com.br.hibernate.entidade.Funcao[ id=94 ]
10/12/19 15:19 [AWT-EventQueue-0]  WARN bac.com.br.hibernate.utils.Loggin:23 - alterado cadastro de um novo colaborador com o id73 com os itens:DIONI SOARES;8909;Mon May 14 00:00:00 BRT 2012;Sun May 28 00:00:00 BRT 1989;bac.com.br.hibernate.entidade.Funcao[ id=40 ]
10/12/19 15:19 [AWT-EventQueue-0]  WARN bac.com.br.hibernate.utils.Loggin:23 - alterado cadastro de um novo colaborador com o id247 com os itens:PEDRO LUIZ HERNASKI;8912;Mon May 14 00:00:00 BRT 2012;Tue Feb 28 00:00:00 BRT 1989;bac.com.br.hibernate.entidade.Funcao[ id=94 ]
10/12/19 16:21 [AWT-EventQueue-0]  WARN bac.com.br.hibernate.utils.Loggin:23 - realisado login com o usuario 9020
10/12/19 16:22 [AWT-EventQueue-0]  WARN bac.com.br.hibernate.utils.Loggin:23 - alterado cadastro de um novo colaborador com o id223 com os itens:MARLOS JUNIOR DOS SANTOS;8914;Mon May 28 00:00:00 BRT 2012;Thu Apr 22 00:00:00 BRT 1993;bac.com.br.hibernate.entidade.Funcao[ id=54 ]
10/12/19 16:22 [AWT-EventQueue-0]  WARN bac.com.br.hibernate.utils.Loggin:23 - alterado cadastro de um novo colaborador com o id289 com os itens:SERGIO DAS CHAGAS AQUINO;8916;Mon May 28 00:00:00 BRT 2012;Tue Oct 13 00:00:00 BRT 1987;bac.com.br.hibernate.entidade.Funcao[ id=40 ]
10/12/19 16:23 [AWT-EventQueue-0]  WARN bac.com.br.hibernate.utils.Loggin:23 - alterado cadastro de um novo colaborador com o id49 com os itens:CARLOS ROBERTO DA SILVA JUNIOR;8917;Mon May 28 00:00:00 BRT 2012;Mon Jul 12 00:00:00 BRT 1993;bac.com.br.hibernate.entidade.Funcao[ id=43 ]
10/12/19 16:23 [AWT-EventQueue-0]  WARN bac.com.br.hibernate.utils.Loggin:23 - alterado cadastro de um novo colaborador com o id167 com os itens:JOSE MARCOS CHAGAS AQUINO;8920;Tue Jun 19 00:00:00 BRT 2012;Wed Jan 23 00:00:00 BRT 1985;bac.com.br.hibernate.entidade.Funcao[ id=40 ]
10/12/19 16:24 [AWT-EventQueue-0]  WARN bac.com.br.hibernate.utils.Loggin:23 - alterado cadastro de um novo colaborador com o id46 com os itens:CARLOS FERNANDO BATTAUS;8922;Tue Jun 19 00:00:00 BRT 2012;Mon Sep 10 00:00:00 BRT 1990;bac.com.br.hibernate.entidade.Funcao[ id=40 ]
10/12/19 16:24 [AWT-EventQueue-0]  WARN bac.com.br.hibernate.utils.Loggin:23 - alterado cadastro de um novo colaborador com o id176 com os itens:LEANDRO DINIZ ROSA;8925;Tue Jul 03 00:00:00 BRT 2012;Thu Jun 16 00:00:00 BRT 1983;bac.com.br.hibernate.entidade.Funcao[ id=56 ]
10/12/19 16:24 [AWT-EventQueue-0]  WARN bac.com.br.hibernate.utils.Loggin:23 - desativado cadastro de um colaborador com o idbac.com.br.hibernate.entidade.Colaborador[ id=309 ]
10/12/19 16:25 [AWT-EventQueue-0]  WARN bac.com.br.hibernate.utils.Loggin:23 - alterado cadastro de um novo colaborador com o id254 com os itens:RAFAEL VIANA DA SILVA;8931;Fri Aug 24 00:00:00 BRT 2012;Fri Oct 15 00:00:00 BRT 1993;bac.com.br.hibernate.entidade.Funcao[ id=56 ]
10/12/19 16:26 [AWT-EventQueue-0]  WARN bac.com.br.hibernate.utils.Loggin:23 - alterado cadastro de um novo colaborador com o id206 com os itens:MARCIANO ANTONIO IZAUL;8932;Fri Aug 24 00:00:00 BRT 2012;Tue Dec 10 00:00:00 BRST 1991;bac.com.br.hibernate.entidade.Funcao[ id=56 ]
10/12/19 16:27 [AWT-EventQueue-0]  WARN bac.com.br.hibernate.utils.Loggin:23 - alterado cadastro de um novo colaborador com o id11 com os itens:ALAN HENRIQUE MORILLO VIGIL;8934;Mon Sep 03 00:00:00 BRT 2012;Thu Feb 08 00:00:00 BRST 1990;bac.com.br.hibernate.entidade.Funcao[ id=40 ]
10/12/19 16:27 [AWT-EventQueue-0]  WARN bac.com.br.hibernate.utils.Loggin:23 - alterado cadastro de um novo colaborador com o id68 com os itens:DEVANIL LOURENCO DE PAIVA;8935;Mon Sep 03 00:00:00 BRT 2012;Sat Oct 06 00:00:00 BRT 1990;bac.com.br.hibernate.entidade.Funcao[ id=56 ]
10/12/19 16:27 [AWT-EventQueue-0]  WARN org.hibernate.engine.jdbc.spi.SqlExceptionHelper:145 - SQL Error: 0, SQLState: S1009
10/12/19 16:27 [AWT-EventQueue-0] ERROR org.hibernate.engine.jdbc.spi.SqlExceptionHelper:147 - Value '0000-00-00' can not be represented as java.sql.Date
10/12/19 16:29 [AWT-EventQueue-0]  WARN bac.com.br.hibernate.utils.Loggin:23 - realisado login com o usuario 9020
10/12/19 16:51 [AWT-EventQueue-0]  WARN bac.com.br.hibernate.utils.Loggin:23 - realisado login com o usuario 9020
10/12/19 16:54 [AWT-EventQueue-0]  WARN bac.com.br.hibernate.utils.Loggin:23 - alterado cadastro de um novo colaborador com o id185 com os itens:LUCAS MANGABEIRA;8940;Fri May 17 00:00:00 BRT 2013;Wed Jan 15 00:00:00 BRST 1992;bac.com.br.hibernate.entidade.Funcao[ id=49 ]
10/12/19 16:55 [AWT-EventQueue-0]  WARN bac.com.br.hibernate.utils.Loggin:23 - desativado cadastro de um colaborador com o idbac.com.br.hibernate.entidade.Colaborador[ id=48 ]
10/12/19 16:55 [AWT-EventQueue-0]  WARN bac.com.br.hibernate.utils.Loggin:23 - alterado cadastro de um novo colaborador com o id258 com os itens:RENATO PEDROZO SANTANA;8948;Thu Aug 01 00:00:00 BRT 2013;Mon Jan 11 00:00:00 BRST 1993;bac.com.br.hibernate.entidade.Funcao[ id=84 ]
10/12/19 16:56 [AWT-EventQueue-0]  WARN bac.com.br.hibernate.utils.Loggin:23 - alterado cadastro de um novo colaborador com o id331 com os itens:WILSON DE ANDRADE GUIMARAES;8950;Wed Aug 21 00:00:00 BRT 2013;Mon Aug 03 00:00:00 BRT 1992;bac.com.br.hibernate.entidade.Funcao[ id=56 ]
10/12/19 16:56 [AWT-EventQueue-0]  WARN bac.com.br.hibernate.utils.Loggin:23 - alterado cadastro de um novo colaborador com o id95 com os itens:EMERSON ANTONIO DA SILVA;8952;Thu Oct 10 00:00:00 BRT 2013;Sun Jun 13 00:00:00 BRT 1993;bac.com.br.hibernate.entidade.Funcao[ id=43 ]
10/12/19 16:57 [AWT-EventQueue-0]  WARN bac.com.br.hibernate.utils.Loggin:23 - alterado cadastro de um novo colaborador com o id163 com os itens:JOSE EDUARDO CAMARGO;8953;Thu Oct 10 00:00:00 BRT 2013;Sat Apr 10 00:00:00 BRT 1993;bac.com.br.hibernate.entidade.Funcao[ id=50 ]
10/12/19 16:57 [AWT-EventQueue-0]  WARN bac.com.br.hibernate.utils.Loggin:23 - alterado cadastro de um novo colaborador com o id263 com os itens:ROBERSON COSTA MOREIRA;8954;Thu Oct 10 00:00:00 BRT 2013;Mon Mar 29 00:00:00 BRT 1993;bac.com.br.hibernate.entidade.Funcao[ id=57 ]
10/12/19 16:58 [AWT-EventQueue-0]  WARN bac.com.br.hibernate.utils.Loggin:23 - alterado cadastro de um novo colaborador com o id23 com os itens:AMARILDO NOVELO PORTO;8955;Fri Oct 11 00:00:00 BRT 2013;Tue Mar 19 00:00:00 BRT 1991;bac.com.br.hibernate.entidade.Funcao[ id=57 ]
10/12/19 17:00 [AWT-EventQueue-0]  WARN bac.com.br.hibernate.utils.Loggin:23 - alterado cadastro de um novo colaborador com o id276 com os itens:ROMARIO APARECIDO FERREIRA;8956;Fri Oct 11 00:00:00 BRT 2013;Mon Feb 05 00:00:00 BRST 1990;bac.com.br.hibernate.entidade.Funcao[ id=56 ]
10/12/19 17:02 [AWT-EventQueue-0]  WARN bac.com.br.hibernate.utils.Loggin:23 - alterado cadastro de um novo colaborador com o id274 com os itens:ROGERIO DE SOUZA CORDEIRO;8957;Fri Oct 11 00:00:00 BRT 2013;Sat Apr 08 00:00:00 BRT 1989;bac.com.br.hibernate.entidade.Funcao[ id=57 ]
10/12/19 17:03 [AWT-EventQueue-0]  WARN bac.com.br.hibernate.utils.Loggin:23 - alterado cadastro de um novo colaborador com o id300 com os itens:TAILISSON JUNIOR MAINARDES;8959;Fri Nov 01 00:00:00 BRST 2013;Thu Nov 02 00:00:00 BRST 1989;bac.com.br.hibernate.entidade.Funcao[ id=57 ]
10/12/19 17:09 [AWT-EventQueue-0]  WARN bac.com.br.hibernate.utils.Loggin:23 - desativado cadastro de um colaborador com o idbac.com.br.hibernate.entidade.Colaborador[ id=75 ]
10/12/19 17:13 [AWT-EventQueue-0]  WARN bac.com.br.hibernate.utils.Loggin:23 - alterado cadastro de um novo colaborador com o id72 com os itens:DIEGO MAINARDES;8963;Thu Dec 12 00:00:00 BRST 2013;Mon Dec 20 00:00:00 BRST 1993;bac.com.br.hibernate.entidade.Funcao[ id=109 ]
10/12/19 17:14 [AWT-EventQueue-0]  WARN bac.com.br.hibernate.utils.Loggin:23 - alterado cadastro de um novo colaborador com o id164 com os itens:JOSE JAMIL DA SILVA BARBOSA;8964;Wed Mar 26 00:00:00 BRT 2014;Tue Nov 29 00:00:00 BRST 1994;bac.com.br.hibernate.entidade.Funcao[ id=50 ]
10/12/19 17:15 [AWT-EventQueue-0]  WARN bac.com.br.hibernate.utils.Loggin:23 - alterado cadastro de um novo colaborador com o id237 com os itens:ORLI MACHADO;8972;Mon May 12 00:00:00 BRT 2014;Wed Feb 08 00:00:00 BRST 1995;bac.com.br.hibernate.entidade.Funcao[ id=123 ]
10/12/19 17:16 [AWT-EventQueue-0]  WARN bac.com.br.hibernate.utils.Loggin:23 - alterado cadastro de um novo colaborador com o id336 com os itens:MARCELO VIRGINIO DE JESUS;8980;Fri Aug 07 00:00:00 BRT 2015;Sat Jul 09 00:00:00 BRT 1988;bac.com.br.hibernate.entidade.Funcao[ id=56 ]
10/12/19 17:16 [AWT-EventQueue-0]  WARN bac.com.br.hibernate.utils.Loggin:23 - alterado cadastro de um novo colaborador com o id346 com os itens:RENATA ALVES FERREIRA;8981;Mon Sep 22 00:00:00 BRT 2014;Thu Jun 22 00:00:00 BRT 1989;bac.com.br.hibernate.entidade.Funcao[ id=53 ]
10/12/19 17:17 [AWT-EventQueue-0]  WARN bac.com.br.hibernate.utils.Loggin:23 - alterado cadastro de um novo colaborador com o id339 com os itens:FABIO JUNIOR MARTINS SIMAO;8983;Thu Oct 23 00:00:00 BRST 2014;Thu Mar 30 00:00:00 BRT 1995;bac.com.br.hibernate.entidade.Funcao[ id=97 ]
10/12/19 17:38 [AWT-EventQueue-0]  WARN bac.com.br.hibernate.utils.Loggin:23 - alterado cadastro de um novo colaborador com o id340 com os itens:EDUARDO COSTA ROSA;8985;Mon Feb 09 00:00:00 BRST 2015;Sun Dec 03 00:00:00 BRST 1995;bac.com.br.hibernate.entidade.Funcao[ id=53 ]
10/12/19 17:39 [AWT-EventQueue-0]  WARN bac.com.br.hibernate.utils.Loggin:23 - alterado cadastro de um novo colaborador com o id342 com os itens:IVANIL APARECIDO DOS SANTOS;8986;Mon Feb 23 00:00:00 BRT 2015;Sun May 21 00:00:00 BRT 1989;bac.com.br.hibernate.entidade.Funcao[ id=120 ]
10/12/19 17:40 [AWT-EventQueue-0]  WARN bac.com.br.hibernate.utils.Loggin:23 - alterado cadastro de um novo colaborador com o id355 com os itens:WELLINGTON LUIS DA SILVA SUTIL;8992;Fri Mar 27 00:00:00 BRT 2015;Mon Apr 29 00:00:00 BRT 1996;bac.com.br.hibernate.entidade.Funcao[ id=63 ]
10/12/19 17:40 [AWT-EventQueue-0]  WARN bac.com.br.hibernate.utils.Loggin:23 - alterado cadastro de um novo colaborador com o id343 com os itens:CARLOS EDUARDO FERREIRA;8997;Thu Jul 02 00:00:00 BRT 2015;Fri Mar 28 00:00:00 BRT 1997;bac.com.br.hibernate.entidade.Funcao[ id=53 ]
10/12/19 17:42 [AWT-EventQueue-0]  WARN bac.com.br.hibernate.utils.Loggin:23 - alterado cadastro de um novo colaborador com o id365 com os itens:RODRIGO FERREIRA BARBOSA;9001;Wed Jul 08 00:00:00 BRT 2015;Mon Dec 05 00:00:00 BRST 1994;bac.com.br.hibernate.entidade.Funcao[ id=63 ]
10/12/19 17:49 [AWT-EventQueue-0]  WARN bac.com.br.hibernate.utils.Loggin:23 - alterado cadastro de um novo colaborador com o id377 com os itens:CARISSON SANTOS DE SAMPAIO;9009;Wed Feb 15 00:00:00 BRST 2017;Wed Feb 28 00:00:00 BRT 1996;bac.com.br.hibernate.entidade.Funcao[ id=123 ]
10/12/19 17:50 [AWT-EventQueue-0]  WARN bac.com.br.hibernate.utils.Loggin:23 - alterado cadastro de um novo colaborador com o id380 com os itens:NATAN DE MORAIS RUIZ;9012;Wed Feb 15 00:00:00 BRST 2017;Thu Mar 28 00:00:00 BRT 1996;bac.com.br.hibernate.entidade.Funcao[ id=109 ]
10/12/19 17:51 [AWT-EventQueue-0]  WARN bac.com.br.hibernate.utils.Loggin:23 - alterado cadastro de um novo colaborador com o id389 com os itens:FERNANDO GOMES DA SILVA;9019;Wed Jul 26 00:00:00 BRT 2017;Sun Apr 14 00:00:00 BRT 1996;bac.com.br.hibernate.entidade.Funcao[ id=63 ]
10/12/19 17:52 [AWT-EventQueue-0]  WARN bac.com.br.hibernate.utils.Loggin:23 - alterado cadastro de um novo colaborador com o id424 com os itens:GUSTAVO PERETI;9021;Mon May 28 00:00:00 BRT 2018;Fri Jun 02 00:00:00 BRT 1989;bac.com.br.hibernate.entidade.Funcao[ id=93 ]
10/12/19 17:53 [AWT-EventQueue-0]  WARN bac.com.br.hibernate.utils.Loggin:23 - alterado cadastro de um novo colaborador com o id387 com os itens:Luciane Aparecida da Silva Vigil;9022;Thu Feb 01 00:00:00 BRST 2018;Mon Feb 22 00:00:00 BRT 1988;bac.com.br.hibernate.entidade.Funcao[ id=107 ]
10/12/19 17:54 [AWT-EventQueue-0]  WARN bac.com.br.hibernate.utils.Loggin:23 - alterado cadastro de um novo colaborador com o id424 com os itens:GUSTAVO PERETI;9021;Wed Jan 17 00:00:00 BRST 2018;Fri Jun 02 00:00:00 BRT 1989;bac.com.br.hibernate.entidade.Funcao[ id=93 ]
10/12/19 17:54 [AWT-EventQueue-0]  WARN bac.com.br.hibernate.utils.Loggin:23 - desativado cadastro de um colaborador com o idbac.com.br.hibernate.entidade.Colaborador[ id=417 ]
10/12/19 17:54 [AWT-EventQueue-0]  WARN bac.com.br.hibernate.utils.Loggin:23 - alterado cadastro de um novo colaborador com o id409 com os itens:MARCOS WILLIAN SOUZA FERREIRA;9024;Thu Mar 01 00:00:00 BRT 2018;Sat Jan 24 00:00:00 BRST 1998;bac.com.br.hibernate.entidade.Funcao[ id=51 ]
10/12/19 17:55 [AWT-EventQueue-0]  WARN bac.com.br.hibernate.utils.Loggin:23 - alterado cadastro de um novo colaborador com o id410 com os itens:EDUARDO EVANGELISTA SOARES;9025;Thu Mar 01 00:00:00 BRT 2018;Wed Jan 07 00:00:00 BRST 1998;bac.com.br.hibernate.entidade.Funcao[ id=50 ]
10/12/19 17:55 [AWT-EventQueue-0]  WARN bac.com.br.hibernate.utils.Loggin:23 - alterado cadastro de um novo colaborador com o id411 com os itens:MAICON DOUGLAS BISCAIA PALHARES;9026;Thu Mar 01 00:00:00 BRT 2018;Thu Sep 30 00:00:00 BRT 1999;bac.com.br.hibernate.entidade.Funcao[ id=51 ]
10/12/19 17:55 [AWT-EventQueue-0]  WARN bac.com.br.hibernate.utils.Loggin:23 - alterado cadastro de um novo colaborador com o id412 com os itens:CARLOS EDUARDO DOS SANTOS;9027;Thu Mar 01 00:00:00 BRT 2018;Sat Dec 13 00:00:00 BRST 1997;bac.com.br.hibernate.entidade.Funcao[ id=51 ]
10/12/19 17:56 [AWT-EventQueue-0]  WARN bac.com.br.hibernate.utils.Loggin:23 - alterado cadastro de um novo colaborador com o id414 com os itens:LUCAS AUGUSTO BUCCO;9029;Thu Mar 01 00:00:00 BRT 2018;Sat Jan 21 00:00:00 BRST 1995;bac.com.br.hibernate.entidade.Funcao[ id=62 ]
10/12/19 17:56 [AWT-EventQueue-0]  WARN bac.com.br.hibernate.utils.Loggin:23 - alterado cadastro de um novo colaborador com o id415 com os itens:jose augusto  rosa dos santos;9030;Thu Mar 01 00:00:00 BRT 2018;Fri Jan 17 00:00:00 BRST 1997;bac.com.br.hibernate.entidade.Funcao[ id=62 ]
10/12/19 17:57 [AWT-EventQueue-0]  WARN bac.com.br.hibernate.utils.Loggin:23 - alterado cadastro de um novo colaborador com o id416 com os itens:MAURICIO JUNIOR SOARES DE PAIVA;9031;Thu Mar 01 00:00:00 BRT 2018;Thu Dec 03 00:00:00 BRST 1998;bac.com.br.hibernate.entidade.Funcao[ id=106 ]
10/12/19 17:57 [AWT-EventQueue-0]  WARN bac.com.br.hibernate.utils.Loggin:23 - alterado cadastro de um novo colaborador com o id418 com os itens:IGOR ANDRADE DA SILVA;9032;Mon Apr 23 00:00:00 BRT 2018;Sun Jul 13 00:00:00 BRT 1997;bac.com.br.hibernate.entidade.Funcao[ id=51 ]
10/12/19 17:58 [AWT-EventQueue-0]  WARN bac.com.br.hibernate.utils.Loggin:23 - alterado cadastro de um novo colaborador com o id419 com os itens:MARCIO DE OLIVEIRA SILVA;9033;Thu May 10 00:00:00 BRT 2018;Sun Dec 12 00:00:00 BRST 1999;bac.com.br.hibernate.entidade.Funcao[ id=51 ]
10/12/19 17:59 [AWT-EventQueue-0]  WARN bac.com.br.hibernate.utils.Loggin:23 - alterado cadastro de um novo colaborador com o id422 com os itens:JORGE HENRIQUE RODRIGUES ARAUJO;9036;Thu May 10 00:00:00 BRT 2018;Thu May 22 00:00:00 BRT 1997;bac.com.br.hibernate.entidade.Funcao[ id=51 ]
11/12/19 08:27 [AWT-EventQueue-0]  WARN bac.com.br.hibernate.utils.Loggin:23 - realisado login com o usuario 9020
12/12/19 18:20 [AWT-EventQueue-0]  WARN bac.com.br.hibernate.utils.Loggin:23 - realisado login com o usuario 9020
13/12/19 08:27 [AWT-EventQueue-0]  WARN bac.com.br.hibernate.utils.Loggin:23 - realisado login com o usuario 9020
16/12/19 09:13 [AWT-EventQueue-0]  WARN bac.com.br.hibernate.utils.Loggin:23 - realisado login com o usuario 9020
16/12/19 10:01 [AWT-EventQueue-0]  WARN bac.com.br.hibernate.utils.Loggin:23 - criado cadastro de um novo documento com o id174 com os itens:VIGILANTE;bac.com.br.hibernate.entidade.Setor[ id=7 ]
16/12/19 10:01 [AWT-EventQueue-0]  WARN bac.com.br.hibernate.utils.Loggin:23 - criado cadastro de um novo documento com o id174 com os itens:VIGILANTE;bac.com.br.hibernate.entidade.Setor[ id=7 ]
16/12/19 10:05 [AWT-EventQueue-0]  WARN bac.com.br.hibernate.utils.Loggin:23 - criado cadastro de um novo colaborador com o id448 com os itens:VALDIR ALVES DO NASCIMENTO;6371;Tue Mar 17 00:00:00 BRT 1987;Thu Jan 12 00:00:00 BRST 1967;bac.com.br.hibernate.entidade.Funcao[ id=174 ]
16/12/19 10:08 [AWT-EventQueue-0]  WARN bac.com.br.hibernate.utils.Loggin:23 - realisado login com o usuario 9020
16/12/19 10:17 [AWT-EventQueue-0]  WARN bac.com.br.hibernate.utils.Loggin:23 - realisado login com o usuario 9020
18/12/19 10:10 [AWT-EventQueue-0]  WARN bac.com.br.hibernate.utils.Loggin:23 - realisado login com o usuario 9020
18/12/19 10:12 [AWT-EventQueue-0]  WARN bac.com.br.hibernate.utils.Loggin:23 - realisado login com o usuario 9020
18/12/19 10:14 [AWT-EventQueue-0]  WARN bac.com.br.hibernate.utils.Loggin:23 - realisado login com o usuario 9020
18/12/19 11:21 [AWT-EventQueue-0]  WARN bac.com.br.hibernate.utils.Loggin:23 - realisado login com o usuario 9020
