10/09/19 11:21 [AWT-EventQueue-0]  WARN net.sf.jasperreports.engine.export.GenericElementHandlerEnviroment:148 - Found two generic element handler bundles for namespace http://jasperreports.sourceforge.net/jasperreports
10/09/19 11:21 [AWT-EventQueue-0]  WARN net.sf.jasperreports.engine.export.GenericElementHandlerEnviroment:148 - Found two generic element handler bundles for namespace http://jasperreports.sourceforge.net/jasperreports
10/09/19 11:21 [AWT-EventQueue-0]  WARN net.sf.jasperreports.engine.export.GenericElementHandlerEnviroment:148 - Found two generic element handler bundles for namespace http://jasperreports.sourceforge.net/jasperreports
10/09/19 11:21 [AWT-EventQueue-0]  WARN net.sf.jasperreports.engine.export.GenericElementHandlerEnviroment:148 - Found two generic element handler bundles for namespace http://jasperreports.sourceforge.net/jasperreports
10/09/19 11:21 [AWT-EventQueue-0]  WARN net.sf.jasperreports.engine.export.GenericElementHandlerEnviroment:148 - Found two generic element handler bundles for namespace http://jasperreports.sourceforge.net/jasperreports
10/09/19 11:21 [AWT-EventQueue-0]  WARN net.sf.jasperreports.engine.export.GenericElementHandlerEnviroment:148 - Found two generic element handler bundles for namespace http://jasperreports.sourceforge.net/jasperreports
10/09/19 11:21 [AWT-EventQueue-0]  WARN net.sf.jasperreports.engine.export.GenericElementHandlerEnviroment:148 - Found two generic element handler bundles for namespace http://jasperreports.sourceforge.net/jasperreports
10/09/19 11:21 [AWT-EventQueue-0]  WARN net.sf.jasperreports.engine.export.GenericElementHandlerEnviroment:148 - Found two generic element handler bundles for namespace http://jasperreports.sourceforge.net/jasperreports
10/09/19 11:21 [AWT-EventQueue-0]  WARN net.sf.jasperreports.engine.export.GenericElementHandlerEnviroment:148 - Found two generic element handler bundles for namespace http://jasperreports.sourceforge.net/jasperreports
10/09/19 11:21 [AWT-EventQueue-0]  WARN net.sf.jasperreports.engine.export.GenericElementHandlerEnviroment:148 - Found two generic element handler bundles for namespace http://jasperreports.sourceforge.net/jasperreports
10/09/19 11:21 [AWT-EventQueue-0]  WARN net.sf.jasperreports.engine.export.GenericElementHandlerEnviroment:148 - Found two generic element handler bundles for namespace http://jasperreports.sourceforge.net/jasperreports
10/09/19 11:21 [AWT-EventQueue-0]  WARN net.sf.jasperreports.engine.export.GenericElementHandlerEnviroment:148 - Found two generic element handler bundles for namespace http://jasperreports.sourceforge.net/jasperreports
10/09/19 11:21 [AWT-EventQueue-0]  WARN net.sf.jasperreports.engine.export.GenericElementHandlerEnviroment:148 - Found two generic element handler bundles for namespace http://jasperreports.sourceforge.net/jasperreports
10/09/19 11:21 [AWT-EventQueue-0]  WARN net.sf.jasperreports.engine.export.GenericElementHandlerEnviroment:148 - Found two generic element handler bundles for namespace http://jasperreports.sourceforge.net/jasperreports
10/09/19 11:21 [AWT-EventQueue-0]  WARN net.sf.jasperreports.engine.export.GenericElementHandlerEnviroment:148 - Found two generic element handler bundles for namespace http://jasperreports.sourceforge.net/jasperreports
10/09/19 11:21 [AWT-EventQueue-0]  WARN net.sf.jasperreports.engine.export.GenericElementHandlerEnviroment:148 - Found two generic element handler bundles for namespace http://jasperreports.sourceforge.net/jasperreports
10/09/19 11:21 [AWT-EventQueue-0]  WARN net.sf.jasperreports.engine.export.GenericElementHandlerEnviroment:148 - Found two generic element handler bundles for namespace http://jasperreports.sourceforge.net/jasperreports
10/09/19 11:21 [AWT-EventQueue-0]  WARN net.sf.jasperreports.engine.export.GenericElementHandlerEnviroment:148 - Found two generic element handler bundles for namespace http://jasperreports.sourceforge.net/jasperreports
10/09/19 11:21 [AWT-EventQueue-0]  WARN net.sf.jasperreports.engine.export.GenericElementHandlerEnviroment:148 - Found two generic element handler bundles for namespace http://jasperreports.sourceforge.net/jasperreports
10/09/19 11:21 [AWT-EventQueue-0]  WARN net.sf.jasperreports.engine.export.GenericElementHandlerEnviroment:148 - Found two generic element handler bundles for namespace http://jasperreports.sourceforge.net/jasperreports
10/09/19 11:21 [AWT-EventQueue-0]  WARN net.sf.jasperreports.engine.export.GenericElementHandlerEnviroment:148 - Found two generic element handler bundles for namespace http://jasperreports.sourceforge.net/jasperreports
10/09/19 11:21 [AWT-EventQueue-0]  WARN net.sf.jasperreports.engine.export.GenericElementHandlerEnviroment:148 - Found two generic element handler bundles for namespace http://jasperreports.sourceforge.net/jasperreports
10/09/19 11:21 [AWT-EventQueue-0]  WARN net.sf.jasperreports.engine.export.GenericElementHandlerEnviroment:148 - Found two generic element handler bundles for namespace http://jasperreports.sourceforge.net/jasperreports
10/09/19 11:21 [AWT-EventQueue-0]  WARN net.sf.jasperreports.engine.export.GenericElementHandlerEnviroment:148 - Found two generic element handler bundles for namespace http://jasperreports.sourceforge.net/jasperreports
10/09/19 11:21 [AWT-EventQueue-0]  WARN net.sf.jasperreports.engine.export.GenericElementHandlerEnviroment:148 - Found two generic element handler bundles for namespace http://jasperreports.sourceforge.net/jasperreports
10/09/19 11:21 [AWT-EventQueue-0]  WARN net.sf.jasperreports.engine.export.GenericElementHandlerEnviroment:148 - Found two generic element handler bundles for namespace http://jasperreports.sourceforge.net/jasperreports
10/09/19 11:21 [AWT-EventQueue-0]  WARN net.sf.jasperreports.engine.export.GenericElementHandlerEnviroment:148 - Found two generic element handler bundles for namespace http://jasperreports.sourceforge.net/jasperreports
10/09/19 11:21 [AWT-EventQueue-0]  WARN net.sf.jasperreports.engine.export.GenericElementHandlerEnviroment:148 - Found two generic element handler bundles for namespace http://jasperreports.sourceforge.net/jasperreports
10/09/19 11:21 [AWT-EventQueue-0]  WARN net.sf.jasperreports.engine.export.GenericElementHandlerEnviroment:148 - Found two generic element handler bundles for namespace http://jasperreports.sourceforge.net/jasperreports
10/09/19 11:21 [AWT-EventQueue-0]  WARN net.sf.jasperreports.engine.export.GenericElementHandlerEnviroment:148 - Found two generic element handler bundles for namespace http://jasperreports.sourceforge.net/jasperreports
10/09/19 11:21 [AWT-EventQueue-0]  WARN net.sf.jasperreports.engine.export.GenericElementHandlerEnviroment:148 - Found two generic element handler bundles for namespace http://jasperreports.sourceforge.net/jasperreports
10/09/19 11:21 [AWT-EventQueue-0]  WARN net.sf.jasperreports.engine.export.GenericElementHandlerEnviroment:148 - Found two generic element handler bundles for namespace http://jasperreports.sourceforge.net/jasperreports
10/09/19 11:21 [AWT-EventQueue-0]  WARN net.sf.jasperreports.engine.export.GenericElementHandlerEnviroment:148 - Found two generic element handler bundles for namespace http://jasperreports.sourceforge.net/jasperreports
10/09/19 11:21 [AWT-EventQueue-0]  WARN net.sf.jasperreports.engine.export.GenericElementHandlerEnviroment:148 - Found two generic element handler bundles for namespace http://jasperreports.sourceforge.net/jasperreports
10/09/19 11:21 [AWT-EventQueue-0]  WARN net.sf.jasperreports.engine.export.GenericElementHandlerEnviroment:148 - Found two generic element handler bundles for namespace http://jasperreports.sourceforge.net/jasperreports
10/09/19 11:21 [AWT-EventQueue-0]  WARN net.sf.jasperreports.engine.export.GenericElementHandlerEnviroment:148 - Found two generic element handler bundles for namespace http://jasperreports.sourceforge.net/jasperreports
10/09/19 11:21 [AWT-EventQueue-0]  WARN net.sf.jasperreports.engine.export.GenericElementHandlerEnviroment:148 - Found two generic element handler bundles for namespace http://jasperreports.sourceforge.net/jasperreports
10/09/19 11:21 [AWT-EventQueue-0]  WARN net.sf.jasperreports.engine.export.GenericElementHandlerEnviroment:148 - Found two generic element handler bundles for namespace http://jasperreports.sourceforge.net/jasperreports
10/09/19 11:21 [AWT-EventQueue-0]  WARN net.sf.jasperreports.engine.export.GenericElementHandlerEnviroment:148 - Found two generic element handler bundles for namespace http://jasperreports.sourceforge.net/jasperreports
10/09/19 11:21 [AWT-EventQueue-0]  WARN net.sf.jasperreports.engine.export.GenericElementHandlerEnviroment:148 - Found two generic element handler bundles for namespace http://jasperreports.sourceforge.net/jasperreports
10/09/19 11:21 [AWT-EventQueue-0]  WARN net.sf.jasperreports.engine.export.GenericElementHandlerEnviroment:148 - Found two generic element handler bundles for namespace http://jasperreports.sourceforge.net/jasperreports
10/09/19 11:21 [AWT-EventQueue-0]  WARN net.sf.jasperreports.engine.export.GenericElementHandlerEnviroment:148 - Found two generic element handler bundles for namespace http://jasperreports.sourceforge.net/jasperreports
10/09/19 11:21 [AWT-EventQueue-0]  WARN net.sf.jasperreports.engine.export.GenericElementHandlerEnviroment:148 - Found two generic element handler bundles for namespace http://jasperreports.sourceforge.net/jasperreports
10/09/19 11:21 [AWT-EventQueue-0]  WARN net.sf.jasperreports.engine.export.GenericElementHandlerEnviroment:148 - Found two generic element handler bundles for namespace http://jasperreports.sourceforge.net/jasperreports
10/09/19 11:21 [AWT-EventQueue-0]  WARN net.sf.jasperreports.engine.export.GenericElementHandlerEnviroment:148 - Found two generic element handler bundles for namespace http://jasperreports.sourceforge.net/jasperreports
10/09/19 11:21 [AWT-EventQueue-0]  WARN net.sf.jasperreports.engine.export.GenericElementHandlerEnviroment:148 - Found two generic element handler bundles for namespace http://jasperreports.sourceforge.net/jasperreports
10/09/19 11:21 [AWT-EventQueue-0]  WARN net.sf.jasperreports.engine.export.GenericElementHandlerEnviroment:148 - Found two generic element handler bundles for namespace http://jasperreports.sourceforge.net/jasperreports
10/09/19 11:21 [AWT-EventQueue-0]  WARN net.sf.jasperreports.engine.export.GenericElementHandlerEnviroment:148 - Found two generic element handler bundles for namespace http://jasperreports.sourceforge.net/jasperreports
10/09/19 11:21 [AWT-EventQueue-0]  WARN net.sf.jasperreports.engine.export.GenericElementHandlerEnviroment:148 - Found two generic element handler bundles for namespace http://jasperreports.sourceforge.net/jasperreports
10/09/19 11:21 [AWT-EventQueue-0]  WARN net.sf.jasperreports.engine.export.GenericElementHandlerEnviroment:148 - Found two generic element handler bundles for namespace http://jasperreports.sourceforge.net/jasperreports
10/09/19 11:21 [AWT-EventQueue-0]  WARN net.sf.jasperreports.engine.export.GenericElementHandlerEnviroment:148 - Found two generic element handler bundles for namespace http://jasperreports.sourceforge.net/jasperreports
10/09/19 11:21 [AWT-EventQueue-0]  WARN net.sf.jasperreports.engine.export.GenericElementHandlerEnviroment:148 - Found two generic element handler bundles for namespace http://jasperreports.sourceforge.net/jasperreports
10/09/19 11:21 [AWT-EventQueue-0]  WARN net.sf.jasperreports.engine.export.GenericElementHandlerEnviroment:148 - Found two generic element handler bundles for namespace http://jasperreports.sourceforge.net/jasperreports
10/09/19 11:21 [AWT-EventQueue-0]  WARN net.sf.jasperreports.engine.export.GenericElementHandlerEnviroment:148 - Found two generic element handler bundles for namespace http://jasperreports.sourceforge.net/jasperreports
10/09/19 11:21 [AWT-EventQueue-0]  WARN net.sf.jasperreports.engine.export.GenericElementHandlerEnviroment:148 - Found two generic element handler bundles for namespace http://jasperreports.sourceforge.net/jasperreports
10/09/19 11:21 [AWT-EventQueue-0]  WARN net.sf.jasperreports.engine.export.GenericElementHandlerEnviroment:148 - Found two generic element handler bundles for namespace http://jasperreports.sourceforge.net/jasperreports
10/09/19 11:21 [AWT-EventQueue-0]  WARN net.sf.jasperreports.engine.export.GenericElementHandlerEnviroment:148 - Found two generic element handler bundles for namespace http://jasperreports.sourceforge.net/jasperreports
10/09/19 11:21 [AWT-EventQueue-0]  WARN net.sf.jasperreports.engine.export.GenericElementHandlerEnviroment:148 - Found two generic element handler bundles for namespace http://jasperreports.sourceforge.net/jasperreports
10/09/19 11:21 [AWT-EventQueue-0]  WARN net.sf.jasperreports.engine.export.GenericElementHandlerEnviroment:148 - Found two generic element handler bundles for namespace http://jasperreports.sourceforge.net/jasperreports
10/09/19 11:21 [AWT-EventQueue-0]  WARN net.sf.jasperreports.engine.export.GenericElementHandlerEnviroment:148 - Found two generic element handler bundles for namespace http://jasperreports.sourceforge.net/jasperreports
10/09/19 11:21 [AWT-EventQueue-0]  WARN net.sf.jasperreports.engine.export.GenericElementHandlerEnviroment:148 - Found two generic element handler bundles for namespace http://jasperreports.sourceforge.net/jasperreports
10/09/19 11:21 [AWT-EventQueue-0]  WARN net.sf.jasperreports.engine.export.GenericElementHandlerEnviroment:148 - Found two generic element handler bundles for namespace http://jasperreports.sourceforge.net/jasperreports
10/09/19 11:21 [AWT-EventQueue-0]  WARN net.sf.jasperreports.engine.export.GenericElementHandlerEnviroment:148 - Found two generic element handler bundles for namespace http://jasperreports.sourceforge.net/jasperreports
10/09/19 11:21 [AWT-EventQueue-0]  WARN net.sf.jasperreports.engine.export.GenericElementHandlerEnviroment:148 - Found two generic element handler bundles for namespace http://jasperreports.sourceforge.net/jasperreports
10/09/19 11:21 [AWT-EventQueue-0]  WARN net.sf.jasperreports.engine.export.GenericElementHandlerEnviroment:148 - Found two generic element handler bundles for namespace http://jasperreports.sourceforge.net/jasperreports
10/09/19 11:21 [AWT-EventQueue-0]  WARN net.sf.jasperreports.engine.export.GenericElementHandlerEnviroment:148 - Found two generic element handler bundles for namespace http://jasperreports.sourceforge.net/jasperreports
10/09/19 11:21 [AWT-EventQueue-0]  WARN net.sf.jasperreports.engine.export.GenericElementHandlerEnviroment:148 - Found two generic element handler bundles for namespace http://jasperreports.sourceforge.net/jasperreports
10/09/19 11:21 [AWT-EventQueue-0]  WARN net.sf.jasperreports.engine.export.GenericElementHandlerEnviroment:148 - Found two generic element handler bundles for namespace http://jasperreports.sourceforge.net/jasperreports
10/09/19 11:21 [AWT-EventQueue-0]  WARN net.sf.jasperreports.engine.export.GenericElementHandlerEnviroment:148 - Found two generic element handler bundles for namespace http://jasperreports.sourceforge.net/jasperreports
10/09/19 11:21 [AWT-EventQueue-0]  WARN net.sf.jasperreports.engine.export.GenericElementHandlerEnviroment:148 - Found two generic element handler bundles for namespace http://jasperreports.sourceforge.net/jasperreports
10/09/19 11:21 [AWT-EventQueue-0]  WARN net.sf.jasperreports.engine.export.GenericElementHandlerEnviroment:148 - Found two generic element handler bundles for namespace http://jasperreports.sourceforge.net/jasperreports
10/09/19 11:21 [AWT-EventQueue-0]  WARN net.sf.jasperreports.engine.export.GenericElementHandlerEnviroment:148 - Found two generic element handler bundles for namespace http://jasperreports.sourceforge.net/jasperreports
10/09/19 11:21 [AWT-EventQueue-0]  WARN net.sf.jasperreports.engine.export.GenericElementHandlerEnviroment:148 - Found two generic element handler bundles for namespace http://jasperreports.sourceforge.net/jasperreports
10/09/19 11:21 [AWT-EventQueue-0]  WARN net.sf.jasperreports.engine.export.GenericElementHandlerEnviroment:148 - Found two generic element handler bundles for namespace http://jasperreports.sourceforge.net/jasperreports
10/09/19 11:21 [AWT-EventQueue-0]  WARN net.sf.jasperreports.engine.export.GenericElementHandlerEnviroment:148 - Found two generic element handler bundles for namespace http://jasperreports.sourceforge.net/jasperreports
10/09/19 11:21 [AWT-EventQueue-0]  WARN net.sf.jasperreports.engine.export.GenericElementHandlerEnviroment:148 - Found two generic element handler bundles for namespace http://jasperreports.sourceforge.net/jasperreports
10/09/19 11:21 [AWT-EventQueue-0]  WARN net.sf.jasperreports.engine.export.GenericElementHandlerEnviroment:148 - Found two generic element handler bundles for namespace http://jasperreports.sourceforge.net/jasperreports
10/09/19 11:21 [AWT-EventQueue-0]  WARN net.sf.jasperreports.engine.export.GenericElementHandlerEnviroment:148 - Found two generic element handler bundles for namespace http://jasperreports.sourceforge.net/jasperreports
10/09/19 11:21 [AWT-EventQueue-0]  WARN net.sf.jasperreports.engine.export.GenericElementHandlerEnviroment:148 - Found two generic element handler bundles for namespace http://jasperreports.sourceforge.net/jasperreports
10/09/19 11:21 [AWT-EventQueue-0]  WARN net.sf.jasperreports.engine.export.GenericElementHandlerEnviroment:148 - Found two generic element handler bundles for namespace http://jasperreports.sourceforge.net/jasperreports
10/09/19 11:21 [AWT-EventQueue-0]  WARN net.sf.jasperreports.engine.export.GenericElementHandlerEnviroment:148 - Found two generic element handler bundles for namespace http://jasperreports.sourceforge.net/jasperreports
10/09/19 11:21 [AWT-EventQueue-0]  WARN net.sf.jasperreports.engine.export.GenericElementHandlerEnviroment:148 - Found two generic element handler bundles for namespace http://jasperreports.sourceforge.net/jasperreports
10/09/19 11:21 [AWT-EventQueue-0]  WARN net.sf.jasperreports.engine.export.GenericElementHandlerEnviroment:148 - Found two generic element handler bundles for namespace http://jasperreports.sourceforge.net/jasperreports
10/09/19 11:21 [AWT-EventQueue-0]  WARN net.sf.jasperreports.engine.export.GenericElementHandlerEnviroment:148 - Found two generic element handler bundles for namespace http://jasperreports.sourceforge.net/jasperreports
10/09/19 11:21 [AWT-EventQueue-0]  WARN net.sf.jasperreports.engine.export.GenericElementHandlerEnviroment:148 - Found two generic element handler bundles for namespace http://jasperreports.sourceforge.net/jasperreports
10/09/19 11:21 [AWT-EventQueue-0]  WARN net.sf.jasperreports.engine.export.GenericElementHandlerEnviroment:148 - Found two generic element handler bundles for namespace http://jasperreports.sourceforge.net/jasperreports
10/09/19 11:21 [AWT-EventQueue-0]  WARN net.sf.jasperreports.engine.export.GenericElementHandlerEnviroment:148 - Found two generic element handler bundles for namespace http://jasperreports.sourceforge.net/jasperreports
10/09/19 11:21 [AWT-EventQueue-0]  WARN net.sf.jasperreports.engine.export.GenericElementHandlerEnviroment:148 - Found two generic element handler bundles for namespace http://jasperreports.sourceforge.net/jasperreports
10/09/19 11:21 [AWT-EventQueue-0]  WARN net.sf.jasperreports.engine.export.GenericElementHandlerEnviroment:148 - Found two generic element handler bundles for namespace http://jasperreports.sourceforge.net/jasperreports
10/09/19 11:21 [AWT-EventQueue-0]  WARN net.sf.jasperreports.engine.export.GenericElementHandlerEnviroment:148 - Found two generic element handler bundles for namespace http://jasperreports.sourceforge.net/jasperreports
10/09/19 11:21 [AWT-EventQueue-0]  WARN net.sf.jasperreports.engine.export.GenericElementHandlerEnviroment:148 - Found two generic element handler bundles for namespace http://jasperreports.sourceforge.net/jasperreports
10/09/19 11:21 [AWT-EventQueue-0]  WARN net.sf.jasperreports.engine.export.GenericElementHandlerEnviroment:148 - Found two generic element handler bundles for namespace http://jasperreports.sourceforge.net/jasperreports
10/09/19 11:21 [AWT-EventQueue-0]  WARN net.sf.jasperreports.engine.export.GenericElementHandlerEnviroment:148 - Found two generic element handler bundles for namespace http://jasperreports.sourceforge.net/jasperreports
10/09/19 11:21 [AWT-EventQueue-0]  WARN net.sf.jasperreports.engine.export.GenericElementHandlerEnviroment:148 - Found two generic element handler bundles for namespace http://jasperreports.sourceforge.net/jasperreports
10/09/19 11:21 [AWT-EventQueue-0]  WARN net.sf.jasperreports.engine.export.GenericElementHandlerEnviroment:148 - Found two generic element handler bundles for namespace http://jasperreports.sourceforge.net/jasperreports
10/09/19 11:21 [AWT-EventQueue-0]  WARN net.sf.jasperreports.engine.export.GenericElementHandlerEnviroment:148 - Found two generic element handler bundles for namespace http://jasperreports.sourceforge.net/jasperreports
10/09/19 11:21 [AWT-EventQueue-0]  WARN net.sf.jasperreports.engine.export.GenericElementHandlerEnviroment:148 - Found two generic element handler bundles for namespace http://jasperreports.sourceforge.net/jasperreports
10/09/19 11:21 [AWT-EventQueue-0]  WARN net.sf.jasperreports.engine.export.GenericElementHandlerEnviroment:148 - Found two generic element handler bundles for namespace http://jasperreports.sourceforge.net/jasperreports
10/09/19 11:21 [AWT-EventQueue-0]  WARN net.sf.jasperreports.engine.export.GenericElementHandlerEnviroment:148 - Found two generic element handler bundles for namespace http://jasperreports.sourceforge.net/jasperreports
10/09/19 11:21 [AWT-EventQueue-0]  WARN net.sf.jasperreports.engine.export.GenericElementHandlerEnviroment:148 - Found two generic element handler bundles for namespace http://jasperreports.sourceforge.net/jasperreports
10/09/19 11:21 [AWT-EventQueue-0]  WARN net.sf.jasperreports.engine.export.GenericElementHandlerEnviroment:148 - Found two generic element handler bundles for namespace http://jasperreports.sourceforge.net/jasperreports
10/09/19 11:21 [AWT-EventQueue-0]  WARN net.sf.jasperreports.engine.export.GenericElementHandlerEnviroment:148 - Found two generic element handler bundles for namespace http://jasperreports.sourceforge.net/jasperreports
10/09/19 11:21 [AWT-EventQueue-0]  WARN net.sf.jasperreports.engine.export.GenericElementHandlerEnviroment:148 - Found two generic element handler bundles for namespace http://jasperreports.sourceforge.net/jasperreports
10/09/19 11:21 [AWT-EventQueue-0]  WARN net.sf.jasperreports.engine.export.GenericElementHandlerEnviroment:148 - Found two generic element handler bundles for namespace http://jasperreports.sourceforge.net/jasperreports
10/09/19 11:21 [AWT-EventQueue-0]  WARN net.sf.jasperreports.engine.export.GenericElementHandlerEnviroment:148 - Found two generic element handler bundles for namespace http://jasperreports.sourceforge.net/jasperreports
10/09/19 11:21 [AWT-EventQueue-0]  WARN net.sf.jasperreports.engine.export.GenericElementHandlerEnviroment:148 - Found two generic element handler bundles for namespace http://jasperreports.sourceforge.net/jasperreports
10/09/19 11:21 [AWT-EventQueue-0]  WARN net.sf.jasperreports.engine.export.GenericElementHandlerEnviroment:148 - Found two generic element handler bundles for namespace http://jasperreports.sourceforge.net/jasperreports
10/09/19 11:21 [AWT-EventQueue-0]  WARN net.sf.jasperreports.engine.export.GenericElementHandlerEnviroment:148 - Found two generic element handler bundles for namespace http://jasperreports.sourceforge.net/jasperreports
10/09/19 11:21 [AWT-EventQueue-0]  WARN net.sf.jasperreports.engine.export.GenericElementHandlerEnviroment:148 - Found two generic element handler bundles for namespace http://jasperreports.sourceforge.net/jasperreports
10/09/19 11:21 [AWT-EventQueue-0]  WARN net.sf.jasperreports.engine.export.GenericElementHandlerEnviroment:148 - Found two generic element handler bundles for namespace http://jasperreports.sourceforge.net/jasperreports
10/09/19 11:21 [AWT-EventQueue-0]  WARN net.sf.jasperreports.engine.export.GenericElementHandlerEnviroment:148 - Found two generic element handler bundles for namespace http://jasperreports.sourceforge.net/jasperreports
10/09/19 11:21 [AWT-EventQueue-0]  WARN net.sf.jasperreports.engine.export.GenericElementHandlerEnviroment:148 - Found two generic element handler bundles for namespace http://jasperreports.sourceforge.net/jasperreports
10/09/19 11:21 [AWT-EventQueue-0]  WARN net.sf.jasperreports.engine.export.GenericElementHandlerEnviroment:148 - Found two generic element handler bundles for namespace http://jasperreports.sourceforge.net/jasperreports
10/09/19 11:21 [AWT-EventQueue-0]  WARN net.sf.jasperreports.engine.export.GenericElementHandlerEnviroment:148 - Found two generic element handler bundles for namespace http://jasperreports.sourceforge.net/jasperreports
10/09/19 11:21 [AWT-EventQueue-0]  WARN net.sf.jasperreports.engine.export.GenericElementHandlerEnviroment:148 - Found two generic element handler bundles for namespace http://jasperreports.sourceforge.net/jasperreports
10/09/19 11:21 [AWT-EventQueue-0]  WARN net.sf.jasperreports.engine.export.GenericElementHandlerEnviroment:148 - Found two generic element handler bundles for namespace http://jasperreports.sourceforge.net/jasperreports
10/09/19 11:21 [AWT-EventQueue-0]  WARN net.sf.jasperreports.engine.export.GenericElementHandlerEnviroment:148 - Found two generic element handler bundles for namespace http://jasperreports.sourceforge.net/jasperreports
10/09/19 11:21 [AWT-EventQueue-0]  WARN net.sf.jasperreports.engine.export.GenericElementHandlerEnviroment:148 - Found two generic element handler bundles for namespace http://jasperreports.sourceforge.net/jasperreports
10/09/19 11:21 [AWT-EventQueue-0]  WARN net.sf.jasperreports.engine.export.GenericElementHandlerEnviroment:148 - Found two generic element handler bundles for namespace http://jasperreports.sourceforge.net/jasperreports
10/09/19 11:21 [AWT-EventQueue-0]  WARN net.sf.jasperreports.engine.export.GenericElementHandlerEnviroment:148 - Found two generic element handler bundles for namespace http://jasperreports.sourceforge.net/jasperreports
10/09/19 11:21 [AWT-EventQueue-0]  WARN net.sf.jasperreports.engine.export.GenericElementHandlerEnviroment:148 - Found two generic element handler bundles for namespace http://jasperreports.sourceforge.net/jasperreports
10/09/19 11:21 [AWT-EventQueue-0]  WARN net.sf.jasperreports.engine.export.GenericElementHandlerEnviroment:148 - Found two generic element handler bundles for namespace http://jasperreports.sourceforge.net/jasperreports
10/09/19 11:21 [AWT-EventQueue-0]  WARN net.sf.jasperreports.engine.export.GenericElementHandlerEnviroment:148 - Found two generic element handler bundles for namespace http://jasperreports.sourceforge.net/jasperreports
10/09/19 11:21 [AWT-EventQueue-0]  WARN net.sf.jasperreports.engine.export.GenericElementHandlerEnviroment:148 - Found two generic element handler bundles for namespace http://jasperreports.sourceforge.net/jasperreports
10/09/19 11:21 [AWT-EventQueue-0]  WARN net.sf.jasperreports.engine.export.GenericElementHandlerEnviroment:148 - Found two generic element handler bundles for namespace http://jasperreports.sourceforge.net/jasperreports
10/09/19 11:21 [AWT-EventQueue-0]  WARN net.sf.jasperreports.engine.export.GenericElementHandlerEnviroment:148 - Found two generic element handler bundles for namespace http://jasperreports.sourceforge.net/jasperreports
10/09/19 11:21 [AWT-EventQueue-0]  WARN net.sf.jasperreports.engine.export.GenericElementHandlerEnviroment:148 - Found two generic element handler bundles for namespace http://jasperreports.sourceforge.net/jasperreports
10/09/19 11:21 [AWT-EventQueue-0]  WARN net.sf.jasperreports.engine.export.GenericElementHandlerEnviroment:148 - Found two generic element handler bundles for namespace http://jasperreports.sourceforge.net/jasperreports
10/09/19 11:21 [AWT-EventQueue-0]  WARN net.sf.jasperreports.engine.export.GenericElementHandlerEnviroment:148 - Found two generic element handler bundles for namespace http://jasperreports.sourceforge.net/jasperreports
10/09/19 11:21 [AWT-EventQueue-0]  WARN net.sf.jasperreports.engine.export.GenericElementHandlerEnviroment:148 - Found two generic element handler bundles for namespace http://jasperreports.sourceforge.net/jasperreports
10/09/19 11:21 [AWT-EventQueue-0]  WARN net.sf.jasperreports.engine.export.GenericElementHandlerEnviroment:148 - Found two generic element handler bundles for namespace http://jasperreports.sourceforge.net/jasperreports
10/09/19 11:21 [AWT-EventQueue-0]  WARN net.sf.jasperreports.engine.export.GenericElementHandlerEnviroment:148 - Found two generic element handler bundles for namespace http://jasperreports.sourceforge.net/jasperreports
10/09/19 11:21 [AWT-EventQueue-0]  WARN net.sf.jasperreports.engine.export.GenericElementHandlerEnviroment:148 - Found two generic element handler bundles for namespace http://jasperreports.sourceforge.net/jasperreports
10/09/19 11:21 [AWT-EventQueue-0]  WARN net.sf.jasperreports.engine.export.GenericElementHandlerEnviroment:148 - Found two generic element handler bundles for namespace http://jasperreports.sourceforge.net/jasperreports
10/09/19 11:21 [AWT-EventQueue-0]  WARN net.sf.jasperreports.engine.export.GenericElementHandlerEnviroment:148 - Found two generic element handler bundles for namespace http://jasperreports.sourceforge.net/jasperreports
10/09/19 11:21 [AWT-EventQueue-0]  WARN net.sf.jasperreports.engine.export.GenericElementHandlerEnviroment:148 - Found two generic element handler bundles for namespace http://jasperreports.sourceforge.net/jasperreports
10/09/19 11:21 [AWT-EventQueue-0]  WARN net.sf.jasperreports.engine.export.GenericElementHandlerEnviroment:148 - Found two generic element handler bundles for namespace http://jasperreports.sourceforge.net/jasperreports
10/09/19 11:21 [AWT-EventQueue-0]  WARN net.sf.jasperreports.engine.export.GenericElementHandlerEnviroment:148 - Found two generic element handler bundles for namespace http://jasperreports.sourceforge.net/jasperreports
10/09/19 11:21 [AWT-EventQueue-0]  WARN net.sf.jasperreports.engine.export.GenericElementHandlerEnviroment:148 - Found two generic element handler bundles for namespace http://jasperreports.sourceforge.net/jasperreports
10/09/19 11:21 [AWT-EventQueue-0]  WARN net.sf.jasperreports.engine.export.GenericElementHandlerEnviroment:148 - Found two generic element handler bundles for namespace http://jasperreports.sourceforge.net/jasperreports
10/09/19 11:21 [AWT-EventQueue-0]  WARN net.sf.jasperreports.engine.export.GenericElementHandlerEnviroment:148 - Found two generic element handler bundles for namespace http://jasperreports.sourceforge.net/jasperreports
10/09/19 11:21 [AWT-EventQueue-0]  WARN net.sf.jasperreports.engine.export.GenericElementHandlerEnviroment:148 - Found two generic element handler bundles for namespace http://jasperreports.sourceforge.net/jasperreports
10/09/19 11:21 [AWT-EventQueue-0]  WARN net.sf.jasperreports.engine.export.GenericElementHandlerEnviroment:148 - Found two generic element handler bundles for namespace http://jasperreports.sourceforge.net/jasperreports
10/09/19 11:21 [AWT-EventQueue-0]  WARN net.sf.jasperreports.engine.export.GenericElementHandlerEnviroment:148 - Found two generic element handler bundles for namespace http://jasperreports.sourceforge.net/jasperreports
10/09/19 11:21 [AWT-EventQueue-0]  WARN net.sf.jasperreports.engine.export.GenericElementHandlerEnviroment:148 - Found two generic element handler bundles for namespace http://jasperreports.sourceforge.net/jasperreports
10/09/19 11:21 [AWT-EventQueue-0]  WARN net.sf.jasperreports.engine.export.GenericElementHandlerEnviroment:148 - Found two generic element handler bundles for namespace http://jasperreports.sourceforge.net/jasperreports
10/09/19 11:21 [AWT-EventQueue-0]  WARN net.sf.jasperreports.engine.export.GenericElementHandlerEnviroment:148 - Found two generic element handler bundles for namespace http://jasperreports.sourceforge.net/jasperreports
10/09/19 11:21 [AWT-EventQueue-0]  WARN net.sf.jasperreports.engine.export.GenericElementHandlerEnviroment:148 - Found two generic element handler bundles for namespace http://jasperreports.sourceforge.net/jasperreports
10/09/19 11:21 [AWT-EventQueue-0]  WARN net.sf.jasperreports.engine.export.GenericElementHandlerEnviroment:148 - Found two generic element handler bundles for namespace http://jasperreports.sourceforge.net/jasperreports
10/09/19 11:21 [AWT-EventQueue-0]  WARN net.sf.jasperreports.engine.export.GenericElementHandlerEnviroment:148 - Found two generic element handler bundles for namespace http://jasperreports.sourceforge.net/jasperreports
10/09/19 11:21 [AWT-EventQueue-0]  WARN net.sf.jasperreports.engine.export.GenericElementHandlerEnviroment:148 - Found two generic element handler bundles for namespace http://jasperreports.sourceforge.net/jasperreports
10/09/19 11:21 [AWT-EventQueue-0]  WARN net.sf.jasperreports.engine.export.GenericElementHandlerEnviroment:148 - Found two generic element handler bundles for namespace http://jasperreports.sourceforge.net/jasperreports
10/09/19 11:21 [AWT-EventQueue-0]  WARN net.sf.jasperreports.engine.export.GenericElementHandlerEnviroment:148 - Found two generic element handler bundles for namespace http://jasperreports.sourceforge.net/jasperreports
10/09/19 11:21 [AWT-EventQueue-0]  WARN net.sf.jasperreports.engine.export.GenericElementHandlerEnviroment:148 - Found two generic element handler bundles for namespace http://jasperreports.sourceforge.net/jasperreports
10/09/19 11:21 [AWT-EventQueue-0]  WARN net.sf.jasperreports.engine.export.GenericElementHandlerEnviroment:148 - Found two generic element handler bundles for namespace http://jasperreports.sourceforge.net/jasperreports
10/09/19 11:21 [AWT-EventQueue-0]  WARN net.sf.jasperreports.engine.export.GenericElementHandlerEnviroment:148 - Found two generic element handler bundles for namespace http://jasperreports.sourceforge.net/jasperreports
10/09/19 11:21 [AWT-EventQueue-0]  WARN net.sf.jasperreports.engine.export.GenericElementHandlerEnviroment:148 - Found two generic element handler bundles for namespace http://jasperreports.sourceforge.net/jasperreports
10/09/19 11:21 [AWT-EventQueue-0]  WARN net.sf.jasperreports.engine.export.GenericElementHandlerEnviroment:148 - Found two generic element handler bundles for namespace http://jasperreports.sourceforge.net/jasperreports
10/09/19 11:21 [AWT-EventQueue-0]  WARN net.sf.jasperreports.engine.export.GenericElementHandlerEnviroment:148 - Found two generic element handler bundles for namespace http://jasperreports.sourceforge.net/jasperreports
10/09/19 11:21 [AWT-EventQueue-0]  WARN net.sf.jasperreports.engine.export.GenericElementHandlerEnviroment:148 - Found two generic element handler bundles for namespace http://jasperreports.sourceforge.net/jasperreports
10/09/19 11:21 [AWT-EventQueue-0]  WARN net.sf.jasperreports.engine.export.GenericElementHandlerEnviroment:148 - Found two generic element handler bundles for namespace http://jasperreports.sourceforge.net/jasperreports
10/09/19 11:21 [AWT-EventQueue-0]  WARN net.sf.jasperreports.engine.export.GenericElementHandlerEnviroment:148 - Found two generic element handler bundles for namespace http://jasperreports.sourceforge.net/jasperreports
10/09/19 11:21 [AWT-EventQueue-0]  WARN net.sf.jasperreports.engine.export.GenericElementHandlerEnviroment:148 - Found two generic element handler bundles for namespace http://jasperreports.sourceforge.net/jasperreports
10/09/19 11:21 [AWT-EventQueue-0]  WARN net.sf.jasperreports.engine.export.GenericElementHandlerEnviroment:148 - Found two generic element handler bundles for namespace http://jasperreports.sourceforge.net/jasperreports
10/09/19 11:21 [AWT-EventQueue-0]  WARN net.sf.jasperreports.engine.export.GenericElementHandlerEnviroment:148 - Found two generic element handler bundles for namespace http://jasperreports.sourceforge.net/jasperreports
10/09/19 11:21 [AWT-EventQueue-0]  WARN net.sf.jasperreports.engine.export.GenericElementHandlerEnviroment:148 - Found two generic element handler bundles for namespace http://jasperreports.sourceforge.net/jasperreports
10/09/19 11:21 [AWT-EventQueue-0]  WARN net.sf.jasperreports.engine.export.GenericElementHandlerEnviroment:148 - Found two generic element handler bundles for namespace http://jasperreports.sourceforge.net/jasperreports
10/09/19 11:21 [AWT-EventQueue-0]  WARN net.sf.jasperreports.engine.export.GenericElementHandlerEnviroment:148 - Found two generic element handler bundles for namespace http://jasperreports.sourceforge.net/jasperreports
10/09/19 11:21 [AWT-EventQueue-0]  WARN net.sf.jasperreports.engine.export.GenericElementHandlerEnviroment:148 - Found two generic element handler bundles for namespace http://jasperreports.sourceforge.net/jasperreports
10/09/19 11:21 [AWT-EventQueue-0]  WARN bac.com.br.hibernate.utils.Loggin:23 - realizou a impressão da ata1587
12/09/19 15:08 [AWT-EventQueue-0]  WARN bac.com.br.hibernate.utils.Loggin:23 - realisado login com o usuario 9020
12/09/19 16:42 [AWT-EventQueue-0]  WARN bac.com.br.hibernate.utils.Loggin:23 - realisado login com o usuario 9020
13/09/19 07:41 [AWT-EventQueue-0]  WARN bac.com.br.hibernate.utils.Loggin:23 - realisado login com o usuario 9020
13/09/19 07:44 [AWT-EventQueue-0]  WARN bac.com.br.hibernate.utils.Loggin:23 - realisado login com o usuario 9020
13/09/19 10:40 [AWT-EventQueue-0]  WARN bac.com.br.hibernate.utils.Loggin:23 - realisado login com o usuario 9020
13/09/19 10:43 [AWT-EventQueue-0]  WARN bac.com.br.hibernate.utils.Loggin:23 - realisado login com o usuario 9020
13/09/19 11:01 [AWT-EventQueue-0]  WARN bac.com.br.hibernate.utils.Loggin:23 - realisado login com o usuario 9020
13/09/19 11:04 [AWT-EventQueue-0]  WARN bac.com.br.hibernate.utils.Loggin:23 - realisado login com o usuario 9020
13/09/19 11:06 [AWT-EventQueue-0]  WARN bac.com.br.hibernate.utils.Loggin:23 - realisado login com o usuario 9020
13/09/19 11:10 [AWT-EventQueue-0]  WARN bac.com.br.hibernate.utils.Loggin:23 - realisado login com o usuario 9020
13/09/19 11:11 [AWT-EventQueue-0]  WARN bac.com.br.hibernate.utils.Loggin:23 - desativado cadastro de um colaborador com o idbac.com.br.hibernate.entidade.Colaborador[ id=397 ]
13/09/19 11:11 [AWT-EventQueue-0]  WARN bac.com.br.hibernate.utils.Loggin:23 - alterado cadastro de um novo colaborador com o id397 com os itens:Taina Morais de Oliveira;20009;Mon Sep 11 00:00:00 BRT 2017;Mon Sep 11 00:00:00 BRT 2017;bac.com.br.hibernate.entidade.Funcao[ id=6 ]
13/09/19 11:14 [AWT-EventQueue-0]  WARN bac.com.br.hibernate.utils.Loggin:23 - realisado login com o usuario 9020
13/09/19 11:19 [AWT-EventQueue-0]  WARN bac.com.br.hibernate.utils.Loggin:23 - alterado cadastro de um novo colaborador com o id397 com os itens:Taina Morais de Oliveira;20009;Mon Sep 11 00:00:00 BRT 2017;Mon Sep 11 00:00:00 BRT 2017;bac.com.br.hibernate.entidade.Funcao[ id=92 ]
13/09/19 11:32 [AWT-EventQueue-0]  WARN bac.com.br.hibernate.utils.Loggin:23 - realisado login com o usuario 9020
13/09/19 13:30 [AWT-EventQueue-0]  WARN bac.com.br.hibernate.utils.Loggin:23 - realisado login com o usuario 9020
13/09/19 13:56 [AWT-EventQueue-0]  WARN bac.com.br.hibernate.utils.Loggin:23 - realisado login com o usuario 9020
13/09/19 16:30 [AWT-EventQueue-0]  WARN bac.com.br.hibernate.utils.Loggin:23 - realisado login com o usuario 9020
13/09/19 16:48 [AWT-EventQueue-0]  WARN bac.com.br.hibernate.utils.Loggin:23 - realisado login com o usuario 9020
13/09/19 16:53 [AWT-EventQueue-0]  WARN bac.com.br.hibernate.utils.Loggin:23 - criado cadastro de um novo documento com o id141 com os itens:Aux. Escritório B;bac.com.br.hibernate.entidade.Setor[ id=6 ]
16/09/19 08:18 [AWT-EventQueue-0]  WARN bac.com.br.hibernate.utils.Loggin:23 - realisado login com o usuario 9020
17/09/19 15:04 [AWT-EventQueue-0]  WARN bac.com.br.hibernate.utils.Loggin:23 - realisado login com o usuario 9020
17/09/19 15:18 [AWT-EventQueue-0]  WARN bac.com.br.hibernate.utils.Loggin:23 - criado cadastro de um novo documento com o id142 com os itens:Sub almoxarife;bac.com.br.hibernate.entidade.Setor[ id=5 ]
17/09/19 15:18 [AWT-EventQueue-0]  WARN bac.com.br.hibernate.utils.Loggin:23 - criado cadastro de um novo documento com o id143 com os itens:Chefe de seção;bac.com.br.hibernate.entidade.Setor[ id=5 ]
17/09/19 15:24 [AWT-EventQueue-0]  WARN bac.com.br.hibernate.utils.Loggin:23 - realisado login com o usuario 9020
17/09/19 15:33 [AWT-EventQueue-0]  WARN bac.com.br.hibernate.utils.Loggin:23 - alterado cadastro de um novo colaborador com o id22 com os itens:AMARILDO APARECIDO PEREIRA;6190;Wed Aug 27 00:00:00 BRT 1969;Sat Sep 13 00:00:00 BRT 1986;bac.com.br.hibernate.entidade.Funcao[ id=108 ]
17/09/19 15:35 [AWT-EventQueue-0]  WARN bac.com.br.hibernate.utils.Loggin:23 - realisado login com o usuario 9020
17/09/19 15:38 [AWT-EventQueue-0]  WARN bac.com.br.hibernate.utils.Loggin:23 - realisado login com o usuario 9020
17/09/19 16:27 [AWT-EventQueue-0]  WARN bac.com.br.hibernate.utils.Loggin:23 - realisado login com o usuario 9020
17/09/19 16:28 [AWT-EventQueue-0]  WARN bac.com.br.hibernate.utils.Loggin:23 - alterado cadastro de um novo colaborador com o id22 com os itens:AMARILDO APARECIDO PEREIRA;6190;Wed Aug 27 00:00:00 BRT 1969;Sat Sep 13 00:00:00 BRT 1986;bac.com.br.hibernate.entidade.Funcao[ id=143 ]
17/09/19 16:40 [AWT-EventQueue-0]  WARN bac.com.br.hibernate.utils.Loggin:23 - alterado cadastro de um novo colaborador com o id22 com os itens:AMARILDO APARECIDO PEREIRA;6190;Wed Aug 27 00:00:00 BRT 1969;Sat Sep 13 00:00:00 BRT 1986;bac.com.br.hibernate.entidade.Funcao[ id=108 ]
17/09/19 16:44 [AWT-EventQueue-0]  WARN bac.com.br.hibernate.utils.Loggin:23 - alterado cadastro de uma nova funçao com o id141 com os itens:Aux. Escritório;bac.com.br.hibernate.entidade.Setor[ id=6 ]
17/09/19 16:48 [AWT-EventQueue-0]  WARN bac.com.br.hibernate.utils.Loggin:23 - criado cadastro de um novo documento com o id144 com os itens:assessor administrativo;bac.com.br.hibernate.entidade.Setor[ id=24 ]
17/09/19 16:57 [AWT-EventQueue-0]  WARN bac.com.br.hibernate.utils.Loggin:23 - alterado cadastro de um novo colaborador com o id139 com os itens:JOAO EDUARDO BATISTA;6053;Wed Nov 24 00:00:00 BRT 1965;Wed Apr 16 00:00:00 BRT 1986;bac.com.br.hibernate.entidade.Funcao[ id=118 ]
17/09/19 16:59 [AWT-EventQueue-0]  WARN bac.com.br.hibernate.utils.Loggin:23 - alterado cadastro de um novo colaborador com o id139 com os itens:JOAO EDUARDO BATISTA;6053;Wed Nov 24 00:00:00 BRT 1965;Wed Apr 16 00:00:00 BRT 1986;bac.com.br.hibernate.entidade.Funcao[ id=118 ]
17/09/19 17:05 [AWT-EventQueue-0]  WARN bac.com.br.hibernate.utils.Loggin:23 - criado cadastro de um novo documento com o id145 com os itens:Prat. Escritório;bac.com.br.hibernate.entidade.Setor[ id=6 ]
17/09/19 17:17 [AWT-EventQueue-0]  WARN bac.com.br.hibernate.utils.Loggin:23 - criado cadastro de um novo documento com o id146 com os itens:assessor de informatica;bac.com.br.hibernate.entidade.Setor[ id=6 ]
17/09/19 17:17 [AWT-EventQueue-0]  WARN bac.com.br.hibernate.utils.Loggin:23 - criado cadastro de um novo documento com o id147 com os itens:Encarregado Dep. Pessoal;bac.com.br.hibernate.entidade.Setor[ id=6 ]
17/09/19 17:24 [AWT-EventQueue-0]  WARN bac.com.br.hibernate.utils.Loggin:23 - alterado cadastro de um novo colaborador com o id160 com os itens:JOSE CARLOS MACHADO;5998;Sun May 03 00:00:00 BRT 1970;Fri Jan 10 00:00:00 BRST 1986;bac.com.br.hibernate.entidade.Funcao[ id=1 ]
18/09/19 08:00 [AWT-EventQueue-0]  WARN bac.com.br.hibernate.utils.Loggin:23 - realisado login com o usuario 9020
18/09/19 08:38 [AWT-EventQueue-0]  WARN bac.com.br.hibernate.utils.Loggin:23 - desativado cadastro de um colaborador com o idbac.com.br.hibernate.entidade.Colaborador[ id=54 ]
18/09/19 10:10 [AWT-EventQueue-0]  WARN bac.com.br.hibernate.utils.Loggin:23 - criado cadastro de um novo documento com o id148 com os itens:guincheiro;bac.com.br.hibernate.entidade.Setor[ id=9 ]
18/09/19 10:10 [AWT-EventQueue-0]  WARN bac.com.br.hibernate.utils.Loggin:23 - criado cadastro de um novo documento com o id149 com os itens:motorista;bac.com.br.hibernate.entidade.Setor[ id=17 ]
18/09/19 10:13 [AWT-EventQueue-0]  WARN bac.com.br.hibernate.utils.Loggin:23 - alterado cadastro de um novo colaborador com o id180 com os itens:LEONI LOURENCO DA SILVA;6938;Sat Dec 20 00:00:00 BRT 1969;Tue Jun 07 00:00:00 BRT 1988;bac.com.br.hibernate.entidade.Funcao[ id=148 ]
18/09/19 10:16 [AWT-EventQueue-0]  WARN bac.com.br.hibernate.utils.Loggin:23 - alterado cadastro de um novo colaborador com o id180 com os itens:LEONI LOURENCO DA SILVA;6938;Sat Dec 20 00:00:00 BRT 1969;Tue Jun 07 00:00:00 BRT 1988;bac.com.br.hibernate.entidade.Funcao[ id=84 ]
18/09/19 10:21 [AWT-EventQueue-0]  WARN bac.com.br.hibernate.utils.Loggin:23 - desativado cadastro de um colaborador com o idbac.com.br.hibernate.entidade.Colaborador[ id=115 ]
18/09/19 10:21 [AWT-EventQueue-0]  WARN bac.com.br.hibernate.utils.Loggin:23 - desativado cadastro de um colaborador com o idbac.com.br.hibernate.entidade.Colaborador[ id=112 ]
18/09/19 10:25 [AWT-EventQueue-0]  WARN bac.com.br.hibernate.utils.Loggin:23 - desativado cadastro de um colaborador com o idbac.com.br.hibernate.entidade.Colaborador[ id=262 ]
18/09/19 10:30 [AWT-EventQueue-0]  WARN bac.com.br.hibernate.utils.Loggin:23 - criado cadastro de um novo documento com o id150 com os itens:DESENHISTA;bac.com.br.hibernate.entidade.Setor[ id=9 ]
18/09/19 10:30 [AWT-EventQueue-0]  WARN bac.com.br.hibernate.utils.Loggin:23 - alterado cadastro de uma nova funçao com o id48 com os itens:DESENHISTA PROJETISTA;bac.com.br.hibernate.entidade.Setor[ id=15 ]
18/09/19 10:39 [AWT-EventQueue-0]  WARN bac.com.br.hibernate.utils.Loggin:23 - alterado cadastro de um novo colaborador com o id60 com os itens:CLAUDINEI FERREIRA BUENO;7202;Sun Jan 26 00:00:00 BRST 1964;Mon Feb 20 00:00:00 BRT 1989;bac.com.br.hibernate.entidade.Funcao[ id=109 ]
18/09/19 11:09 [AWT-EventQueue-0]  WARN bac.com.br.hibernate.utils.Loggin:23 - alterado cadastro de um novo colaborador com o id56 com os itens:CICERO SEBASTIAO SANTOS DE SOUZA;7244;Thu Jan 20 00:00:00 BRT 1972;Fri Jun 16 00:00:00 BRT 1989;bac.com.br.hibernate.entidade.Funcao[ id=135 ]
18/09/19 11:10 [AWT-EventQueue-0]  WARN bac.com.br.hibernate.utils.Loggin:23 - criado cadastro de um novo documento com o id151 com os itens:ZELADOR;bac.com.br.hibernate.entidade.Setor[ id=15 ]
18/09/19 11:25 [AWT-EventQueue-0]  WARN bac.com.br.hibernate.utils.Loggin:23 - alterado cadastro de um novo colaborador com o id56 com os itens:CICERO SEBASTIAO SANTOS DE SOUZA;7244;Thu Jan 20 00:00:00 BRT 1972;Fri Jun 16 00:00:00 BRT 1989;bac.com.br.hibernate.entidade.Funcao[ id=49 ]
18/09/19 11:30 [AWT-EventQueue-0]  WARN bac.com.br.hibernate.utils.Loggin:23 - alterado cadastro de um novo colaborador com o id315 com os itens:VALMIR MARINHO;7890;Fri Mar 12 00:00:00 BRT 1993;Wed Aug 21 00:00:00 BRT 1974;bac.com.br.hibernate.entidade.Funcao[ id=135 ]
18/09/19 13:33 [AWT-EventQueue-0]  WARN bac.com.br.hibernate.utils.Loggin:23 - criado cadastro de um novo documento com o id152 com os itens:Tecnico Seg. Trab. Subsolo;bac.com.br.hibernate.entidade.Setor[ id=16 ]
18/09/19 13:34 [AWT-EventQueue-0]  WARN bac.com.br.hibernate.utils.Loggin:23 - criado cadastro de um novo documento com o id153 com os itens:carpinteiro superficie;bac.com.br.hibernate.entidade.Setor[ id=15 ]
18/09/19 13:38 [AWT-EventQueue-0]  WARN bac.com.br.hibernate.utils.Loggin:23 - alterado cadastro de um novo colaborador com o id315 com os itens:VALMIR MARINHO;7890;Fri Mar 12 00:00:00 BRT 1993;Wed Aug 21 00:00:00 BRT 1974;bac.com.br.hibernate.entidade.Funcao[ id=65 ]
18/09/19 13:54 [AWT-EventQueue-0]  WARN bac.com.br.hibernate.utils.Loggin:23 - desativado cadastro de um colaborador com o idbac.com.br.hibernate.entidade.Colaborador[ id=287 ]
18/09/19 14:08 [AWT-EventQueue-0]  WARN bac.com.br.hibernate.utils.Loggin:23 - alterado cadastro de um novo colaborador com o id294 com os itens:SIDNEI GONCALVES DE ARAUJO;7996;Sat Aug 03 00:00:00 BRT 1974;Fri Dec 03 00:00:00 BRST 1993;bac.com.br.hibernate.entidade.Funcao[ id=135 ]
18/09/19 14:08 [AWT-EventQueue-0]  WARN bac.com.br.hibernate.utils.Loggin:23 - criado cadastro de um novo documento com o id154 com os itens:Ajudante de Carpintaria Superficie;bac.com.br.hibernate.entidade.Setor[ id=15 ]
18/09/19 14:14 [AWT-EventQueue-0]  WARN bac.com.br.hibernate.utils.Loggin:23 - alterado cadastro de um novo colaborador com o id294 com os itens:SIDNEI GONCALVES DE ARAUJO;7996;Sat Aug 03 00:00:00 BRT 1974;Fri Dec 03 00:00:00 BRST 1993;bac.com.br.hibernate.entidade.Funcao[ id=43 ]
18/09/19 14:23 [AWT-EventQueue-0]  WARN bac.com.br.hibernate.utils.Loggin:23 - alterado cadastro de um novo colaborador com o id198 com os itens:MACIR EVARISTO DA SILVA;8091;Fri Sep 04 00:00:00 BRT 1964;Sat Oct 07 00:00:00 BRT 1995;bac.com.br.hibernate.entidade.Funcao[ id=50 ]
18/09/19 14:23 [AWT-EventQueue-0]  WARN bac.com.br.hibernate.utils.Loggin:23 - alterado cadastro de um novo colaborador com o id198 com os itens:MACIR EVARISTO DA SILVA;8091;Fri Sep 04 00:00:00 BRT 1964;Sat Oct 07 00:00:00 BRT 1995;bac.com.br.hibernate.entidade.Funcao[ id=41 ]
18/09/19 14:46 [AWT-EventQueue-0]  WARN bac.com.br.hibernate.utils.Loggin:23 - criado cadastro de um novo documento com o id155 com os itens:SERVENTE DE SUBSOLO;bac.com.br.hibernate.entidade.Setor[ id=15 ]
18/09/19 14:46 [AWT-EventQueue-0]  WARN bac.com.br.hibernate.utils.Loggin:23 - criado cadastro de um novo documento com o id156 com os itens:ESCORADOR;bac.com.br.hibernate.entidade.Setor[ id=15 ]
18/09/19 15:39 [AWT-EventQueue-0]  WARN bac.com.br.hibernate.utils.Loggin:23 - realisado login com o usuario 9020
18/09/19 15:44 [AWT-EventQueue-0]  WARN bac.com.br.hibernate.utils.Loggin:23 - realisado login com o usuario 9020
18/09/19 16:43 [AWT-EventQueue-0]  WARN bac.com.br.hibernate.utils.Loggin:23 - realisado login com o usuario 9020
18/09/19 16:49 [AWT-EventQueue-0]  WARN bac.com.br.hibernate.utils.Loggin:23 - alterado cadastro de um novo colaborador com o id155 com os itens:JORGE VIEIRA DE CARVALHO;8155;Sun Feb 04 00:00:00 BRT 1973;Wed Jan 31 00:00:00 BRST 1996;bac.com.br.hibernate.entidade.Funcao[ id=29 ]
18/09/19 16:51 [AWT-EventQueue-0]  WARN bac.com.br.hibernate.utils.Loggin:23 - criado cadastro de um novo documento com o id157 com os itens:OP UTE D1;bac.com.br.hibernate.entidade.Setor[ id=25 ]
18/09/19 16:53 [AWT-EventQueue-0]  WARN bac.com.br.hibernate.utils.Loggin:23 - alterado cadastro de um novo colaborador com o id155 com os itens:JORGE VIEIRA DE CARVALHO;8155;Sun Feb 04 00:00:00 BRT 1973;Wed Jan 31 00:00:00 BRST 1996;bac.com.br.hibernate.entidade.Funcao[ id=38 ]
18/09/19 17:07 [AWT-EventQueue-0]  WARN bac.com.br.hibernate.utils.Loggin:23 - alterado cadastro de um novo colaborador com o id99 com os itens:EVERALDO APARECIDO RIBEIRO;8190;Sat Apr 10 00:00:00 BRT 1976;Fri May 10 00:00:00 BRT 1996;bac.com.br.hibernate.entidade.Funcao[ id=58 ]
18/09/19 17:15 [AWT-EventQueue-0]  WARN bac.com.br.hibernate.utils.Loggin:23 - alterado cadastro de um novo colaborador com o id78 com os itens:EDAIL MORILLO VIGIL;8236;Sun Dec 14 00:00:00 BRT 1975;Mon Oct 21 00:00:00 BRST 1996;bac.com.br.hibernate.entidade.Funcao[ id=50 ]
19/09/19 08:37 [AWT-EventQueue-0]  WARN bac.com.br.hibernate.utils.Loggin:23 - realisado login com o usuario 9020
19/09/19 08:58 [AWT-EventQueue-0]  WARN bac.com.br.hibernate.utils.Loggin:23 - criado cadastro de um novo documento com o id158 com os itens:ATENDENTE ADM;bac.com.br.hibernate.entidade.Setor[ id=7 ]
19/09/19 09:06 [AWT-EventQueue-0]  WARN bac.com.br.hibernate.utils.Loggin:23 - alterado cadastro de um novo colaborador com o id77 com os itens:DOUGLAS MATOS DA SILVA;8272;Mon Apr 14 00:00:00 BRT 1975;Wed Nov 13 00:00:00 BRST 1996;bac.com.br.hibernate.entidade.Funcao[ id=43 ]
19/09/19 13:32 [AWT-EventQueue-0]  WARN bac.com.br.hibernate.utils.Loggin:23 - realisado login com o usuario 9020
19/09/19 13:35 [AWT-EventQueue-0]  WARN bac.com.br.hibernate.utils.Loggin:23 - alterado cadastro de um novo colaborador com o id37 com os itens:APARECIDO FELIPE DE SANTANA;8338;Mon Aug 10 00:00:00 BRT 1953;Mon Feb 03 00:00:00 BRST 1997;bac.com.br.hibernate.entidade.Funcao[ id=57 ]
19/09/19 13:41 [AWT-EventQueue-0]  WARN bac.com.br.hibernate.utils.Loggin:23 - criado cadastro de um novo documento com o id159 com os itens:ESCRITURARIO "B";bac.com.br.hibernate.entidade.Setor[ id=24 ]
19/09/19 13:44 [AWT-EventQueue-0]  WARN bac.com.br.hibernate.utils.Loggin:23 - alterado cadastro de um novo colaborador com o id321 com os itens:VILMAR XAVIER;8362;Tue Oct 15 00:00:00 BRT 1974;Wed Jan 19 00:00:00 BRST 2000;bac.com.br.hibernate.entidade.Funcao[ id=12 ]
19/09/19 13:49 [AWT-EventQueue-0]  WARN bac.com.br.hibernate.utils.Loggin:23 - alterado cadastro de uma nova funçao com o id159 com os itens:ESCRITURARIO;bac.com.br.hibernate.entidade.Setor[ id=24 ]
19/09/19 13:54 [AWT-EventQueue-0]  WARN bac.com.br.hibernate.utils.Loggin:23 - alterado cadastro de uma nova funçao com o id159 com os itens:ESCRITURARIO "B";bac.com.br.hibernate.entidade.Setor[ id=24 ]
19/09/19 13:55 [AWT-EventQueue-0]  WARN bac.com.br.hibernate.utils.Loggin:23 - criado cadastro de um novo documento com o id160 com os itens:ESCRITURARIO "E";bac.com.br.hibernate.entidade.Setor[ id=24 ]
19/09/19 13:57 [AWT-EventQueue-0]  WARN bac.com.br.hibernate.utils.Loggin:23 - alterado cadastro de um novo colaborador com o id279 com os itens:RONILDO NELSON MONTEIRO;8363;Wed Jan 29 00:00:00 BRT 1969;Wed Jan 19 00:00:00 BRST 2000;bac.com.br.hibernate.entidade.Funcao[ id=13 ]
19/09/19 14:17 [AWT-EventQueue-0]  WARN bac.com.br.hibernate.utils.Loggin:23 - criado cadastro de um novo documento com o id161 com os itens:Ajudante Geral;bac.com.br.hibernate.entidade.Setor[ id=15 ]
19/09/19 14:24 [AWT-EventQueue-0]  WARN bac.com.br.hibernate.utils.Loggin:23 - alterado cadastro de um novo colaborador com o id113 com os itens:GILBERTO LOURENCO DA SILVA;8382;Tue Sep 30 00:00:00 BRT 1975;Tue Apr 11 00:00:00 BRT 2000;bac.com.br.hibernate.entidade.Funcao[ id=38 ]
19/09/19 15:13 [AWT-EventQueue-0]  WARN bac.com.br.hibernate.utils.Loggin:23 - realisado login com o usuario 9020
19/09/19 15:30 [AWT-EventQueue-0]  WARN bac.com.br.hibernate.utils.Loggin:23 - alterado cadastro de um novo colaborador com o id153 com os itens:JORGE SINHALA JUNIOR;8420;Sat Jun 02 00:00:00 BRT 1979;Tue Jun 13 00:00:00 BRT 2000;bac.com.br.hibernate.entidade.Funcao[ id=84 ]
19/09/19 16:04 [AWT-EventQueue-0]  WARN bac.com.br.hibernate.utils.Loggin:23 - alterado cadastro de um novo colaborador com o id4 com os itens:ADONITO DE SOUZA BRITO;8448;Sun Nov 28 00:00:00 BRT 1976;Tue Jul 18 00:00:00 BRT 2000;bac.com.br.hibernate.entidade.Funcao[ id=84 ]
19/09/19 16:49 [AWT-EventQueue-0]  WARN bac.com.br.hibernate.utils.Loggin:23 - alterado cadastro de um novo colaborador com o id243 com os itens:PAULO SERGIO DA SILVA;8481;Sun Aug 01 00:00:00 BRT 1976;Mon Apr 02 00:00:00 BRT 2001;bac.com.br.hibernate.entidade.Funcao[ id=43 ]
19/09/19 16:50 [AWT-EventQueue-0]  WARN bac.com.br.hibernate.utils.Loggin:23 - desativado cadastro de um colaborador com o idbac.com.br.hibernate.entidade.Colaborador[ id=141 ]
19/09/19 17:02 [AWT-EventQueue-0]  WARN bac.com.br.hibernate.utils.Loggin:23 - criado cadastro de um novo documento com o id162 com os itens:ESCRITURARIO;bac.com.br.hibernate.entidade.Setor[ id=30 ]
19/09/19 17:05 [AWT-EventQueue-0]  WARN bac.com.br.hibernate.utils.Loggin:23 - alterado cadastro de um novo colaborador com o id135 com os itens:JOAO CARLOS CONSOLO;8484;Sat Oct 12 00:00:00 BRT 1968;Mon Jan 08 00:00:00 BRST 1990;bac.com.br.hibernate.entidade.Funcao[ id=162 ]
19/09/19 17:05 [AWT-EventQueue-0]  WARN bac.com.br.hibernate.utils.Loggin:23 - criado cadastro de um novo documento com o id163 com os itens:ADMINSITRATIVO;bac.com.br.hibernate.entidade.Setor[ id=30 ]
19/09/19 17:07 [AWT-EventQueue-0]  WARN bac.com.br.hibernate.utils.Loggin:23 - alterado cadastro de um novo colaborador com o id135 com os itens:JOAO CARLOS CONSOLO;8484;Sat Oct 12 00:00:00 BRT 1968;Mon Jan 08 00:00:00 BRST 1990;bac.com.br.hibernate.entidade.Funcao[ id=14 ]
19/09/19 17:17 [AWT-EventQueue-0]  WARN bac.com.br.hibernate.utils.Loggin:23 - alterado cadastro de um novo colaborador com o id218 com os itens:MARIA JOSE CLARO;8487;Thu Jan 29 00:00:00 BRST 1953;Mon Aug 03 00:00:00 BRT 1992;bac.com.br.hibernate.entidade.Funcao[ id=107 ]
20/09/19 07:41 [AWT-EventQueue-0]  WARN bac.com.br.hibernate.utils.Loggin:23 - realisado login com o usuario 9020
20/09/19 07:49 [AWT-EventQueue-0]  WARN bac.com.br.hibernate.utils.Loggin:23 - alterado cadastro de um novo colaborador com o id290 com os itens:SERGIO LUIZ CARNEIRO;8494;Thu Feb 27 00:00:00 BRT 1969;Tue Aug 25 00:00:00 BRT 1998;bac.com.br.hibernate.entidade.Funcao[ id=50 ]
20/09/19 08:25 [AWT-EventQueue-0]  WARN bac.com.br.hibernate.utils.Loggin:23 - alterado cadastro de um novo colaborador com o id84 com os itens:EDNEI DA SILVA GASQUES;8522;Wed Jan 16 00:00:00 BRT 1974;Fri Jul 12 00:00:00 BRT 2002;bac.com.br.hibernate.entidade.Funcao[ id=72 ]
20/09/19 08:42 [AWT-EventQueue-0]  WARN bac.com.br.hibernate.utils.Loggin:23 - alterado cadastro de um novo colaborador com o id151 com os itens:JONAS NOGUEIRA FILHO;8523;Mon Oct 16 00:00:00 BRT 1978;Thu Aug 01 00:00:00 BRT 2002;bac.com.br.hibernate.entidade.Funcao[ id=42 ]
20/09/19 08:44 [AWT-EventQueue-0]  WARN bac.com.br.hibernate.utils.Loggin:23 - criado cadastro de um novo documento com o id164 com os itens:ASSESSOR GERENTE;bac.com.br.hibernate.entidade.Setor[ id=24 ]
20/09/19 08:46 [AWT-EventQueue-0]  WARN bac.com.br.hibernate.utils.Loggin:23 - alterado cadastro de um novo colaborador com o id138 com os itens:JOAO EDGAR CAMARGO;8529;Mon Jun 26 00:00:00 BRT 1967;Wed Sep 16 00:00:00 BRT 1998;bac.com.br.hibernate.entidade.Funcao[ id=5 ]
20/09/19 08:54 [AWT-EventQueue-0]  WARN bac.com.br.hibernate.utils.Loggin:23 - alterado cadastro de um novo colaborador com o id280 com os itens:ROSILDO DE SOUZA BERNARDES;8531;Thu Dec 17 00:00:00 BRT 1981;Tue Oct 01 00:00:00 BRT 2002;bac.com.br.hibernate.entidade.Funcao[ id=60 ]
20/09/19 08:55 [AWT-EventQueue-0]  WARN bac.com.br.hibernate.utils.Loggin:23 - alterado cadastro de um novo colaborador com o id377 com os itens:CARISSON SANTOS DE SAMPAIO;9009;Mon Feb 15 00:00:00 BRT 17;Wed Feb 28 00:00:00 BRT 1996;bac.com.br.hibernate.entidade.Funcao[ id=123 ]
20/09/19 09:00 [AWT-EventQueue-0]  WARN bac.com.br.hibernate.utils.Loggin:23 - alterado cadastro de um novo colaborador com o id200 com os itens:MAIK ELDER DOS SANTOS;8532;Sat Jul 14 00:00:00 BRT 1984;Mon Oct 07 00:00:00 BRT 2002;bac.com.br.hibernate.entidade.Funcao[ id=67 ]
20/09/19 09:09 [AWT-EventQueue-0]  WARN bac.com.br.hibernate.utils.Loggin:23 - alterado cadastro de um novo colaborador com o id277 com os itens:ROMILDO SANTOS DE OLIVEIRA;8544;Tue Sep 30 00:00:00 BRT 1980;Tue Dec 10 00:00:00 BRST 2002;bac.com.br.hibernate.entidade.Funcao[ id=60 ]
20/09/19 09:23 [AWT-EventQueue-0]  WARN bac.com.br.hibernate.utils.Loggin:23 - alterado cadastro de um novo colaborador com o id25 com os itens:ANDERSON DE JESUS SILVA;8546;Fri Nov 23 00:00:00 BRT 1979;Mon Jan 06 00:00:00 BRST 2003;bac.com.br.hibernate.entidade.Funcao[ id=68 ]
20/09/19 13:31 [AWT-EventQueue-0]  WARN bac.com.br.hibernate.utils.Loggin:23 - realisado login com o usuario 9020
20/09/19 13:35 [AWT-EventQueue-0]  WARN bac.com.br.hibernate.utils.Loggin:23 - alterado cadastro de um novo colaborador com o id111 com os itens:GILBERTO AUGUSTO CENRA;8547;Mon Oct 28 00:00:00 BRT 1974;Mon Jan 06 00:00:00 BRST 2003;bac.com.br.hibernate.entidade.Funcao[ id=57 ]
20/09/19 13:45 [AWT-EventQueue-0]  WARN bac.com.br.hibernate.utils.Loggin:23 - alterado cadastro de um novo colaborador com o id203 com os itens:MARCELO PAES DE CAMARGO;8548;Thu Feb 05 00:00:00 BRT 1981;Mon Jan 06 00:00:00 BRST 2003;bac.com.br.hibernate.entidade.Funcao[ id=60 ]
20/09/19 13:46 [AWT-EventQueue-0]  WARN bac.com.br.hibernate.utils.Loggin:23 - desativado cadastro de um colaborador com o idbac.com.br.hibernate.entidade.Colaborador[ id=103 ]
20/09/19 13:57 [AWT-EventQueue-0]  WARN bac.com.br.hibernate.utils.Loggin:23 - alterado cadastro de um novo colaborador com o id183 com os itens:LOURIVAL JOSE JORGE;8557;Sat May 24 00:00:00 BRT 1980;Tue Jul 15 00:00:00 BRT 2003;bac.com.br.hibernate.entidade.Funcao[ id=55 ]
20/09/19 13:57 [AWT-EventQueue-0]  WARN bac.com.br.hibernate.utils.Loggin:23 - criado cadastro de um novo documento com o id165 com os itens:AJUDANTE ELETRICISTA SUBSLO;bac.com.br.hibernate.entidade.Setor[ id=28 ]
20/09/19 13:58 [AWT-EventQueue-0]  WARN bac.com.br.hibernate.utils.Loggin:23 - alterado cadastro de um novo colaborador com o id183 com os itens:LOURIVAL JOSE JORGE;8557;Sat May 24 00:00:00 BRT 1980;Tue Jul 15 00:00:00 BRT 2003;bac.com.br.hibernate.entidade.Funcao[ id=165 ]
20/09/19 13:59 [AWT-EventQueue-0]  WARN bac.com.br.hibernate.utils.Loggin:23 - alterado cadastro de um novo colaborador com o id183 com os itens:LOURIVAL JOSE JORGE;8557;Sat May 24 00:00:00 BRT 1980;Tue Jul 15 00:00:00 BRT 2003;bac.com.br.hibernate.entidade.Funcao[ id=42 ]
20/09/19 14:18 [AWT-EventQueue-0]  WARN bac.com.br.hibernate.utils.Loggin:23 - alterado cadastro de um novo colaborador com o id33 com os itens:ANTONIO DARIO NETO;8559;Mon Aug 19 00:00:00 BRT 1968;Tue Jul 15 00:00:00 BRT 2003;bac.com.br.hibernate.entidade.Funcao[ id=72 ]
20/09/19 14:38 [AWT-EventQueue-0]  WARN bac.com.br.hibernate.utils.Loggin:23 - alterado cadastro de um novo colaborador com o id100 com os itens:EVERALDO RODRIGUES;8560;Sat Oct 14 00:00:00 BRT 1972;Tue Jul 15 00:00:00 BRT 2003;bac.com.br.hibernate.entidade.Funcao[ id=94 ]
20/09/19 15:03 [AWT-EventQueue-0]  WARN bac.com.br.hibernate.utils.Loggin:23 - alterado cadastro de um novo colaborador com o id285 com os itens:SANDRO DOS SANTOS CARVALHO;8563;Sat Feb 16 00:00:00 BRT 1980;Wed Mar 24 00:00:00 BRT 2004;bac.com.br.hibernate.entidade.Funcao[ id=7 ]
20/09/19 15:11 [AWT-EventQueue-0]  WARN bac.com.br.hibernate.utils.Loggin:23 - alterado cadastro de um novo colaborador com o id249 com os itens:PEDRO PAULO DA SILVA;8567;Thu Jul 07 00:00:00 BRT 1966;Thu Sep 01 00:00:00 BRT 1988;bac.com.br.hibernate.entidade.Funcao[ id=69 ]
20/09/19 15:14 [AWT-EventQueue-0]  WARN bac.com.br.hibernate.utils.Loggin:23 - realisado login com o usuario 9020
20/09/19 15:18 [AWT-EventQueue-0]  WARN bac.com.br.hibernate.utils.Loggin:23 - alterado cadastro de um novo colaborador com o id312 com os itens:VALDIR WAGNER MATIAS;8572;Mon Nov 20 00:00:00 BRT 1961;Wed Aug 23 00:00:00 BRT 1989;bac.com.br.hibernate.entidade.Funcao[ id=58 ]
20/09/19 15:25 [AWT-EventQueue-0]  WARN bac.com.br.hibernate.utils.Loggin:23 - alterado cadastro de um novo colaborador com o id108 com os itens:GERSON DE JESUS PALHARES;8580;Sun Apr 01 00:00:00 BRT 1979;Wed May 26 00:00:00 BRT 2004;bac.com.br.hibernate.entidade.Funcao[ id=54 ]
20/09/19 15:35 [AWT-EventQueue-0]  WARN bac.com.br.hibernate.utils.Loggin:23 - alterado cadastro de um novo colaborador com o id174 com os itens:JUVENIL NOVELO;8582;Sat Sep 05 00:00:00 BRT 1981;Wed May 26 00:00:00 BRT 2004;bac.com.br.hibernate.entidade.Funcao[ id=54 ]
20/09/19 15:46 [AWT-EventQueue-0]  WARN bac.com.br.hibernate.utils.Loggin:23 - alterado cadastro de um novo colaborador com o id311 com os itens:VALDINEI MOREIRA;8584;Sat Feb 09 00:00:00 BRT 1980;Wed May 26 00:00:00 BRT 2004;bac.com.br.hibernate.entidade.Funcao[ id=94 ]
20/09/19 15:58 [AWT-EventQueue-0]  WARN bac.com.br.hibernate.utils.Loggin:23 - alterado cadastro de um novo colaborador com o id12 com os itens:ALEKSANDRO MANUEL DA COSTA;8585;Mon Sep 03 00:00:00 BRT 1979;Wed May 26 00:00:00 BRT 2004;bac.com.br.hibernate.entidade.Funcao[ id=97 ]
20/09/19 16:16 [AWT-EventQueue-0]  WARN bac.com.br.hibernate.utils.Loggin:23 - alterado cadastro de um novo colaborador com o id146 com os itens:JOCINEI MENDES DE ALMEIDA;8587;Fri Oct 10 00:00:00 BRT 1980;Wed May 26 00:00:00 BRT 2004;bac.com.br.hibernate.entidade.Funcao[ id=40 ]
20/09/19 16:25 [AWT-EventQueue-0]  WARN bac.com.br.hibernate.utils.Loggin:23 - alterado cadastro de um novo colaborador com o id214 com os itens:MARCOS FRANCISCO PINTO;8589;Fri Nov 11 00:00:00 BRT 1977;Wed May 26 00:00:00 BRT 2004;bac.com.br.hibernate.entidade.Funcao[ id=54 ]
20/09/19 16:30 [AWT-EventQueue-0]  WARN bac.com.br.hibernate.utils.Loggin:23 - alterado cadastro de um novo colaborador com o id104 com os itens:FERNANDES MARQUES;8593;Thu Jan 26 00:00:00 BRT 1984;Thu Jul 29 00:00:00 BRT 2004;bac.com.br.hibernate.entidade.Funcao[ id=70 ]
20/09/19 16:40 [AWT-EventQueue-0]  WARN bac.com.br.hibernate.utils.Loggin:23 - alterado cadastro de um novo colaborador com o id291 com os itens:SIDNEI BECKIS;8594;Fri Dec 19 00:00:00 BRT 1975;Thu Jul 29 00:00:00 BRT 2004;bac.com.br.hibernate.entidade.Funcao[ id=54 ]
20/09/19 16:44 [AWT-EventQueue-0]  WARN bac.com.br.hibernate.utils.Loggin:23 - alterado cadastro de um novo colaborador com o id324 com os itens:WANDERLEY APARECIDO DE OLIVEIRA;8595;Mon Aug 09 00:00:00 BRT 2004;Thu Jul 22 00:00:00 BRT 1976;bac.com.br.hibernate.entidade.Funcao[ id=71 ]
20/09/19 16:54 [AWT-EventQueue-0]  WARN bac.com.br.hibernate.utils.Loggin:23 - alterado cadastro de um novo colaborador com o id74 com os itens:DIRCEU PEDROSO DOS SANTOS;8602;Sat Dec 20 00:00:00 BRT 1980;Sat Sep 25 00:00:00 BRT 2004;bac.com.br.hibernate.entidade.Funcao[ id=97 ]
20/09/19 17:03 [AWT-EventQueue-0]  WARN bac.com.br.hibernate.utils.Loggin:23 - alterado cadastro de um novo colaborador com o id182 com os itens:LINDOMAR AFONSO DA SILVA;8603;Sun Dec 29 00:00:00 BRT 1974;Mon Oct 04 00:00:00 BRT 2004;bac.com.br.hibernate.entidade.Funcao[ id=54 ]
23/09/19 07:32 [AWT-EventQueue-0]  WARN bac.com.br.hibernate.utils.Loggin:23 - realisado login com o usuario 9020
23/09/19 08:36 [AWT-EventQueue-0]  WARN bac.com.br.hibernate.utils.Loggin:23 - alterado cadastro de um novo colaborador com o id272 com os itens:ROGERIO ALBERGONI;8607;Tue May 31 00:00:00 BRT 1983;Tue Oct 05 00:00:00 BRT 2004;bac.com.br.hibernate.entidade.Funcao[ id=42 ]
23/09/19 09:18 [AWT-EventQueue-0]  WARN bac.com.br.hibernate.utils.Loggin:23 - alterado cadastro de um novo colaborador com o id63 com os itens:CLEVERSON BUENO DOS SANTOS;8610;Sun Jul 21 00:00:00 BRT 1985;Wed Oct 06 00:00:00 BRT 2004;bac.com.br.hibernate.entidade.Funcao[ id=97 ]
23/09/19 10:00 [AWT-EventQueue-0]  WARN bac.com.br.hibernate.utils.Loggin:23 - alterado cadastro de um novo colaborador com o id65 com os itens:CLODOALDO FERREIRA LOPES;8614;Sat Sep 11 00:00:00 BRT 1971;Thu Oct 07 00:00:00 BRT 2004;bac.com.br.hibernate.entidade.Funcao[ id=54 ]
23/09/19 10:28 [AWT-EventQueue-0]  WARN bac.com.br.hibernate.utils.Loggin:23 - alterado cadastro de um novo colaborador com o id268 com os itens:RODRIGO DONIZETE DA SILVA MATOS;8616;Sun Oct 14 00:00:00 BRT 1984;Fri Nov 05 00:00:00 BRST 2004;bac.com.br.hibernate.entidade.Funcao[ id=67 ]
23/09/19 10:46 [AWT-EventQueue-0]  WARN bac.com.br.hibernate.utils.Loggin:23 - alterado cadastro de um novo colaborador com o id149 com os itens:JONAS FERREIRA FRANCA;8623;Wed Feb 18 00:00:00 BRT 1981;Mon Dec 13 00:00:00 BRST 2004;bac.com.br.hibernate.entidade.Funcao[ id=57 ]
23/09/19 11:16 [AWT-EventQueue-0]  WARN bac.com.br.hibernate.utils.Loggin:23 - alterado cadastro de um novo colaborador com o id14 com os itens:ALESSANDRO APARECIDO DE SOUZA;8625;Thu Feb 20 00:00:00 BRST 1986;Thu Jan 27 00:00:00 BRST 2005;bac.com.br.hibernate.entidade.Funcao[ id=60 ]
23/09/19 14:21 [AWT-EventQueue-0]  WARN bac.com.br.hibernate.utils.Loggin:23 - alterado cadastro de um novo colaborador com o id288 com os itens:SERGIO APARECIDO DE JESUS;8626;Mon Aug 01 00:00:00 BRT 1983;Tue Feb 01 00:00:00 BRST 2005;bac.com.br.hibernate.entidade.Funcao[ id=94 ]
23/09/19 14:25 [AWT-EventQueue-0]  WARN bac.com.br.hibernate.utils.Loggin:23 - alterado cadastro de um novo colaborador com o id216 com os itens:MARIA APARECIDA CARNEIRO;8629;Thu Mar 31 00:00:00 BRT 1977;Sat Feb 26 00:00:00 BRT 2005;bac.com.br.hibernate.entidade.Funcao[ id=134 ]
23/09/19 14:59 [AWT-EventQueue-0]  WARN bac.com.br.hibernate.utils.Loggin:23 - alterado cadastro de um novo colaborador com o id157 com os itens:JOSE APARECIDO PEREIRA;8633;Fri May 08 00:00:00 BRT 1981;Wed Apr 06 00:00:00 BRT 2005;bac.com.br.hibernate.entidade.Funcao[ id=55 ]
23/09/19 17:18 [AWT-EventQueue-0]  WARN bac.com.br.hibernate.utils.Loggin:23 - realisado login com o usuario 9020
23/09/19 17:23 [AWT-EventQueue-0]  WARN bac.com.br.hibernate.utils.Loggin:23 - alterado cadastro de um novo colaborador com o id157 com os itens:JOSE APARECIDO PEREIRA;8633;Fri May 08 00:00:00 BRT 1981;Wed Apr 06 00:00:00 BRT 2005;bac.com.br.hibernate.entidade.Funcao[ id=54 ]
24/09/19 08:40 [AWT-EventQueue-0]  WARN bac.com.br.hibernate.utils.Loggin:23 - realisado login com o usuario 9020
24/09/19 08:49 [AWT-EventQueue-0]  WARN bac.com.br.hibernate.utils.Loggin:23 - alterado cadastro de um novo colaborador com o id306 com os itens:VALDECI SILVA SIMOES ;8634;Mon Nov 29 00:00:00 BRT 1982;Wed Apr 06 00:00:00 BRT 2005;bac.com.br.hibernate.entidade.Funcao[ id=60 ]
24/09/19 08:49 [AWT-EventQueue-0]  WARN org.hibernate.engine.jdbc.spi.SqlExceptionHelper:145 - SQL Error: 0, SQLState: S1009
24/09/19 08:49 [AWT-EventQueue-0] ERROR org.hibernate.engine.jdbc.spi.SqlExceptionHelper:147 - Value '0000-00-00' can not be represented as java.sql.Date
24/09/19 08:50 [AWT-EventQueue-0]  WARN bac.com.br.hibernate.utils.Loggin:23 - realisado login com o usuario 9020
24/09/19 08:55 [AWT-EventQueue-0]  WARN org.hibernate.engine.jdbc.spi.SqlExceptionHelper:145 - SQL Error: 0, SQLState: S1009
24/09/19 08:55 [AWT-EventQueue-0] ERROR org.hibernate.engine.jdbc.spi.SqlExceptionHelper:147 - Value '0000-00-00' can not be represented as java.sql.Date
24/09/19 08:56 [AWT-EventQueue-0]  WARN bac.com.br.hibernate.utils.Loggin:23 - realisado login com o usuario 9020
24/09/19 08:56 [AWT-EventQueue-0]  WARN org.hibernate.engine.jdbc.spi.SqlExceptionHelper:145 - SQL Error: 0, SQLState: S1009
24/09/19 08:56 [AWT-EventQueue-0] ERROR org.hibernate.engine.jdbc.spi.SqlExceptionHelper:147 - Value '0000-00-00' can not be represented as java.sql.Date
24/09/19 08:57 [AWT-EventQueue-0]  WARN bac.com.br.hibernate.utils.Loggin:23 - realisado login com o usuario 9020
24/09/19 09:01 [AWT-EventQueue-0]  WARN bac.com.br.hibernate.utils.Loggin:23 - alterado cadastro de um novo colaborador com o id142 com os itens:JOAO MARIA DE FATIMA ALVES;8637;Tue Dec 30 00:00:00 BRST 1986;Wed Apr 06 00:00:00 BRT 2005;bac.com.br.hibernate.entidade.Funcao[ id=49 ]
24/09/19 09:17 [AWT-EventQueue-0]  WARN org.hibernate.engine.jdbc.spi.SqlExceptionHelper:145 - SQL Error: 0, SQLState: S1009
24/09/19 09:17 [AWT-EventQueue-0] ERROR org.hibernate.engine.jdbc.spi.SqlExceptionHelper:147 - Value '0000-00-00' can not be represented as java.sql.Date
24/09/19 09:19 [AWT-EventQueue-0]  WARN bac.com.br.hibernate.utils.Loggin:23 - realisado login com o usuario 9020
24/09/19 11:10 [AWT-EventQueue-0]  WARN bac.com.br.hibernate.utils.Loggin:23 - realisado login com o usuario 9020
24/09/19 11:18 [AWT-EventQueue-0]  WARN bac.com.br.hibernate.utils.Loggin:23 - alterado cadastro de um novo colaborador com o id236 com os itens:ORESTE AZEVEDO DA SILVA;8646;Sun Mar 20 00:00:00 BRT 1983;Fri May 06 00:00:00 BRT 2005;bac.com.br.hibernate.entidade.Funcao[ id=40 ]
24/09/19 13:28 [AWT-EventQueue-0]  WARN bac.com.br.hibernate.utils.Loggin:23 - realisado login com o usuario 9020
24/09/19 13:32 [AWT-EventQueue-0]  WARN bac.com.br.hibernate.utils.Loggin:23 - alterado cadastro de um novo colaborador com o id212 com os itens:MARCOS DE CAMARGO;8647;Wed May 22 00:00:00 BRT 1985;Fri May 06 00:00:00 BRT 2005;bac.com.br.hibernate.entidade.Funcao[ id=84 ]
24/09/19 13:46 [AWT-EventQueue-0]  WARN bac.com.br.hibernate.utils.Loggin:23 - alterado cadastro de um novo colaborador com o id129 com os itens:JEAN MARCIO FERREIRA;8649;Thu Apr 30 00:00:00 BRT 1981;Thu May 19 00:00:00 BRT 2005;bac.com.br.hibernate.entidade.Funcao[ id=54 ]
24/09/19 15:38 [AWT-EventQueue-0]  WARN bac.com.br.hibernate.utils.Loggin:23 - alterado cadastro de um novo colaborador com o id339 com os itens:FABIO JUNIOR MARTINS SIMAO;8983;Fri Sep 04 00:00:00 BRT 2015;Fri Sep 04 00:00:00 BRT 2015;bac.com.br.hibernate.entidade.Funcao[ id=97 ]
24/09/19 15:44 [AWT-EventQueue-0]  WARN bac.com.br.hibernate.utils.Loggin:23 - alterado cadastro de um novo colaborador com o id196 com os itens:LUIZ ETERNO CAXIADO;8650;Thu Jan 31 00:00:00 BRT 1985;Thu May 19 00:00:00 BRT 2005;bac.com.br.hibernate.entidade.Funcao[ id=54 ]
24/09/19 16:07 [AWT-EventQueue-0]  WARN bac.com.br.hibernate.utils.Loggin:23 - realisado login com o usuario 9020
24/09/19 16:07 [AWT-EventQueue-0]  WARN bac.com.br.hibernate.utils.Loggin:23 - alterado cadastro de um novo colaborador com o id75 com os itens:DONIZETE CARVALHO MACEDO;8961;Mon Oct 17 00:00:00 BRST 1994;Mon Dec 02 00:00:00 BRST 2013;bac.com.br.hibernate.entidade.Funcao[ id=92 ]
24/09/19 16:26 [AWT-EventQueue-0]  WARN bac.com.br.hibernate.utils.Loggin:23 - alterado cadastro de um novo colaborador com o id125 com os itens:ISRAEL APARECIDO JORGE;8651;Wed Jul 26 00:00:00 BRT 1978;Thu May 19 00:00:00 BRT 2005;bac.com.br.hibernate.entidade.Funcao[ id=55 ]
24/09/19 16:36 [AWT-EventQueue-0]  WARN bac.com.br.hibernate.utils.Loggin:23 - alterado cadastro de um novo colaborador com o id125 com os itens:ISRAEL APARECIDO JORGE;8651;Wed Jul 26 00:00:00 BRT 1978;Thu May 19 00:00:00 BRT 2005;bac.com.br.hibernate.entidade.Funcao[ id=40 ]
24/09/19 16:49 [AWT-EventQueue-0]  WARN bac.com.br.hibernate.utils.Loggin:23 - alterado cadastro de um novo colaborador com o id101 com os itens:EZIQUEL RODRIGUES DOS SANTOS VALIM;8653;Tue Apr 03 00:00:00 BRT 1984;Wed Jun 01 00:00:00 BRT 2005;bac.com.br.hibernate.entidade.Funcao[ id=102 ]
24/09/19 17:04 [AWT-EventQueue-0]  WARN bac.com.br.hibernate.utils.Loggin:23 - alterado cadastro de um novo colaborador com o id86 com os itens:EDSON APARECIDO DE LIMA;8656;Thu Aug 16 00:00:00 BRT 1979;Thu Jun 23 00:00:00 BRT 2005;bac.com.br.hibernate.entidade.Funcao[ id=40 ]
24/09/19 17:15 [AWT-EventQueue-0]  WARN bac.com.br.hibernate.utils.Loggin:23 - alterado cadastro de um novo colaborador com o id257 com os itens:REINALDO EDSON FERREIRA;8662;Thu Jun 19 00:00:00 BRT 1980;Wed Aug 10 00:00:00 BRT 2005;bac.com.br.hibernate.entidade.Funcao[ id=40 ]
25/09/19 07:40 [AWT-EventQueue-0]  WARN bac.com.br.hibernate.utils.Loggin:23 - realisado login com o usuario 9020
25/09/19 08:22 [AWT-EventQueue-0]  WARN bac.com.br.hibernate.utils.Loggin:23 - alterado cadastro de um novo colaborador com o id148 com os itens:JONAS ALVES DA SILVA;8666;Mon May 14 00:00:00 BRT 1984;Mon Aug 22 00:00:00 BRT 2005;bac.com.br.hibernate.entidade.Funcao[ id=57 ]
25/09/19 08:29 [AWT-EventQueue-0]  WARN bac.com.br.hibernate.utils.Loggin:23 - alterado cadastro de um novo colaborador com o id29 com os itens:ANDERSON LUIS WEISS;8671;Thu Jul 07 00:00:00 BRT 1977;Wed Sep 14 00:00:00 BRT 2005;bac.com.br.hibernate.entidade.Funcao[ id=73 ]
25/09/19 08:38 [AWT-EventQueue-0]  WARN bac.com.br.hibernate.utils.Loggin:23 - alterado cadastro de um novo colaborador com o id205 com os itens:MARCELO SOARES DA SILVA;8673;Thu Aug 02 00:00:00 BRT 1984;Tue Sep 27 00:00:00 BRT 2005;bac.com.br.hibernate.entidade.Funcao[ id=60 ]
25/09/19 08:54 [AWT-EventQueue-0]  WARN org.hibernate.engine.jdbc.spi.SqlExceptionHelper:145 - SQL Error: 0, SQLState: S1009
25/09/19 08:54 [AWT-EventQueue-0] ERROR org.hibernate.engine.jdbc.spi.SqlExceptionHelper:147 - Value '0000-00-00' can not be represented as java.sql.Date
25/09/19 08:55 [AWT-EventQueue-0]  WARN bac.com.br.hibernate.utils.Loggin:23 - realisado login com o usuario 9020
26/09/19 07:25 [AWT-EventQueue-0]  WARN bac.com.br.hibernate.utils.Loggin:23 - realisado login com o usuario 9020
26/09/19 09:14 [AWT-EventQueue-0]  WARN bac.com.br.hibernate.utils.Loggin:23 - realisado login com o usuario 9020
26/09/19 11:08 [AWT-EventQueue-0]  WARN bac.com.br.hibernate.utils.Loggin:23 - realisado login com o usuario 9020
26/09/19 11:28 [AWT-EventQueue-0]  WARN org.hibernate.engine.jdbc.spi.SqlExceptionHelper:145 - SQL Error: 0, SQLState: S1009
26/09/19 11:28 [AWT-EventQueue-0] ERROR org.hibernate.engine.jdbc.spi.SqlExceptionHelper:147 - Value '0000-00-00' can not be represented as java.sql.Date
26/09/19 11:33 [AWT-EventQueue-0]  WARN bac.com.br.hibernate.utils.Loggin:23 - realisado login com o usuario 9020
26/09/19 13:28 [AWT-EventQueue-0]  WARN org.hibernate.engine.jdbc.spi.SqlExceptionHelper:145 - SQL Error: 0, SQLState: S1009
26/09/19 13:28 [AWT-EventQueue-0] ERROR org.hibernate.engine.jdbc.spi.SqlExceptionHelper:147 - Value '0000-00-00' can not be represented as java.sql.Date
26/09/19 13:29 [AWT-EventQueue-0]  WARN bac.com.br.hibernate.utils.Loggin:23 - realisado login com o usuario 9020
26/09/19 13:38 [AWT-EventQueue-0]  WARN bac.com.br.hibernate.utils.Loggin:23 - alterado cadastro de um novo colaborador com o id93 com os itens:ELSON DE JESUS MELO;8674;Thu Nov 07 00:00:00 BRST 1985;Tue Sep 27 00:00:00 BRT 2005;bac.com.br.hibernate.entidade.Funcao[ id=40 ]
26/09/19 13:39 [AWT-EventQueue-0]  WARN org.hibernate.engine.jdbc.spi.SqlExceptionHelper:145 - SQL Error: 0, SQLState: S1009
26/09/19 13:39 [AWT-EventQueue-0] ERROR org.hibernate.engine.jdbc.spi.SqlExceptionHelper:147 - Value '0000-00-00' can not be represented as java.sql.Date
26/09/19 13:40 [AWT-EventQueue-0]  WARN bac.com.br.hibernate.utils.Loggin:23 - realisado login com o usuario 9020
26/09/19 14:01 [AWT-EventQueue-0]  WARN bac.com.br.hibernate.utils.Loggin:23 - alterado cadastro de um novo colaborador com o id271 com os itens:RODRIGO PINTO TREVIZAN;8677;Mon May 26 00:00:00 BRT 1986;Tue Sep 27 00:00:00 BRT 2005;bac.com.br.hibernate.entidade.Funcao[ id=69 ]
26/09/19 14:36 [AWT-EventQueue-0]  WARN bac.com.br.hibernate.utils.Loggin:23 - alterado cadastro de um novo colaborador com o id283 com os itens:SAMUEL GERALDO DA SILVA;8679;Mon Jun 13 00:00:00 BRT 1983;Tue Sep 27 00:00:00 BRT 2005;bac.com.br.hibernate.entidade.Funcao[ id=40 ]
26/09/19 14:37 [AWT-EventQueue-0]  WARN org.hibernate.engine.jdbc.spi.SqlExceptionHelper:145 - SQL Error: 0, SQLState: S1009
26/09/19 14:37 [AWT-EventQueue-0] ERROR org.hibernate.engine.jdbc.spi.SqlExceptionHelper:147 - Value '0000-00-00' can not be represented as java.sql.Date
26/09/19 14:40 [AWT-EventQueue-0]  WARN bac.com.br.hibernate.utils.Loggin:23 - realisado login com o usuario 9020
26/09/19 14:46 [AWT-EventQueue-0]  WARN bac.com.br.hibernate.utils.Loggin:23 - realisado login com o usuario 9020
26/09/19 15:03 [AWT-EventQueue-0]  WARN bac.com.br.hibernate.utils.Loggin:23 - alterado cadastro de um novo colaborador com o id96 com os itens:EMERSON DANTAS DA SILVA;8682;Wed Jul 06 00:00:00 BRT 1983;Tue Oct 04 00:00:00 BRT 2005;bac.com.br.hibernate.entidade.Funcao[ id=84 ]
26/09/19 15:12 [AWT-EventQueue-0]  WARN bac.com.br.hibernate.utils.Loggin:23 - alterado cadastro de um novo colaborador com o id239 com os itens:OSWALDO LUIZ BORELLI JUNIOR;8683;Sat Feb 16 00:00:00 BRT 1980;Mon Oct 10 00:00:00 BRT 2005;bac.com.br.hibernate.entidade.Funcao[ id=36 ]
26/09/19 15:39 [AWT-EventQueue-0]  WARN bac.com.br.hibernate.utils.Loggin:23 - alterado cadastro de um novo colaborador com o id130 com os itens:JEFERSON DE ALMEIDA SOLA;8684;Tue Sep 01 00:00:00 BRT 1987;Sat Nov 05 00:00:00 BRST 2005;bac.com.br.hibernate.entidade.Funcao[ id=9 ]
26/09/19 15:51 [AWT-EventQueue-0]  WARN bac.com.br.hibernate.utils.Loggin:23 - alterado cadastro de um novo colaborador com o id130 com os itens:JEFERSON DE ALMEIDA SOLA;8684;Tue Sep 01 00:00:00 BRT 1987;Sat Nov 05 00:00:00 BRST 2005;bac.com.br.hibernate.entidade.Funcao[ id=40 ]
26/09/19 16:48 [AWT-EventQueue-0]  WARN bac.com.br.hibernate.utils.Loggin:23 - realisado login com o usuario 9020
26/09/19 16:49 [AWT-EventQueue-0]  WARN bac.com.br.hibernate.utils.Loggin:23 - alterado cadastro de um novo colaborador com o id440 com os itens:AMARILDO BENTO;5346;Wed Apr 13 00:00:00 BRT 1983;Tue Jul 25 00:00:00 BRT 1961;bac.com.br.hibernate.entidade.Funcao[ id=167 ]
27/09/19 10:30 [AWT-EventQueue-0]  WARN bac.com.br.hibernate.utils.Loggin:23 - realisado login com o usuario 9020
27/09/19 10:59 [AWT-EventQueue-0]  WARN bac.com.br.hibernate.utils.Loggin:23 - realisado login com o usuario 9020
30/09/19 08:43 [AWT-EventQueue-0]  WARN bac.com.br.hibernate.utils.Loggin:23 - realisado login com o usuario 9020
30/09/19 09:10 [AWT-EventQueue-0]  WARN bac.com.br.hibernate.utils.Loggin:23 - alterado cadastro de um novo colaborador com o id230 com os itens:NICACIO FERREIRA;8685;Wed Dec 10 00:00:00 BRT 1975;Wed Nov 09 00:00:00 BRST 2005;bac.com.br.hibernate.entidade.Funcao[ id=40 ]
30/09/19 09:26 [AWT-EventQueue-0]  WARN bac.com.br.hibernate.utils.Loggin:23 - alterado cadastro de um novo colaborador com o id150 com os itens:JONAS JUSTINO DA SILVA;8689;Wed Jul 04 00:00:00 BRT 1973;Fri Dec 02 00:00:00 BRST 2005;bac.com.br.hibernate.entidade.Funcao[ id=98 ]
30/09/19 09:39 [AWT-EventQueue-0]  WARN bac.com.br.hibernate.utils.Loggin:23 - alterado cadastro de um novo colaborador com o id232 com os itens:OCIMAR GONCALVES DOS SANTOS;8700;Tue Jul 31 00:00:00 BRT 1973;Tue Mar 07 00:00:00 BRT 2006;bac.com.br.hibernate.entidade.Funcao[ id=66 ]
30/09/19 09:55 [AWT-EventQueue-0]  WARN bac.com.br.hibernate.utils.Loggin:23 - alterado cadastro de um novo colaborador com o id256 com os itens:REGINALDO CASTILHO DOS SANTOS;8708;Tue Aug 23 00:00:00 BRT 1983;Thu Mar 23 00:00:00 BRT 2006;bac.com.br.hibernate.entidade.Funcao[ id=60 ]
30/09/19 10:18 [AWT-EventQueue-0]  WARN bac.com.br.hibernate.utils.Loggin:23 - alterado cadastro de um novo colaborador com o id7 com os itens:ADRIANO BARBOSA;8711;Sat Mar 28 00:00:00 BRT 1987;Mon Apr 24 00:00:00 BRT 2006;bac.com.br.hibernate.entidade.Funcao[ id=72 ]
30/09/19 10:28 [AWT-EventQueue-0]  WARN bac.com.br.hibernate.utils.Loggin:23 - alterado cadastro de um novo colaborador com o id202 com os itens:MARCELO GONCALVES DOS SANTOS;8713;Sat Sep 16 00:00:00 BRT 1978;Mon Apr 24 00:00:00 BRT 2006;bac.com.br.hibernate.entidade.Funcao[ id=75 ]
30/09/19 10:43 [AWT-EventQueue-0]  WARN bac.com.br.hibernate.utils.Loggin:23 - alterado cadastro de um novo colaborador com o id107 com os itens:GENIVALDO FERREIRA;8720;Sat Aug 27 00:00:00 BRT 1983;Mon Apr 24 00:00:00 BRT 2006;bac.com.br.hibernate.entidade.Funcao[ id=97 ]
30/09/19 16:08 [AWT-EventQueue-0]  WARN bac.com.br.hibernate.utils.Loggin:23 - realisado login com o usuario 9020
30/09/19 16:15 [AWT-EventQueue-0]  WARN bac.com.br.hibernate.utils.Loggin:23 - alterado cadastro de um novo colaborador com o id9 com os itens:AGNALDO SOARES GODOY;8723;Wed Sep 24 00:00:00 BRT 1986;Thu Apr 27 00:00:00 BRT 2006;bac.com.br.hibernate.entidade.Funcao[ id=110 ]
30/09/19 16:21 [AWT-EventQueue-0]  WARN bac.com.br.hibernate.utils.Loggin:23 - alterado cadastro de um novo colaborador com o id90 com os itens:ELENICE APARECIDA RIBEIRO;8724;Tue Aug 27 00:00:00 BRT 1974;Tue May 02 00:00:00 BRT 2006;bac.com.br.hibernate.entidade.Funcao[ id=78 ]
30/09/19 16:34 [AWT-EventQueue-0]  WARN bac.com.br.hibernate.utils.Loggin:23 - alterado cadastro de um novo colaborador com o id94 com os itens:ELTON THIAGO OLIVEIRA DE ABREU;8726;Wed Nov 12 00:00:00 BRST 1986;Tue May 16 00:00:00 BRT 2006;bac.com.br.hibernate.entidade.Funcao[ id=64 ]
30/09/19 16:46 [AWT-EventQueue-0]  WARN bac.com.br.hibernate.utils.Loggin:23 - alterado cadastro de um novo colaborador com o id31 com os itens:ANTONIEL LOURENCO DE OLIVEIRA;8728;Sun Oct 16 00:00:00 BRT 1983;Fri Jun 16 00:00:00 BRT 2006;bac.com.br.hibernate.entidade.Funcao[ id=40 ]
30/09/19 17:06 [AWT-EventQueue-0]  WARN bac.com.br.hibernate.utils.Loggin:23 - alterado cadastro de um novo colaborador com o id210 com os itens:MARCOS ALEXANDRE LOPES;8733;Fri Nov 07 00:00:00 BRST 1986;Fri Jun 23 00:00:00 BRT 2006;bac.com.br.hibernate.entidade.Funcao[ id=40 ]
01/10/19 10:39 [AWT-EventQueue-0]  WARN bac.com.br.hibernate.utils.Loggin:23 - realisado login com o usuario 9020
01/10/19 10:49 [AWT-EventQueue-0]  WARN bac.com.br.hibernate.utils.Loggin:23 - alterado cadastro de um novo colaborador com o id152 com os itens:JONAS PEREIRA DOS SANTOS;8734;Tue Aug 12 00:00:00 BRT 1975;Tue Jun 27 00:00:00 BRT 2006;bac.com.br.hibernate.entidade.Funcao[ id=97 ]
01/10/19 11:01 [AWT-EventQueue-0]  WARN bac.com.br.hibernate.utils.Loggin:23 - alterado cadastro de um novo colaborador com o id295 com os itens:SIDNEI NOVELO;8741;Tue May 23 00:00:00 BRT 1978;Mon Aug 21 00:00:00 BRT 2006;bac.com.br.hibernate.entidade.Funcao[ id=40 ]
01/10/19 11:10 [AWT-EventQueue-0]  WARN bac.com.br.hibernate.utils.Loggin:23 - criado cadastro de um novo documento com o id74 com os itens:Mot. Veiculos Leves;bac.com.br.hibernate.entidade.Setor[ id=17 ]
01/10/19 11:11 [AWT-EventQueue-0]  WARN bac.com.br.hibernate.utils.Loggin:23 - criado cadastro de um novo documento com o id84 com os itens:MOTORISTA DE TRUCK;bac.com.br.hibernate.entidade.Setor[ id=17 ]
01/10/19 11:11 [AWT-EventQueue-0]  WARN bac.com.br.hibernate.utils.Loggin:23 - criado cadastro de um novo documento com o id59 com os itens:Motorista de Toco;bac.com.br.hibernate.entidade.Setor[ id=17 ]
01/10/19 11:12 [AWT-EventQueue-0]  WARN bac.com.br.hibernate.utils.Loggin:23 - criado cadastro de um novo documento com o id58 com os itens:Motorista de Carreta;bac.com.br.hibernate.entidade.Setor[ id=17 ]
01/10/19 11:12 [AWT-EventQueue-0]  WARN bac.com.br.hibernate.utils.Loggin:23 - criado cadastro de um novo documento com o id149 com os itens:motorista;bac.com.br.hibernate.entidade.Setor[ id=17 ]
01/10/19 11:16 [AWT-EventQueue-0]  WARN bac.com.br.hibernate.utils.Loggin:23 - realisado login com o usuario 9020
01/10/19 14:08 [AWT-EventQueue-0]  WARN bac.com.br.hibernate.utils.Loggin:23 - realisado login com o usuario 9020
